-- The C compiler identification is GNU 11.4.0
-- The CXX compiler identification is GNU 11.4.0
-- Detecting C compiler ABI info
-- Detecting C compiler ABI info - done
-- Check for working C compiler: /usr/bin/cc - skipped
-- Detecting C compile features
-- Detecting C compile features - done
-- Detecting CXX compiler ABI info
-- Detecting CXX compiler ABI info - done
-- Check for working CXX compiler: /usr/bin/c++ - skipped
-- Detecting CXX compile features
-- Detecting CXX compile features - done
-- Found ament_cmake: 1.3.12 (/opt/ros/humble/share/ament_cmake/cmake)
-- Found Python3: /usr/bin/python3 (found version "3.10.12") found components: Interpreter 
-- Found rosidl_default_generators: 1.2.0 (/opt/ros/humble/share/rosidl_default_generators/cmake)
-- Using all available rosidl_typesupport_c: rosidl_typesupport_fastrtps_c;rosidl_typesupport_introspection_c
-- Found rosidl_adapter: 3.1.7 (/opt/ros/humble/share/rosidl_adapter/cmake)
-- Using all available rosidl_typesupport_cpp: rosidl_typesupport_fastrtps_cpp;rosidl_typesupport_introspection_cpp
-- Found std_msgs: 4.9.0 (/opt/ros/humble/share/std_msgs/cmake)
-- Found ament_cmake_ros: 0.10.0 (/opt/ros/humble/share/ament_cmake_ros/cmake)
-- Using all available rosidl_typesupport_c: rosidl_typesupport_fastrtps_c;rosidl_typesupport_introspection_c
-- Using all available rosidl_typesupport_cpp: rosidl_typesupport_fastrtps_cpp;rosidl_typesupport_introspection_cpp
-- Found PythonInterp: /usr/bin/python3 (found suitable version "3.10.12", minimum required is "3.6") 
-- Found python_cmake_module: 0.10.0 (/opt/ros/humble/share/python_cmake_module/cmake)
-- Found PythonLibs: /usr/lib/x86_64-linux-gnu/libpython3.10.so (found suitable version "3.10.12", minimum required is "3.5") 
-- Using PYTHON_EXECUTABLE: /usr/bin/python3
-- Using PYTHON_INCLUDE_DIRS: /usr/include/python3.10
-- Using PYTHON_LIBRARIES: /usr/lib/x86_64-linux-gnu/libpython3.10.so
-- Found PythonExtra: .so  
-- Configuring done
-- Generating done
-- Build files have been written to: /home/ubuntu/intel-edge-ai-sw-8/2601_4th_proj_dahyeon/pkgs/wifi_interface/build/wifi_interface
[  2%] [34m[1mGenerating C++ code for ROS interfaces[0m
[  2%] Built target wifi_interface__cpp
[  2%] Built target ament_cmake_python_copy_wifi_interface
[  5%] [34m[1mGenerating C++ type support for eProsima Fast-RTPS[0m
[  7%] [32mBuilding CXX object CMakeFiles/wifi_interface__rosidl_typesupport_fastrtps_cpp.dir/rosidl_typesupport_fastrtps_cpp/wifi_interface/msg/detail/dds_fastrtps/wifi_rssi__type_support.cpp.o[0m
[ 10%] [32mBuilding CXX object CMakeFiles/wifi_interface__rosidl_typesupport_fastrtps_cpp.dir/rosidl_typesupport_fastrtps_cpp/wifi_interface/msg/detail/dds_fastrtps/wifi_fused__type_support.cpp.o[0m
[ 12%] [32m[1mLinking CXX shared library libwifi_interface__rosidl_typesupport_fastrtps_cpp.so[0m
[ 12%] Built target wifi_interface__rosidl_typesupport_fastrtps_cpp
[ 15%] [34m[1mGenerating C++ introspection for ROS interfaces[0m
[ 17%] [32mBuilding CXX object CMakeFiles/wifi_interface__rosidl_typesupport_introspection_cpp.dir/rosidl_typesupport_introspection_cpp/wifi_interface/msg/detail/wifi_rssi__type_support.cpp.o[0m
[ 20%] [32mBuilding CXX object CMakeFiles/wifi_interface__rosidl_typesupport_introspection_cpp.dir/rosidl_typesupport_introspection_cpp/wifi_interface/msg/detail/wifi_fused__type_support.cpp.o[0m
[ 23%] [32m[1mLinking CXX shared library libwifi_interface__rosidl_typesupport_introspection_cpp.so[0m
[ 23%] Built target wifi_interface__rosidl_typesupport_introspection_cpp
running egg_info
creating wifi_interface.egg-info
writing wifi_interface.egg-info/PKG-INFO
writing dependency_links to wifi_interface.egg-info/dependency_links.txt
writing top-level names to wifi_interface.egg-info/top_level.txt
writing manifest file 'wifi_interface.egg-info/SOURCES.txt'
reading manifest file 'wifi_interface.egg-info/SOURCES.txt'
writing manifest file 'wifi_interface.egg-info/SOURCES.txt'
[ 23%] Built target ament_cmake_python_build_wifi_interface_egg
[ 25%] [34m[1mGenerating C++ type support dispatch for ROS interfaces[0m
[ 28%] [32mBuilding CXX object CMakeFiles/wifi_interface__rosidl_typesupport_cpp.dir/rosidl_typesupport_cpp/wifi_interface/msg/wifi_rssi__type_support.cpp.o[0m
[ 30%] [32mBuilding CXX object CMakeFiles/wifi_interface__rosidl_typesupport_cpp.dir/rosidl_typesupport_cpp/wifi_interface/msg/wifi_fused__type_support.cpp.o[0m
[ 33%] [32m[1mLinking CXX shared library libwifi_interface__rosidl_typesupport_cpp.so[0m
[ 33%] Built target wifi_interface__rosidl_typesupport_cpp
[ 35%] [34m[1mGenerating C code for ROS interfaces[0m
[ 38%] [32mBuilding C object CMakeFiles/wifi_interface__rosidl_generator_c.dir/rosidl_generator_c/wifi_interface/msg/detail/wifi_rssi__functions.c.o[0m
[ 41%] [32mBuilding C object CMakeFiles/wifi_interface__rosidl_generator_c.dir/rosidl_generator_c/wifi_interface/msg/detail/wifi_fused__functions.c.o[0m
[ 43%] [32m[1mLinking C shared library libwifi_interface__rosidl_generator_c.so[0m
[ 43%] Built target wifi_interface__rosidl_generator_c
[ 46%] [34m[1mGenerating C type support for eProsima Fast-RTPS[0m
[ 48%] [32mBuilding CXX object CMakeFiles/wifi_interface__rosidl_typesupport_fastrtps_c.dir/rosidl_typesupport_fastrtps_c/wifi_interface/msg/detail/wifi_rssi__type_support_c.cpp.o[0m
[ 51%] [32mBuilding CXX object CMakeFiles/wifi_interface__rosidl_typesupport_fastrtps_c.dir/rosidl_typesupport_fastrtps_c/wifi_interface/msg/detail/wifi_fused__type_support_c.cpp.o[0m
[ 53%] [32m[1mLinking CXX shared library libwifi_interface__rosidl_typesupport_fastrtps_c.so[0m
[ 53%] Built target wifi_interface__rosidl_typesupport_fastrtps_c
[ 56%] [34m[1mGenerating C type support dispatch for ROS interfaces[0m
[ 58%] [32mBuilding CXX object CMakeFiles/wifi_interface__rosidl_typesupport_c.dir/rosidl_typesupport_c/wifi_interface/msg/wifi_rssi__type_support.cpp.o[0m
[ 61%] [32mBuilding CXX object CMakeFiles/wifi_interface__rosidl_typesupport_c.dir/rosidl_typesupport_c/wifi_interface/msg/wifi_fused__type_support.cpp.o[0m
[ 64%] [32m[1mLinking CXX shared library libwifi_interface__rosidl_typesupport_c.so[0m
[ 64%] Built target wifi_interface__rosidl_typesupport_c
[ 66%] [34m[1mGenerating C introspection for ROS interfaces[0m
[ 69%] [32mBuilding C object CMakeFiles/wifi_interface__rosidl_typesupport_introspection_c.dir/rosidl_typesupport_introspection_c/wifi_interface/msg/detail/wifi_rssi__type_support.c.o[0m
[ 71%] [32mBuilding C object CMakeFiles/wifi_interface__rosidl_typesupport_introspection_c.dir/rosidl_typesupport_introspection_c/wifi_interface/msg/detail/wifi_fused__type_support.c.o[0m
[ 74%] [32m[1mLinking C shared library libwifi_interface__rosidl_typesupport_introspection_c.so[0m
[ 74%] Built target wifi_interface__rosidl_typesupport_introspection_c
[ 74%] Built target wifi_interface
[ 76%] [34m[1mGenerating Python code for ROS interfaces[0m
[ 76%] Built target wifi_interface__py
[ 79%] [32mBuilding C object CMakeFiles/wifi_interface__rosidl_generator_py.dir/rosidl_generator_py/wifi_interface/msg/_wifi_rssi_s.c.o[0m
[ 82%] [32mBuilding C object CMakeFiles/wifi_interface__rosidl_generator_py.dir/rosidl_generator_py/wifi_interface/msg/_wifi_fused_s.c.o[0m
[ 84%] [32m[1mLinking C shared library rosidl_generator_py/wifi_interface/libwifi_interface__rosidl_generator_py.so[0m
[ 84%] Built target wifi_interface__rosidl_generator_py
[ 87%] [32mBuilding C object CMakeFiles/wifi_interface__rosidl_typesupport_fastrtps_c__pyext.dir/rosidl_generator_py/wifi_interface/_wifi_interface_s.ep.rosidl_typesupport_fastrtps_c.c.o[0m
[ 89%] [32m[1mLinking C shared library rosidl_generator_py/wifi_interface/wifi_interface_s__rosidl_typesupport_fastrtps_c.cpython-310-x86_64-linux-gnu.so[0m
[ 89%] Built target wifi_interface__rosidl_typesupport_fastrtps_c__pyext
[ 92%] [32mBuilding C object CMakeFiles/wifi_interface__rosidl_typesupport_c__pyext.dir/rosidl_generator_py/wifi_interface/_wifi_interface_s.ep.rosidl_typesupport_c.c.o[0m
[ 94%] [32m[1mLinking C shared library rosidl_generator_py/wifi_interface/wifi_interface_s__rosidl_typesupport_c.cpython-310-x86_64-linux-gnu.so[0m
[ 94%] Built target wifi_interface__rosidl_typesupport_c__pyext
[ 97%] [32mBuilding C object CMakeFiles/wifi_interface__rosidl_typesupport_introspection_c__pyext.dir/rosidl_generator_py/wifi_interface/_wifi_interface_s.ep.rosidl_typesupport_introspection_c.c.o[0m
[100%] [32m[1mLinking C shared library rosidl_generator_py/wifi_interface/wifi_interface_s__rosidl_typesupport_introspection_c.cpython-310-x86_64-linux-gnu.so[0m
[100%] Built target wifi_interface__rosidl_typesupport_introspection_c__pyext
-- Install configuration: ""
-- Installing: /home/ubuntu/intel-edge-ai-sw-8/2601_4th_proj_dahyeon/pkgs/wifi_interface/install/wifi_interface/share/ament_index/resource_index/rosidl_interfaces/wifi_interface
-- Installing: /home/ubuntu/intel-edge-ai-sw-8/2601_4th_proj_dahyeon/pkgs/wifi_interface/install/wifi_interface/include/wifi_interface/wifi_interface
-- Installing: /home/ubuntu/intel-edge-ai-sw-8/2601_4th_proj_dahyeon/pkgs/wifi_interface/install/wifi_interface/include/wifi_interface/wifi_interface/msg
-- Installing: /home/ubuntu/intel-edge-ai-sw-8/2601_4th_proj_dahyeon/pkgs/wifi_interface/install/wifi_interface/include/wifi_interface/wifi_interface/msg/wifi_rssi.h
-- Installing: /home/ubuntu/intel-edge-ai-sw-8/2601_4th_proj_dahyeon/pkgs/wifi_interface/install/wifi_interface/include/wifi_interface/wifi_interface/msg/rosidl_generator_c__visibility_control.h
-- Installing: /home/ubuntu/intel-edge-ai-sw-8/2601_4th_proj_dahyeon/pkgs/wifi_interface/install/wifi_interface/include/wifi_interface/wifi_interface/msg/detail
-- Installing: /home/ubuntu/intel-edge-ai-sw-8/2601_4th_proj_dahyeon/pkgs/wifi_interface/install/wifi_interface/include/wifi_interface/wifi_interface/msg/detail/wifi_fused__struct.h
-- Installing: /home/ubuntu/intel-edge-ai-sw-8/2601_4th_proj_dahyeon/pkgs/wifi_interface/install/wifi_interface/include/wifi_interface/wifi_interface/msg/detail/wifi_fused__type_support.h
-- Installing: /home/ubuntu/intel-edge-ai-sw-8/2601_4th_proj_dahyeon/pkgs/wifi_interface/install/wifi_interface/include/wifi_interface/wifi_interface/msg/detail/wifi_rssi__functions.c
-- Installing: /home/ubuntu/intel-edge-ai-sw-8/2601_4th_proj_dahyeon/pkgs/wifi_interface/install/wifi_interface/include/wifi_interface/wifi_interface/msg/detail/wifi_rssi__type_support.h
-- Installing: /home/ubuntu/intel-edge-ai-sw-8/2601_4th_proj_dahyeon/pkgs/wifi_interface/install/wifi_interface/include/wifi_interface/wifi_interface/msg/detail/wifi_rssi__functions.h
-- Installing: /home/ubuntu/intel-edge-ai-sw-8/2601_4th_proj_dahyeon/pkgs/wifi_interface/install/wifi_interface/include/wifi_interface/wifi_interface/msg/detail/wifi_fused__functions.h
-- Installing: /home/ubuntu/intel-edge-ai-sw-8/2601_4th_proj_dahyeon/pkgs/wifi_interface/install/wifi_interface/include/wifi_interface/wifi_interface/msg/detail/wifi_rssi__struct.h
-- Installing: /home/ubuntu/intel-edge-ai-sw-8/2601_4th_proj_dahyeon/pkgs/wifi_interface/install/wifi_interface/include/wifi_interface/wifi_interface/msg/detail/wifi_fused__functions.c
-- Installing: /home/ubuntu/intel-edge-ai-sw-8/2601_4th_proj_dahyeon/pkgs/wifi_interface/install/wifi_interface/include/wifi_interface/wifi_interface/msg/wifi_fused.h
-- Installing: /home/ubuntu/intel-edge-ai-sw-8/2601_4th_proj_dahyeon/pkgs/wifi_interface/install/wifi_interface/share/wifi_interface/environment/library_path.sh
-- Installing: /home/ubuntu/intel-edge-ai-sw-8/2601_4th_proj_dahyeon/pkgs/wifi_interface/install/wifi_interface/share/wifi_interface/environment/library_path.dsv
-- Installing: /home/ubuntu/intel-edge-ai-sw-8/2601_4th_proj_dahyeon/pkgs/wifi_interface/install/wifi_interface/lib/libwifi_interface__rosidl_generator_c.so
-- Set runtime path of "/home/ubuntu/intel-edge-ai-sw-8/2601_4th_proj_dahyeon/pkgs/wifi_interface/install/wifi_interface/lib/libwifi_interface__rosidl_generator_c.so" to ""
-- Up-to-date: /home/ubuntu/intel-edge-ai-sw-8/2601_4th_proj_dahyeon/pkgs/wifi_interface/install/wifi_interface/include/wifi_interface/wifi_interface
-- Up-to-date: /home/ubuntu/intel-edge-ai-sw-8/2601_4th_proj_dahyeon/pkgs/wifi_interface/install/wifi_interface/include/wifi_interface/wifi_interface/msg
-- Installing: /home/ubuntu/intel-edge-ai-sw-8/2601_4th_proj_dahyeon/pkgs/wifi_interface/install/wifi_interface/include/wifi_interface/wifi_interface/msg/rosidl_typesupport_fastrtps_c__visibility_control.h
-- Up-to-date: /home/ubuntu/intel-edge-ai-sw-8/2601_4th_proj_dahyeon/pkgs/wifi_interface/install/wifi_interface/include/wifi_interface/wifi_interface/msg/detail
-- Installing: /home/ubuntu/intel-edge-ai-sw-8/2601_4th_proj_dahyeon/pkgs/wifi_interface/install/wifi_interface/include/wifi_interface/wifi_interface/msg/detail/wifi_rssi__rosidl_typesupport_fastrtps_c.h
-- Installing: /home/ubuntu/intel-edge-ai-sw-8/2601_4th_proj_dahyeon/pkgs/wifi_interface/install/wifi_interface/include/wifi_interface/wifi_interface/msg/detail/wifi_fused__rosidl_typesupport_fastrtps_c.h
-- Installing: /home/ubuntu/intel-edge-ai-sw-8/2601_4th_proj_dahyeon/pkgs/wifi_interface/install/wifi_interface/lib/libwifi_interface__rosidl_typesupport_fastrtps_c.so
-- Set runtime path of "/home/ubuntu/intel-edge-ai-sw-8/2601_4th_proj_dahyeon/pkgs/wifi_interface/install/wifi_interface/lib/libwifi_interface__rosidl_typesupport_fastrtps_c.so" to ""
-- Up-to-date: /home/ubuntu/intel-edge-ai-sw-8/2601_4th_proj_dahyeon/pkgs/wifi_interface/install/wifi_interface/include/wifi_interface/wifi_interface
-- Up-to-date: /home/ubuntu/intel-edge-ai-sw-8/2601_4th_proj_dahyeon/pkgs/wifi_interface/install/wifi_interface/include/wifi_interface/wifi_interface/msg
-- Up-to-date: /home/ubuntu/intel-edge-ai-sw-8/2601_4th_proj_dahyeon/pkgs/wifi_interface/install/wifi_interface/include/wifi_interface/wifi_interface/msg/detail
-- Installing: /home/ubuntu/intel-edge-ai-sw-8/2601_4th_proj_dahyeon/pkgs/wifi_interface/install/wifi_interface/include/wifi_interface/wifi_interface/msg/detail/wifi_rssi__rosidl_typesupport_introspection_c.h
-- Installing: /home/ubuntu/intel-edge-ai-sw-8/2601_4th_proj_dahyeon/pkgs/wifi_interface/install/wifi_interface/include/wifi_interface/wifi_interface/msg/detail/wifi_fused__rosidl_typesupport_introspection_c.h
-- Installing: /home/ubuntu/intel-edge-ai-sw-8/2601_4th_proj_dahyeon/pkgs/wifi_interface/install/wifi_interface/include/wifi_interface/wifi_interface/msg/detail/wifi_rssi__type_support.c
-- Installing: /home/ubuntu/intel-edge-ai-sw-8/2601_4th_proj_dahyeon/pkgs/wifi_interface/install/wifi_interface/include/wifi_interface/wifi_interface/msg/detail/wifi_fused__type_support.c
-- Installing: /home/ubuntu/intel-edge-ai-sw-8/2601_4th_proj_dahyeon/pkgs/wifi_interface/install/wifi_interface/include/wifi_interface/wifi_interface/msg/rosidl_typesupport_introspection_c__visibility_control.h
-- Installing: /home/ubuntu/intel-edge-ai-sw-8/2601_4th_proj_dahyeon/pkgs/wifi_interface/install/wifi_interface/lib/libwifi_interface__rosidl_typesupport_introspection_c.so
-- Set runtime path of "/home/ubuntu/intel-edge-ai-sw-8/2601_4th_proj_dahyeon/pkgs/wifi_interface/install/wifi_interface/lib/libwifi_interface__rosidl_typesupport_introspection_c.so" to ""
-- Installing: /home/ubuntu/intel-edge-ai-sw-8/2601_4th_proj_dahyeon/pkgs/wifi_interface/install/wifi_interface/lib/libwifi_interface__rosidl_typesupport_c.so
-- Set runtime path of "/home/ubuntu/intel-edge-ai-sw-8/2601_4th_proj_dahyeon/pkgs/wifi_interface/install/wifi_interface/lib/libwifi_interface__rosidl_typesupport_c.so" to ""
-- Up-to-date: /home/ubuntu/intel-edge-ai-sw-8/2601_4th_proj_dahyeon/pkgs/wifi_interface/install/wifi_interface/include/wifi_interface/wifi_interface
-- Up-to-date: /home/ubuntu/intel-edge-ai-sw-8/2601_4th_proj_dahyeon/pkgs/wifi_interface/install/wifi_interface/include/wifi_interface/wifi_interface/msg
-- Installing: /home/ubuntu/intel-edge-ai-sw-8/2601_4th_proj_dahyeon/pkgs/wifi_interface/install/wifi_interface/include/wifi_interface/wifi_interface/msg/wifi_fused.hpp
-- Installing: /home/ubuntu/intel-edge-ai-sw-8/2601_4th_proj_dahyeon/pkgs/wifi_interface/install/wifi_interface/include/wifi_interface/wifi_interface/msg/rosidl_generator_cpp__visibility_control.hpp
-- Up-to-date: /home/ubuntu/intel-edge-ai-sw-8/2601_4th_proj_dahyeon/pkgs/wifi_interface/install/wifi_interface/include/wifi_interface/wifi_interface/msg/detail
-- Installing: /home/ubuntu/intel-edge-ai-sw-8/2601_4th_proj_dahyeon/pkgs/wifi_interface/install/wifi_interface/include/wifi_interface/wifi_interface/msg/detail/wifi_rssi__builder.hpp
-- Installing: /home/ubuntu/intel-edge-ai-sw-8/2601_4th_proj_dahyeon/pkgs/wifi_interface/install/wifi_interface/include/wifi_interface/wifi_interface/msg/detail/wifi_fused__traits.hpp
-- Installing: /home/ubuntu/intel-edge-ai-sw-8/2601_4th_proj_dahyeon/pkgs/wifi_interface/install/wifi_interface/include/wifi_interface/wifi_interface/msg/detail/wifi_rssi__type_support.hpp
-- Installing: /home/ubuntu/intel-edge-ai-sw-8/2601_4th_proj_dahyeon/pkgs/wifi_interface/install/wifi_interface/include/wifi_interface/wifi_interface/msg/detail/wifi_fused__struct.hpp
-- Installing: /home/ubuntu/intel-edge-ai-sw-8/2601_4th_proj_dahyeon/pkgs/wifi_interface/install/wifi_interface/include/wifi_interface/wifi_interface/msg/detail/wifi_rssi__traits.hpp
-- Installing: /home/ubuntu/intel-edge-ai-sw-8/2601_4th_proj_dahyeon/pkgs/wifi_interface/install/wifi_interface/include/wifi_interface/wifi_interface/msg/detail/wifi_fused__type_support.hpp
-- Installing: /home/ubuntu/intel-edge-ai-sw-8/2601_4th_proj_dahyeon/pkgs/wifi_interface/install/wifi_interface/include/wifi_interface/wifi_interface/msg/detail/wifi_rssi__struct.hpp
-- Installing: /home/ubuntu/intel-edge-ai-sw-8/2601_4th_proj_dahyeon/pkgs/wifi_interface/install/wifi_interface/include/wifi_interface/wifi_interface/msg/detail/wifi_fused__builder.hpp
-- Installing: /home/ubuntu/intel-edge-ai-sw-8/2601_4th_proj_dahyeon/pkgs/wifi_interface/install/wifi_interface/include/wifi_interface/wifi_interface/msg/wifi_rssi.hpp
-- Up-to-date: /home/ubuntu/intel-edge-ai-sw-8/2601_4th_proj_dahyeon/pkgs/wifi_interface/install/wifi_interface/include/wifi_interface/wifi_interface
-- Up-to-date: /home/ubuntu/intel-edge-ai-sw-8/2601_4th_proj_dahyeon/pkgs/wifi_interface/install/wifi_interface/include/wifi_interface/wifi_interface/msg
-- Up-to-date: /home/ubuntu/intel-edge-ai-sw-8/2601_4th_proj_dahyeon/pkgs/wifi_interface/install/wifi_interface/include/wifi_interface/wifi_interface/msg/detail
-- Installing: /home/ubuntu/intel-edge-ai-sw-8/2601_4th_proj_dahyeon/pkgs/wifi_interface/install/wifi_interface/include/wifi_interface/wifi_interface/msg/detail/wifi_rssi__rosidl_typesupport_fastrtps_cpp.hpp
-- Installing: /home/ubuntu/intel-edge-ai-sw-8/2601_4th_proj_dahyeon/pkgs/wifi_interface/install/wifi_interface/include/wifi_interface/wifi_interface/msg/detail/dds_fastrtps
-- Installing: /home/ubuntu/intel-edge-ai-sw-8/2601_4th_proj_dahyeon/pkgs/wifi_interface/install/wifi_interface/include/wifi_interface/wifi_interface/msg/detail/wifi_fused__rosidl_typesupport_fastrtps_cpp.hpp
-- Installing: /home/ubuntu/intel-edge-ai-sw-8/2601_4th_proj_dahyeon/pkgs/wifi_interface/install/wifi_interface/include/wifi_interface/wifi_interface/msg/rosidl_typesupport_fastrtps_cpp__visibility_control.h
-- Installing: /home/ubuntu/intel-edge-ai-sw-8/2601_4th_proj_dahyeon/pkgs/wifi_interface/install/wifi_interface/lib/libwifi_interface__rosidl_typesupport_fastrtps_cpp.so
-- Set runtime path of "/home/ubuntu/intel-edge-ai-sw-8/2601_4th_proj_dahyeon/pkgs/wifi_interface/install/wifi_interface/lib/libwifi_interface__rosidl_typesupport_fastrtps_cpp.so" to ""
-- Up-to-date: /home/ubuntu/intel-edge-ai-sw-8/2601_4th_proj_dahyeon/pkgs/wifi_interface/install/wifi_interface/include/wifi_interface/wifi_interface
-- Up-to-date: /home/ubuntu/intel-edge-ai-sw-8/2601_4th_proj_dahyeon/pkgs/wifi_interface/install/wifi_interface/include/wifi_interface/wifi_interface/msg
-- Up-to-date: /home/ubuntu/intel-edge-ai-sw-8/2601_4th_proj_dahyeon/pkgs/wifi_interface/install/wifi_interface/include/wifi_interface/wifi_interface/msg/detail
-- Installing: /home/ubuntu/intel-edge-ai-sw-8/2601_4th_proj_dahyeon/pkgs/wifi_interface/install/wifi_interface/include/wifi_interface/wifi_interface/msg/detail/wifi_rssi__type_support.cpp
-- Installing: /home/ubuntu/intel-edge-ai-sw-8/2601_4th_proj_dahyeon/pkgs/wifi_interface/install/wifi_interface/include/wifi_interface/wifi_interface/msg/detail/wifi_rssi__rosidl_typesupport_introspection_cpp.hpp
-- Installing: /home/ubuntu/intel-edge-ai-sw-8/2601_4th_proj_dahyeon/pkgs/wifi_interface/install/wifi_interface/include/wifi_interface/wifi_interface/msg/detail/wifi_fused__rosidl_typesupport_introspection_cpp.hpp
-- Installing: /home/ubuntu/intel-edge-ai-sw-8/2601_4th_proj_dahyeon/pkgs/wifi_interface/install/wifi_interface/include/wifi_interface/wifi_interface/msg/detail/wifi_fused__type_support.cpp
-- Installing: /home/ubuntu/intel-edge-ai-sw-8/2601_4th_proj_dahyeon/pkgs/wifi_interface/install/wifi_interface/lib/libwifi_interface__rosidl_typesupport_introspection_cpp.so
-- Set runtime path of "/home/ubuntu/intel-edge-ai-sw-8/2601_4th_proj_dahyeon/pkgs/wifi_interface/install/wifi_interface/lib/libwifi_interface__rosidl_typesupport_introspection_cpp.so" to ""
-- Installing: /home/ubuntu/intel-edge-ai-sw-8/2601_4th_proj_dahyeon/pkgs/wifi_interface/install/wifi_interface/lib/libwifi_interface__rosidl_typesupport_cpp.so
-- Set runtime path of "/home/ubuntu/intel-edge-ai-sw-8/2601_4th_proj_dahyeon/pkgs/wifi_interface/install/wifi_interface/lib/libwifi_interface__rosidl_typesupport_cpp.so" to ""
-- Installing: /home/ubuntu/intel-edge-ai-sw-8/2601_4th_proj_dahyeon/pkgs/wifi_interface/install/wifi_interface/share/wifi_interface/environment/pythonpath.sh
-- Installing: /home/ubuntu/intel-edge-ai-sw-8/2601_4th_proj_dahyeon/pkgs/wifi_interface/install/wifi_interface/share/wifi_interface/environment/pythonpath.dsv
-- Installing: /home/ubuntu/intel-edge-ai-sw-8/2601_4th_proj_dahyeon/pkgs/wifi_interface/install/wifi_interface/local/lib/python3.10/dist-packages/wifi_interface-0.0.0-py3.10.egg-info
-- Installing: /home/ubuntu/intel-edge-ai-sw-8/2601_4th_proj_dahyeon/pkgs/wifi_interface/install/wifi_interface/local/lib/python3.10/dist-packages/wifi_interface-0.0.0-py3.10.egg-info/top_level.txt
-- Installing: /home/ubuntu/intel-edge-ai-sw-8/2601_4th_proj_dahyeon/pkgs/wifi_interface/install/wifi_interface/local/lib/python3.10/dist-packages/wifi_interface-0.0.0-py3.10.egg-info/dependency_links.txt
-- Installing: /home/ubuntu/intel-edge-ai-sw-8/2601_4th_proj_dahyeon/pkgs/wifi_interface/install/wifi_interface/local/lib/python3.10/dist-packages/wifi_interface-0.0.0-py3.10.egg-info/PKG-INFO
-- Installing: /home/ubuntu/intel-edge-ai-sw-8/2601_4th_proj_dahyeon/pkgs/wifi_interface/install/wifi_interface/local/lib/python3.10/dist-packages/wifi_interface-0.0.0-py3.10.egg-info/SOURCES.txt
-- Installing: /home/ubuntu/intel-edge-ai-sw-8/2601_4th_proj_dahyeon/pkgs/wifi_interface/install/wifi_interface/local/lib/python3.10/dist-packages/wifi_interface
-- Installing: /home/ubuntu/intel-edge-ai-sw-8/2601_4th_proj_dahyeon/pkgs/wifi_interface/install/wifi_interface/local/lib/python3.10/dist-packages/wifi_interface/_wifi_interface_s.ep.rosidl_typesupport_introspection_c.c
-- Installing: /home/ubuntu/intel-edge-ai-sw-8/2601_4th_proj_dahyeon/pkgs/wifi_interface/install/wifi_interface/local/lib/python3.10/dist-packages/wifi_interface/msg
-- Installing: /home/ubuntu/intel-edge-ai-sw-8/2601_4th_proj_dahyeon/pkgs/wifi_interface/install/wifi_interface/local/lib/python3.10/dist-packages/wifi_interface/msg/_wifi_rssi.py
-- Installing: /home/ubuntu/intel-edge-ai-sw-8/2601_4th_proj_dahyeon/pkgs/wifi_interface/install/wifi_interface/local/lib/python3.10/dist-packages/wifi_interface/msg/_wifi_fused_s.c
-- Installing: /home/ubuntu/intel-edge-ai-sw-8/2601_4th_proj_dahyeon/pkgs/wifi_interface/install/wifi_interface/local/lib/python3.10/dist-packages/wifi_interface/msg/_wifi_rssi_s.c
-- Installing: /home/ubuntu/intel-edge-ai-sw-8/2601_4th_proj_dahyeon/pkgs/wifi_interface/install/wifi_interface/local/lib/python3.10/dist-packages/wifi_interface/msg/_wifi_fused.py
-- Installing: /home/ubuntu/intel-edge-ai-sw-8/2601_4th_proj_dahyeon/pkgs/wifi_interface/install/wifi_interface/local/lib/python3.10/dist-packages/wifi_interface/msg/__init__.py
-- Installing: /home/ubuntu/intel-edge-ai-sw-8/2601_4th_proj_dahyeon/pkgs/wifi_interface/install/wifi_interface/local/lib/python3.10/dist-packages/wifi_interface/_wifi_interface_s.ep.rosidl_typesupport_fastrtps_c.c
-- Installing: /home/ubuntu/intel-edge-ai-sw-8/2601_4th_proj_dahyeon/pkgs/wifi_interface/install/wifi_interface/local/lib/python3.10/dist-packages/wifi_interface/wifi_interface_s__rosidl_typesupport_c.cpython-310-x86_64-linux-gnu.so
-- Installing: /home/ubuntu/intel-edge-ai-sw-8/2601_4th_proj_dahyeon/pkgs/wifi_interface/install/wifi_interface/local/lib/python3.10/dist-packages/wifi_interface/libwifi_interface__rosidl_generator_py.so
-- Installing: /home/ubuntu/intel-edge-ai-sw-8/2601_4th_proj_dahyeon/pkgs/wifi_interface/install/wifi_interface/local/lib/python3.10/dist-packages/wifi_interface/wifi_interface_s__rosidl_typesupport_fastrtps_c.cpython-310-x86_64-linux-gnu.so
-- Installing: /home/ubuntu/intel-edge-ai-sw-8/2601_4th_proj_dahyeon/pkgs/wifi_interface/install/wifi_interface/local/lib/python3.10/dist-packages/wifi_interface/_wifi_interface_s.ep.rosidl_typesupport_c.c
-- Installing: /home/ubuntu/intel-edge-ai-sw-8/2601_4th_proj_dahyeon/pkgs/wifi_interface/install/wifi_interface/local/lib/python3.10/dist-packages/wifi_interface/wifi_interface_s__rosidl_typesupport_introspection_c.cpython-310-x86_64-linux-gnu.so
-- Installing: /home/ubuntu/intel-edge-ai-sw-8/2601_4th_proj_dahyeon/pkgs/wifi_interface/install/wifi_interface/local/lib/python3.10/dist-packages/wifi_interface/__init__.py
Listing '/home/ubuntu/intel-edge-ai-sw-8/2601_4th_proj_dahyeon/pkgs/wifi_interface/install/wifi_interface/local/lib/python3.10/dist-packages/wifi_interface'...
Compiling '/home/ubuntu/intel-edge-ai-sw-8/2601_4th_proj_dahyeon/pkgs/wifi_interface/install/wifi_interface/local/lib/python3.10/dist-packages/wifi_interface/__init__.py'...
Listing '/home/ubuntu/intel-edge-ai-sw-8/2601_4th_proj_dahyeon/pkgs/wifi_interface/install/wifi_interface/local/lib/python3.10/dist-packages/wifi_interface/msg'...
Compiling '/home/ubuntu/intel-edge-ai-sw-8/2601_4th_proj_dahyeon/pkgs/wifi_interface/install/wifi_interface/local/lib/python3.10/dist-packages/wifi_interface/msg/__init__.py'...
Compiling '/home/ubuntu/intel-edge-ai-sw-8/2601_4th_proj_dahyeon/pkgs/wifi_interface/install/wifi_interface/local/lib/python3.10/dist-packages/wifi_interface/msg/_wifi_fused.py'...
Compiling '/home/ubuntu/intel-edge-ai-sw-8/2601_4th_proj_dahyeon/pkgs/wifi_interface/install/wifi_interface/local/lib/python3.10/dist-packages/wifi_interface/msg/_wifi_rssi.py'...
-- Installing: /home/ubuntu/intel-edge-ai-sw-8/2601_4th_proj_dahyeon/pkgs/wifi_interface/install/wifi_interface/local/lib/python3.10/dist-packages/wifi_interface/wifi_interface_s__rosidl_typesupport_fastrtps_c.cpython-310-x86_64-linux-gnu.so
-- Set runtime path of "/home/ubuntu/intel-edge-ai-sw-8/2601_4th_proj_dahyeon/pkgs/wifi_interface/install/wifi_interface/local/lib/python3.10/dist-packages/wifi_interface/wifi_interface_s__rosidl_typesupport_fastrtps_c.cpython-310-x86_64-linux-gnu.so" to ""
-- Installing: /home/ubuntu/intel-edge-ai-sw-8/2601_4th_proj_dahyeon/pkgs/wifi_interface/install/wifi_interface/local/lib/python3.10/dist-packages/wifi_interface/wifi_interface_s__rosidl_typesupport_introspection_c.cpython-310-x86_64-linux-gnu.so
-- Set runtime path of "/home/ubuntu/intel-edge-ai-sw-8/2601_4th_proj_dahyeon/pkgs/wifi_interface/install/wifi_interface/local/lib/python3.10/dist-packages/wifi_interface/wifi_interface_s__rosidl_typesupport_introspection_c.cpython-310-x86_64-linux-gnu.so" to ""
-- Installing: /home/ubuntu/intel-edge-ai-sw-8/2601_4th_proj_dahyeon/pkgs/wifi_interface/install/wifi_interface/local/lib/python3.10/dist-packages/wifi_interface/wifi_interface_s__rosidl_typesupport_c.cpython-310-x86_64-linux-gnu.so
-- Set runtime path of "/home/ubuntu/intel-edge-ai-sw-8/2601_4th_proj_dahyeon/pkgs/wifi_interface/install/wifi_interface/local/lib/python3.10/dist-packages/wifi_interface/wifi_interface_s__rosidl_typesupport_c.cpython-310-x86_64-linux-gnu.so" to ""
-- Installing: /home/ubuntu/intel-edge-ai-sw-8/2601_4th_proj_dahyeon/pkgs/wifi_interface/install/wifi_interface/lib/libwifi_interface__rosidl_generator_py.so
-- Set runtime path of "/home/ubuntu/intel-edge-ai-sw-8/2601_4th_proj_dahyeon/pkgs/wifi_interface/install/wifi_interface/lib/libwifi_interface__rosidl_generator_py.so" to ""
-- Installing: /home/ubuntu/intel-edge-ai-sw-8/2601_4th_proj_dahyeon/pkgs/wifi_interface/install/wifi_interface/share/wifi_interface/msg/WifiRssi.idl
-- Installing: /home/ubuntu/intel-edge-ai-sw-8/2601_4th_proj_dahyeon/pkgs/wifi_interface/install/wifi_interface/share/wifi_interface/msg/WifiFused.idl
-- Installing: /home/ubuntu/intel-edge-ai-sw-8/2601_4th_proj_dahyeon/pkgs/wifi_interface/install/wifi_interface/share/wifi_interface/msg/WifiRssi.msg
-- Installing: /home/ubuntu/intel-edge-ai-sw-8/2601_4th_proj_dahyeon/pkgs/wifi_interface/install/wifi_interface/share/wifi_interface/msg/WifiFused.msg
-- Installing: /home/ubuntu/intel-edge-ai-sw-8/2601_4th_proj_dahyeon/pkgs/wifi_interface/install/wifi_interface/share/ament_index/resource_index/package_run_dependencies/wifi_interface
-- Installing: /home/ubuntu/intel-edge-ai-sw-8/2601_4th_proj_dahyeon/pkgs/wifi_interface/install/wifi_interface/share/ament_index/resource_index/parent_prefix_path/wifi_interface
-- Installing: /home/ubuntu/intel-edge-ai-sw-8/2601_4th_proj_dahyeon/pkgs/wifi_interface/install/wifi_interface/share/wifi_interface/environment/ament_prefix_path.sh
-- Installing: /home/ubuntu/intel-edge-ai-sw-8/2601_4th_proj_dahyeon/pkgs/wifi_interface/install/wifi_interface/share/wifi_interface/environment/ament_prefix_path.dsv
-- Installing: /home/ubuntu/intel-edge-ai-sw-8/2601_4th_proj_dahyeon/pkgs/wifi_interface/install/wifi_interface/share/wifi_interface/environment/path.sh
-- Installing: /home/ubuntu/intel-edge-ai-sw-8/2601_4th_proj_dahyeon/pkgs/wifi_interface/install/wifi_interface/share/wifi_interface/environment/path.dsv
-- Installing: /home/ubuntu/intel-edge-ai-sw-8/2601_4th_proj_dahyeon/pkgs/wifi_interface/install/wifi_interface/share/wifi_interface/local_setup.bash
-- Installing: /home/ubuntu/intel-edge-ai-sw-8/2601_4th_proj_dahyeon/pkgs/wifi_interface/install/wifi_interface/share/wifi_interface/local_setup.sh
-- Installing: /home/ubuntu/intel-edge-ai-sw-8/2601_4th_proj_dahyeon/pkgs/wifi_interface/install/wifi_interface/share/wifi_interface/local_setup.zsh
-- Installing: /home/ubuntu/intel-edge-ai-sw-8/2601_4th_proj_dahyeon/pkgs/wifi_interface/install/wifi_interface/share/wifi_interface/local_setup.dsv
-- Installing: /home/ubuntu/intel-edge-ai-sw-8/2601_4th_proj_dahyeon/pkgs/wifi_interface/install/wifi_interface/share/wifi_interface/package.dsv
-- Installing: /home/ubuntu/intel-edge-ai-sw-8/2601_4th_proj_dahyeon/pkgs/wifi_interface/install/wifi_interface/share/ament_index/resource_index/packages/wifi_interface
-- Installing: /home/ubuntu/intel-edge-ai-sw-8/2601_4th_proj_dahyeon/pkgs/wifi_interface/install/wifi_interface/share/wifi_interface/cmake/export_wifi_interface__rosidl_generator_cExport.cmake
-- Installing: /home/ubuntu/intel-edge-ai-sw-8/2601_4th_proj_dahyeon/pkgs/wifi_interface/install/wifi_interface/share/wifi_interface/cmake/export_wifi_interface__rosidl_generator_cExport-noconfig.cmake
-- Installing: /home/ubuntu/intel-edge-ai-sw-8/2601_4th_proj_dahyeon/pkgs/wifi_interface/install/wifi_interface/share/wifi_interface/cmake/export_wifi_interface__rosidl_typesupport_fastrtps_cExport.cmake
-- Installing: /home/ubuntu/intel-edge-ai-sw-8/2601_4th_proj_dahyeon/pkgs/wifi_interface/install/wifi_interface/share/wifi_interface/cmake/export_wifi_interface__rosidl_typesupport_fastrtps_cExport-noconfig.cmake
-- Installing: /home/ubuntu/intel-edge-ai-sw-8/2601_4th_proj_dahyeon/pkgs/wifi_interface/install/wifi_interface/share/wifi_interface/cmake/wifi_interface__rosidl_typesupport_introspection_cExport.cmake
-- Installing: /home/ubuntu/intel-edge-ai-sw-8/2601_4th_proj_dahyeon/pkgs/wifi_interface/install/wifi_interface/share/wifi_interface/cmake/wifi_interface__rosidl_typesupport_introspection_cExport-noconfig.cmake
-- Installing: /home/ubuntu/intel-edge-ai-sw-8/2601_4th_proj_dahyeon/pkgs/wifi_interface/install/wifi_interface/share/wifi_interface/cmake/wifi_interface__rosidl_typesupport_cExport.cmake
-- Installing: /home/ubuntu/intel-edge-ai-sw-8/2601_4th_proj_dahyeon/pkgs/wifi_interface/install/wifi_interface/share/wifi_interface/cmake/wifi_interface__rosidl_typesupport_cExport-noconfig.cmake
-- Installing: /home/ubuntu/intel-edge-ai-sw-8/2601_4th_proj_dahyeon/pkgs/wifi_interface/install/wifi_interface/share/wifi_interface/cmake/export_wifi_interface__rosidl_generator_cppExport.cmake
-- Installing: /home/ubuntu/intel-edge-ai-sw-8/2601_4th_proj_dahyeon/pkgs/wifi_interface/install/wifi_interface/share/wifi_interface/cmake/export_wifi_interface__rosidl_typesupport_fastrtps_cppExport.cmake
-- Installing: /home/ubuntu/intel-edge-ai-sw-8/2601_4th_proj_dahyeon/pkgs/wifi_interface/install/wifi_interface/share/wifi_interface/cmake/export_wifi_interface__rosidl_typesupport_fastrtps_cppExport-noconfig.cmake
-- Installing: /home/ubuntu/intel-edge-ai-sw-8/2601_4th_proj_dahyeon/pkgs/wifi_interface/install/wifi_interface/share/wifi_interface/cmake/wifi_interface__rosidl_typesupport_introspection_cppExport.cmake
-- Installing: /home/ubuntu/intel-edge-ai-sw-8/2601_4th_proj_dahyeon/pkgs/wifi_interface/install/wifi_interface/share/wifi_interface/cmake/wifi_interface__rosidl_typesupport_introspection_cppExport-noconfig.cmake
-- Installing: /home/ubuntu/intel-edge-ai-sw-8/2601_4th_proj_dahyeon/pkgs/wifi_interface/install/wifi_interface/share/wifi_interface/cmake/wifi_interface__rosidl_typesupport_cppExport.cmake
-- Installing: /home/ubuntu/intel-edge-ai-sw-8/2601_4th_proj_dahyeon/pkgs/wifi_interface/install/wifi_interface/share/wifi_interface/cmake/wifi_interface__rosidl_typesupport_cppExport-noconfig.cmake
-- Installing: /home/ubuntu/intel-edge-ai-sw-8/2601_4th_proj_dahyeon/pkgs/wifi_interface/install/wifi_interface/share/wifi_interface/cmake/export_wifi_interface__rosidl_generator_pyExport.cmake
-- Installing: /home/ubuntu/intel-edge-ai-sw-8/2601_4th_proj_dahyeon/pkgs/wifi_interface/install/wifi_interface/share/wifi_interface/cmake/export_wifi_interface__rosidl_generator_pyExport-noconfig.cmake
-- Installing: /home/ubuntu/intel-edge-ai-sw-8/2601_4th_proj_dahyeon/pkgs/wifi_interface/install/wifi_interface/share/wifi_interface/cmake/rosidl_cmake-extras.cmake
-- Installing: /home/ubuntu/intel-edge-ai-sw-8/2601_4th_proj_dahyeon/pkgs/wifi_interface/install/wifi_interface/share/wifi_interface/cmake/ament_cmake_export_dependencies-extras.cmake
-- Installing: /home/ubuntu/intel-edge-ai-sw-8/2601_4th_proj_dahyeon/pkgs/wifi_interface/install/wifi_interface/share/wifi_interface/cmake/ament_cmake_export_include_directories-extras.cmake
-- Installing: /home/ubuntu/intel-edge-ai-sw-8/2601_4th_proj_dahyeon/pkgs/wifi_interface/install/wifi_interface/share/wifi_interface/cmake/ament_cmake_export_libraries-extras.cmake
-- Installing: /home/ubuntu/intel-edge-ai-sw-8/2601_4th_proj_dahyeon/pkgs/wifi_interface/install/wifi_interface/share/wifi_interface/cmake/ament_cmake_export_targets-extras.cmake
-- Installing: /home/ubuntu/intel-edge-ai-sw-8/2601_4th_proj_dahyeon/pkgs/wifi_interface/install/wifi_interface/share/wifi_interface/cmake/rosidl_cmake_export_typesupport_targets-extras.cmake
-- Installing: /home/ubuntu/intel-edge-ai-sw-8/2601_4th_proj_dahyeon/pkgs/wifi_interface/install/wifi_interface/share/wifi_interface/cmake/rosidl_cmake_export_typesupport_libraries-extras.cmake
-- Installing: /home/ubuntu/intel-edge-ai-sw-8/2601_4th_proj_dahyeon/pkgs/wifi_interface/install/wifi_interface/share/wifi_interface/cmake/wifi_interfaceConfig.cmake
-- Installing: /home/ubuntu/intel-edge-ai-sw-8/2601_4th_proj_dahyeon/pkgs/wifi_interface/install/wifi_interface/share/wifi_interface/cmake/wifi_interfaceConfig-version.cmake
-- Installing: /home/ubuntu/intel-edge-ai-sw-8/2601_4th_proj_dahyeon/pkgs/wifi_interface/install/wifi_interface/share/wifi_interface/package.xml
