[0.022s] Invoking command in '/home/ubuntu/intel-edge-ai-sw-8/2601_4th_proj_dahyeon/pkgs/wifi_interface/build/wifi_interface': CMAKE_PREFIX_PATH=${CMAKE_PREFIX_PATH}:/home/ubuntu/turtlebot3_ws/install/turtlebot3_teleop:/home/ubuntu/turtlebot3_ws/install/turtlebot3_example:/home/ubuntu/turtlebot3_ws/install/my_waypoint:/home/ubuntu/turtlebot3_ws/install/my_comm_pkg:/opt/ros/humble /usr/bin/cmake /home/ubuntu/intel-edge-ai-sw-8/2601_4th_proj_dahyeon/pkgs/wifi_interface -DCMAKE_INSTALL_PREFIX=/home/ubuntu/intel-edge-ai-sw-8/2601_4th_proj_dahyeon/pkgs/wifi_interface/install/wifi_interface
[0.071s] -- The C compiler identification is GNU 11.4.0
[0.143s] -- The CXX compiler identification is GNU 11.4.0
[0.148s] -- Detecting C compiler ABI info
[0.218s] -- Detecting C compiler ABI info - done
[0.224s] -- Check for working C compiler: /usr/bin/cc - skipped
[0.224s] -- Detecting C compile features
[0.224s] -- Detecting C compile features - done
[0.225s] -- Detecting CXX compiler ABI info
[0.331s] -- Detecting CXX compiler ABI info - done
[0.334s] -- Check for working CXX compiler: /usr/bin/c++ - skipped
[0.335s] -- Detecting CXX compile features
[0.335s] -- Detecting CXX compile features - done
[0.337s] -- Found ament_cmake: 1.3.12 (/opt/ros/humble/share/ament_cmake/cmake)
[0.507s] -- Found Python3: /usr/bin/python3 (found version "3.10.12") found components: Interpreter 
[0.601s] -- Found rosidl_default_generators: 1.2.0 (/opt/ros/humble/share/rosidl_default_generators/cmake)
[0.601s] -- Using all available rosidl_typesupport_c: rosidl_typesupport_fastrtps_c;rosidl_typesupport_introspection_c
[0.607s] -- Found rosidl_adapter: 3.1.7 (/opt/ros/humble/share/rosidl_adapter/cmake)
[0.645s] -- Using all available rosidl_typesupport_cpp: rosidl_typesupport_fastrtps_cpp;rosidl_typesupport_introspection_cpp
[0.669s] -- Found std_msgs: 4.9.0 (/opt/ros/humble/share/std_msgs/cmake)
[0.888s] -- Found ament_cmake_ros: 0.10.0 (/opt/ros/humble/share/ament_cmake_ros/cmake)
[1.073s] -- Using all available rosidl_typesupport_c: rosidl_typesupport_fastrtps_c;rosidl_typesupport_introspection_c
[1.367s] -- Using all available rosidl_typesupport_cpp: rosidl_typesupport_fastrtps_cpp;rosidl_typesupport_introspection_cpp
[1.390s] -- Found PythonInterp: /usr/bin/python3 (found suitable version "3.10.12", minimum required is "3.6") 
[1.391s] -- Found python_cmake_module: 0.10.0 (/opt/ros/humble/share/python_cmake_module/cmake)
[1.412s] -- Found PythonLibs: /usr/lib/x86_64-linux-gnu/libpython3.10.so (found suitable version "3.10.12", minimum required is "3.5") 
[1.412s] -- Using PYTHON_EXECUTABLE: /usr/bin/python3
[1.412s] -- Using PYTHON_INCLUDE_DIRS: /usr/include/python3.10
[1.412s] -- Using PYTHON_LIBRARIES: /usr/lib/x86_64-linux-gnu/libpython3.10.so
[1.448s] -- Found PythonExtra: .so  
[1.482s] -- Configuring done
[1.503s] -- Generating done
[1.512s] -- Build files have been written to: /home/ubuntu/intel-edge-ai-sw-8/2601_4th_proj_dahyeon/pkgs/wifi_interface/build/wifi_interface
[1.523s] Invoked command in '/home/ubuntu/intel-edge-ai-sw-8/2601_4th_proj_dahyeon/pkgs/wifi_interface/build/wifi_interface' returned '0': CMAKE_PREFIX_PATH=${CMAKE_PREFIX_PATH}:/home/ubuntu/turtlebot3_ws/install/turtlebot3_teleop:/home/ubuntu/turtlebot3_ws/install/turtlebot3_example:/home/ubuntu/turtlebot3_ws/install/my_waypoint:/home/ubuntu/turtlebot3_ws/install/my_comm_pkg:/opt/ros/humble /usr/bin/cmake /home/ubuntu/intel-edge-ai-sw-8/2601_4th_proj_dahyeon/pkgs/wifi_interface -DCMAKE_INSTALL_PREFIX=/home/ubuntu/intel-edge-ai-sw-8/2601_4th_proj_dahyeon/pkgs/wifi_interface/install/wifi_interface
[1.527s] Invoking command in '/home/ubuntu/intel-edge-ai-sw-8/2601_4th_proj_dahyeon/pkgs/wifi_interface/build/wifi_interface': CMAKE_PREFIX_PATH=${CMAKE_PREFIX_PATH}:/home/ubuntu/turtlebot3_ws/install/turtlebot3_teleop:/home/ubuntu/turtlebot3_ws/install/turtlebot3_example:/home/ubuntu/turtlebot3_ws/install/my_waypoint:/home/ubuntu/turtlebot3_ws/install/my_comm_pkg:/opt/ros/humble /usr/bin/cmake --build /home/ubuntu/intel-edge-ai-sw-8/2601_4th_proj_dahyeon/pkgs/wifi_interface/build/wifi_interface -- -j4 -l4
[1.579s] [  2%] [34m[1mGenerating C++ code for ROS interfaces[0m
[1.851s] [  2%] Built target wifi_interface__cpp
[1.890s] [  2%] Built target ament_cmake_python_copy_wifi_interface
[1.901s] [  5%] [34m[1mGenerating C++ type support for eProsima Fast-RTPS[0m
[2.109s] [  7%] [32mBuilding CXX object CMakeFiles/wifi_interface__rosidl_typesupport_fastrtps_cpp.dir/rosidl_typesupport_fastrtps_cpp/wifi_interface/msg/detail/dds_fastrtps/wifi_rssi__type_support.cpp.o[0m
[2.334s] [ 10%] [32mBuilding CXX object CMakeFiles/wifi_interface__rosidl_typesupport_fastrtps_cpp.dir/rosidl_typesupport_fastrtps_cpp/wifi_interface/msg/detail/dds_fastrtps/wifi_fused__type_support.cpp.o[0m
[2.562s] [ 12%] [32m[1mLinking CXX shared library libwifi_interface__rosidl_typesupport_fastrtps_cpp.so[0m
[2.651s] [ 12%] Built target wifi_interface__rosidl_typesupport_fastrtps_cpp
[2.659s] [ 15%] [34m[1mGenerating C++ introspection for ROS interfaces[0m
[2.849s] [ 17%] [32mBuilding CXX object CMakeFiles/wifi_interface__rosidl_typesupport_introspection_cpp.dir/rosidl_typesupport_introspection_cpp/wifi_interface/msg/detail/wifi_rssi__type_support.cpp.o[0m
[3.066s] [ 20%] [32mBuilding CXX object CMakeFiles/wifi_interface__rosidl_typesupport_introspection_cpp.dir/rosidl_typesupport_introspection_cpp/wifi_interface/msg/detail/wifi_fused__type_support.cpp.o[0m
[3.292s] [ 23%] [32m[1mLinking CXX shared library libwifi_interface__rosidl_typesupport_introspection_cpp.so[0m
[3.344s] [ 23%] Built target wifi_interface__rosidl_typesupport_introspection_cpp
[3.536s] running egg_info
[3.537s] creating wifi_interface.egg-info
[3.537s] writing wifi_interface.egg-info/PKG-INFO
[3.537s] writing dependency_links to wifi_interface.egg-info/dependency_links.txt
[3.537s] writing top-level names to wifi_interface.egg-info/top_level.txt
[3.537s] writing manifest file 'wifi_interface.egg-info/SOURCES.txt'
[3.539s] reading manifest file 'wifi_interface.egg-info/SOURCES.txt'
[3.539s] writing manifest file 'wifi_interface.egg-info/SOURCES.txt'
[3.582s] [ 23%] Built target ament_cmake_python_build_wifi_interface_egg
[3.592s] [ 25%] [34m[1mGenerating C++ type support dispatch for ROS interfaces[0m
[3.745s] [ 28%] [32mBuilding CXX object CMakeFiles/wifi_interface__rosidl_typesupport_cpp.dir/rosidl_typesupport_cpp/wifi_interface/msg/wifi_rssi__type_support.cpp.o[0m
[3.883s] [ 30%] [32mBuilding CXX object CMakeFiles/wifi_interface__rosidl_typesupport_cpp.dir/rosidl_typesupport_cpp/wifi_interface/msg/wifi_fused__type_support.cpp.o[0m
[4.093s] [ 33%] [32m[1mLinking CXX shared library libwifi_interface__rosidl_typesupport_cpp.so[0m
[4.138s] [ 33%] Built target wifi_interface__rosidl_typesupport_cpp
[4.158s] [ 35%] [34m[1mGenerating C code for ROS interfaces[0m
[4.495s] [ 38%] [32mBuilding C object CMakeFiles/wifi_interface__rosidl_generator_c.dir/rosidl_generator_c/wifi_interface/msg/detail/wifi_rssi__functions.c.o[0m
[4.545s] [ 41%] [32mBuilding C object CMakeFiles/wifi_interface__rosidl_generator_c.dir/rosidl_generator_c/wifi_interface/msg/detail/wifi_fused__functions.c.o[0m
[4.580s] [ 43%] [32m[1mLinking C shared library libwifi_interface__rosidl_generator_c.so[0m
[4.622s] [ 43%] Built target wifi_interface__rosidl_generator_c
[4.637s] [ 46%] [34m[1mGenerating C type support for eProsima Fast-RTPS[0m
[4.844s] [ 48%] [32mBuilding CXX object CMakeFiles/wifi_interface__rosidl_typesupport_fastrtps_c.dir/rosidl_typesupport_fastrtps_c/wifi_interface/msg/detail/wifi_rssi__type_support_c.cpp.o[0m
[5.090s] [ 51%] [32mBuilding CXX object CMakeFiles/wifi_interface__rosidl_typesupport_fastrtps_c.dir/rosidl_typesupport_fastrtps_c/wifi_interface/msg/detail/wifi_fused__type_support_c.cpp.o[0m
[5.289s] [ 53%] [32m[1mLinking CXX shared library libwifi_interface__rosidl_typesupport_fastrtps_c.so[0m
[5.360s] [ 53%] Built target wifi_interface__rosidl_typesupport_fastrtps_c
[5.370s] [ 56%] [34m[1mGenerating C type support dispatch for ROS interfaces[0m
[5.550s] [ 58%] [32mBuilding CXX object CMakeFiles/wifi_interface__rosidl_typesupport_c.dir/rosidl_typesupport_c/wifi_interface/msg/wifi_rssi__type_support.cpp.o[0m
[5.586s] [ 61%] [32mBuilding CXX object CMakeFiles/wifi_interface__rosidl_typesupport_c.dir/rosidl_typesupport_c/wifi_interface/msg/wifi_fused__type_support.cpp.o[0m
[5.628s] [ 64%] [32m[1mLinking CXX shared library libwifi_interface__rosidl_typesupport_c.so[0m
[5.675s] [ 64%] Built target wifi_interface__rosidl_typesupport_c
[5.685s] [ 66%] [34m[1mGenerating C introspection for ROS interfaces[0m
[5.873s] [ 69%] [32mBuilding C object CMakeFiles/wifi_interface__rosidl_typesupport_introspection_c.dir/rosidl_typesupport_introspection_c/wifi_interface/msg/detail/wifi_rssi__type_support.c.o[0m
[5.904s] [ 71%] [32mBuilding C object CMakeFiles/wifi_interface__rosidl_typesupport_introspection_c.dir/rosidl_typesupport_introspection_c/wifi_interface/msg/detail/wifi_fused__type_support.c.o[0m
[5.943s] [ 74%] [32m[1mLinking C shared library libwifi_interface__rosidl_typesupport_introspection_c.so[0m
[5.973s] [ 74%] Built target wifi_interface__rosidl_typesupport_introspection_c
[6.001s] [ 74%] Built target wifi_interface
[6.023s] [ 76%] [34m[1mGenerating Python code for ROS interfaces[0m
[6.316s] [ 76%] Built target wifi_interface__py
[6.341s] [ 79%] [32mBuilding C object CMakeFiles/wifi_interface__rosidl_generator_py.dir/rosidl_generator_py/wifi_interface/msg/_wifi_rssi_s.c.o[0m
[6.426s] [ 82%] [32mBuilding C object CMakeFiles/wifi_interface__rosidl_generator_py.dir/rosidl_generator_py/wifi_interface/msg/_wifi_fused_s.c.o[0m
[6.497s] [ 84%] [32m[1mLinking C shared library rosidl_generator_py/wifi_interface/libwifi_interface__rosidl_generator_py.so[0m
[6.535s] [ 84%] Built target wifi_interface__rosidl_generator_py
[6.559s] [ 87%] [32mBuilding C object CMakeFiles/wifi_interface__rosidl_typesupport_fastrtps_c__pyext.dir/rosidl_generator_py/wifi_interface/_wifi_interface_s.ep.rosidl_typesupport_fastrtps_c.c.o[0m
[6.625s] [ 89%] [32m[1mLinking C shared library rosidl_generator_py/wifi_interface/wifi_interface_s__rosidl_typesupport_fastrtps_c.cpython-310-x86_64-linux-gnu.so[0m
[6.694s] [ 89%] Built target wifi_interface__rosidl_typesupport_fastrtps_c__pyext
[6.717s] [ 92%] [32mBuilding C object CMakeFiles/wifi_interface__rosidl_typesupport_c__pyext.dir/rosidl_generator_py/wifi_interface/_wifi_interface_s.ep.rosidl_typesupport_c.c.o[0m
[6.784s] [ 94%] [32m[1mLinking C shared library rosidl_generator_py/wifi_interface/wifi_interface_s__rosidl_typesupport_c.cpython-310-x86_64-linux-gnu.so[0m
[6.828s] [ 94%] Built target wifi_interface__rosidl_typesupport_c__pyext
[6.851s] [ 97%] [32mBuilding C object CMakeFiles/wifi_interface__rosidl_typesupport_introspection_c__pyext.dir/rosidl_generator_py/wifi_interface/_wifi_interface_s.ep.rosidl_typesupport_introspection_c.c.o[0m
[6.919s] [100%] [32m[1mLinking C shared library rosidl_generator_py/wifi_interface/wifi_interface_s__rosidl_typesupport_introspection_c.cpython-310-x86_64-linux-gnu.so[0m
[6.975s] [100%] Built target wifi_interface__rosidl_typesupport_introspection_c__pyext
[6.987s] Invoked command in '/home/ubuntu/intel-edge-ai-sw-8/2601_4th_proj_dahyeon/pkgs/wifi_interface/build/wifi_interface' returned '0': CMAKE_PREFIX_PATH=${CMAKE_PREFIX_PATH}:/home/ubuntu/turtlebot3_ws/install/turtlebot3_teleop:/home/ubuntu/turtlebot3_ws/install/turtlebot3_example:/home/ubuntu/turtlebot3_ws/install/my_waypoint:/home/ubuntu/turtlebot3_ws/install/my_comm_pkg:/opt/ros/humble /usr/bin/cmake --build /home/ubuntu/intel-edge-ai-sw-8/2601_4th_proj_dahyeon/pkgs/wifi_interface/build/wifi_interface -- -j4 -l4
[7.002s] Invoking command in '/home/ubuntu/intel-edge-ai-sw-8/2601_4th_proj_dahyeon/pkgs/wifi_interface/build/wifi_interface': CMAKE_PREFIX_PATH=${CMAKE_PREFIX_PATH}:/home/ubuntu/turtlebot3_ws/install/turtlebot3_teleop:/home/ubuntu/turtlebot3_ws/install/turtlebot3_example:/home/ubuntu/turtlebot3_ws/install/my_waypoint:/home/ubuntu/turtlebot3_ws/install/my_comm_pkg:/opt/ros/humble /usr/bin/cmake --install /home/ubuntu/intel-edge-ai-sw-8/2601_4th_proj_dahyeon/pkgs/wifi_interface/build/wifi_interface
[7.009s] -- Install configuration: ""
[7.010s] -- Installing: /home/ubuntu/intel-edge-ai-sw-8/2601_4th_proj_dahyeon/pkgs/wifi_interface/install/wifi_interface/share/ament_index/resource_index/rosidl_interfaces/wifi_interface
[7.010s] -- Installing: /home/ubuntu/intel-edge-ai-sw-8/2601_4th_proj_dahyeon/pkgs/wifi_interface/install/wifi_interface/include/wifi_interface/wifi_interface
[7.010s] -- Installing: /home/ubuntu/intel-edge-ai-sw-8/2601_4th_proj_dahyeon/pkgs/wifi_interface/install/wifi_interface/include/wifi_interface/wifi_interface/msg
[7.011s] -- Installing: /home/ubuntu/intel-edge-ai-sw-8/2601_4th_proj_dahyeon/pkgs/wifi_interface/install/wifi_interface/include/wifi_interface/wifi_interface/msg/wifi_rssi.h
[7.011s] -- Installing: /home/ubuntu/intel-edge-ai-sw-8/2601_4th_proj_dahyeon/pkgs/wifi_interface/install/wifi_interface/include/wifi_interface/wifi_interface/msg/rosidl_generator_c__visibility_control.h
[7.012s] -- Installing: /home/ubuntu/intel-edge-ai-sw-8/2601_4th_proj_dahyeon/pkgs/wifi_interface/install/wifi_interface/include/wifi_interface/wifi_interface/msg/detail
[7.012s] -- Installing: /home/ubuntu/intel-edge-ai-sw-8/2601_4th_proj_dahyeon/pkgs/wifi_interface/install/wifi_interface/include/wifi_interface/wifi_interface/msg/detail/wifi_fused__struct.h
[7.012s] -- Installing: /home/ubuntu/intel-edge-ai-sw-8/2601_4th_proj_dahyeon/pkgs/wifi_interface/install/wifi_interface/include/wifi_interface/wifi_interface/msg/detail/wifi_fused__type_support.h
[7.012s] -- Installing: /home/ubuntu/intel-edge-ai-sw-8/2601_4th_proj_dahyeon/pkgs/wifi_interface/install/wifi_interface/include/wifi_interface/wifi_interface/msg/detail/wifi_rssi__functions.c
[7.012s] -- Installing: /home/ubuntu/intel-edge-ai-sw-8/2601_4th_proj_dahyeon/pkgs/wifi_interface/install/wifi_interface/include/wifi_interface/wifi_interface/msg/detail/wifi_rssi__type_support.h
[7.012s] -- Installing: /home/ubuntu/intel-edge-ai-sw-8/2601_4th_proj_dahyeon/pkgs/wifi_interface/install/wifi_interface/include/wifi_interface/wifi_interface/msg/detail/wifi_rssi__functions.h
[7.012s] -- Installing: /home/ubuntu/intel-edge-ai-sw-8/2601_4th_proj_dahyeon/pkgs/wifi_interface/install/wifi_interface/include/wifi_interface/wifi_interface/msg/detail/wifi_fused__functions.h
[7.012s] -- Installing: /home/ubuntu/intel-edge-ai-sw-8/2601_4th_proj_dahyeon/pkgs/wifi_interface/install/wifi_interface/include/wifi_interface/wifi_interface/msg/detail/wifi_rssi__struct.h
[7.012s] -- Installing: /home/ubuntu/intel-edge-ai-sw-8/2601_4th_proj_dahyeon/pkgs/wifi_interface/install/wifi_interface/include/wifi_interface/wifi_interface/msg/detail/wifi_fused__functions.c
[7.012s] -- Installing: /home/ubuntu/intel-edge-ai-sw-8/2601_4th_proj_dahyeon/pkgs/wifi_interface/install/wifi_interface/include/wifi_interface/wifi_interface/msg/wifi_fused.h
[7.029s] -- Installing: /home/ubuntu/intel-edge-ai-sw-8/2601_4th_proj_dahyeon/pkgs/wifi_interface/install/wifi_interface/share/wifi_interface/environment/library_path.sh
[7.030s] -- Installing: /home/ubuntu/intel-edge-ai-sw-8/2601_4th_proj_dahyeon/pkgs/wifi_interface/install/wifi_interface/share/wifi_interface/environment/library_path.dsv
[7.030s] -- Installing: /home/ubuntu/intel-edge-ai-sw-8/2601_4th_proj_dahyeon/pkgs/wifi_interface/install/wifi_interface/lib/libwifi_interface__rosidl_generator_c.so
[7.030s] -- Set runtime path of "/home/ubuntu/intel-edge-ai-sw-8/2601_4th_proj_dahyeon/pkgs/wifi_interface/install/wifi_interface/lib/libwifi_interface__rosidl_generator_c.so" to ""
[7.030s] -- Up-to-date: /home/ubuntu/intel-edge-ai-sw-8/2601_4th_proj_dahyeon/pkgs/wifi_interface/install/wifi_interface/include/wifi_interface/wifi_interface
[7.030s] -- Up-to-date: /home/ubuntu/intel-edge-ai-sw-8/2601_4th_proj_dahyeon/pkgs/wifi_interface/install/wifi_interface/include/wifi_interface/wifi_interface/msg
[7.030s] -- Installing: /home/ubuntu/intel-edge-ai-sw-8/2601_4th_proj_dahyeon/pkgs/wifi_interface/install/wifi_interface/include/wifi_interface/wifi_interface/msg/rosidl_typesupport_fastrtps_c__visibility_control.h
[7.030s] -- Up-to-date: /home/ubuntu/intel-edge-ai-sw-8/2601_4th_proj_dahyeon/pkgs/wifi_interface/install/wifi_interface/include/wifi_interface/wifi_interface/msg/detail
[7.030s] -- Installing: /home/ubuntu/intel-edge-ai-sw-8/2601_4th_proj_dahyeon/pkgs/wifi_interface/install/wifi_interface/include/wifi_interface/wifi_interface/msg/detail/wifi_rssi__rosidl_typesupport_fastrtps_c.h
[7.030s] -- Installing: /home/ubuntu/intel-edge-ai-sw-8/2601_4th_proj_dahyeon/pkgs/wifi_interface/install/wifi_interface/include/wifi_interface/wifi_interface/msg/detail/wifi_fused__rosidl_typesupport_fastrtps_c.h
[7.031s] -- Installing: /home/ubuntu/intel-edge-ai-sw-8/2601_4th_proj_dahyeon/pkgs/wifi_interface/install/wifi_interface/lib/libwifi_interface__rosidl_typesupport_fastrtps_c.so
[7.031s] -- Set runtime path of "/home/ubuntu/intel-edge-ai-sw-8/2601_4th_proj_dahyeon/pkgs/wifi_interface/install/wifi_interface/lib/libwifi_interface__rosidl_typesupport_fastrtps_c.so" to ""
[7.031s] -- Up-to-date: /home/ubuntu/intel-edge-ai-sw-8/2601_4th_proj_dahyeon/pkgs/wifi_interface/install/wifi_interface/include/wifi_interface/wifi_interface
[7.031s] -- Up-to-date: /home/ubuntu/intel-edge-ai-sw-8/2601_4th_proj_dahyeon/pkgs/wifi_interface/install/wifi_interface/include/wifi_interface/wifi_interface/msg
[7.031s] -- Up-to-date: /home/ubuntu/intel-edge-ai-sw-8/2601_4th_proj_dahyeon/pkgs/wifi_interface/install/wifi_interface/include/wifi_interface/wifi_interface/msg/detail
[7.031s] -- Installing: /home/ubuntu/intel-edge-ai-sw-8/2601_4th_proj_dahyeon/pkgs/wifi_interface/install/wifi_interface/include/wifi_interface/wifi_interface/msg/detail/wifi_rssi__rosidl_typesupport_introspection_c.h
[7.031s] -- Installing: /home/ubuntu/intel-edge-ai-sw-8/2601_4th_proj_dahyeon/pkgs/wifi_interface/install/wifi_interface/include/wifi_interface/wifi_interface/msg/detail/wifi_fused__rosidl_typesupport_introspection_c.h
[7.031s] -- Installing: /home/ubuntu/intel-edge-ai-sw-8/2601_4th_proj_dahyeon/pkgs/wifi_interface/install/wifi_interface/include/wifi_interface/wifi_interface/msg/detail/wifi_rssi__type_support.c
[7.031s] -- Installing: /home/ubuntu/intel-edge-ai-sw-8/2601_4th_proj_dahyeon/pkgs/wifi_interface/install/wifi_interface/include/wifi_interface/wifi_interface/msg/detail/wifi_fused__type_support.c
[7.031s] -- Installing: /home/ubuntu/intel-edge-ai-sw-8/2601_4th_proj_dahyeon/pkgs/wifi_interface/install/wifi_interface/include/wifi_interface/wifi_interface/msg/rosidl_typesupport_introspection_c__visibility_control.h
[7.031s] -- Installing: /home/ubuntu/intel-edge-ai-sw-8/2601_4th_proj_dahyeon/pkgs/wifi_interface/install/wifi_interface/lib/libwifi_interface__rosidl_typesupport_introspection_c.so
[7.031s] -- Set runtime path of "/home/ubuntu/intel-edge-ai-sw-8/2601_4th_proj_dahyeon/pkgs/wifi_interface/install/wifi_interface/lib/libwifi_interface__rosidl_typesupport_introspection_c.so" to ""
[7.031s] -- Installing: /home/ubuntu/intel-edge-ai-sw-8/2601_4th_proj_dahyeon/pkgs/wifi_interface/install/wifi_interface/lib/libwifi_interface__rosidl_typesupport_c.so
[7.031s] -- Set runtime path of "/home/ubuntu/intel-edge-ai-sw-8/2601_4th_proj_dahyeon/pkgs/wifi_interface/install/wifi_interface/lib/libwifi_interface__rosidl_typesupport_c.so" to ""
[7.031s] -- Up-to-date: /home/ubuntu/intel-edge-ai-sw-8/2601_4th_proj_dahyeon/pkgs/wifi_interface/install/wifi_interface/include/wifi_interface/wifi_interface
[7.031s] -- Up-to-date: /home/ubuntu/intel-edge-ai-sw-8/2601_4th_proj_dahyeon/pkgs/wifi_interface/install/wifi_interface/include/wifi_interface/wifi_interface/msg
[7.031s] -- Installing: /home/ubuntu/intel-edge-ai-sw-8/2601_4th_proj_dahyeon/pkgs/wifi_interface/install/wifi_interface/include/wifi_interface/wifi_interface/msg/wifi_fused.hpp
[7.031s] -- Installing: /home/ubuntu/intel-edge-ai-sw-8/2601_4th_proj_dahyeon/pkgs/wifi_interface/install/wifi_interface/include/wifi_interface/wifi_interface/msg/rosidl_generator_cpp__visibility_control.hpp
[7.031s] -- Up-to-date: /home/ubuntu/intel-edge-ai-sw-8/2601_4th_proj_dahyeon/pkgs/wifi_interface/install/wifi_interface/include/wifi_interface/wifi_interface/msg/detail
[7.031s] -- Installing: /home/ubuntu/intel-edge-ai-sw-8/2601_4th_proj_dahyeon/pkgs/wifi_interface/install/wifi_interface/include/wifi_interface/wifi_interface/msg/detail/wifi_rssi__builder.hpp
[7.031s] -- Installing: /home/ubuntu/intel-edge-ai-sw-8/2601_4th_proj_dahyeon/pkgs/wifi_interface/install/wifi_interface/include/wifi_interface/wifi_interface/msg/detail/wifi_fused__traits.hpp
[7.031s] -- Installing: /home/ubuntu/intel-edge-ai-sw-8/2601_4th_proj_dahyeon/pkgs/wifi_interface/install/wifi_interface/include/wifi_interface/wifi_interface/msg/detail/wifi_rssi__type_support.hpp
[7.031s] -- Installing: /home/ubuntu/intel-edge-ai-sw-8/2601_4th_proj_dahyeon/pkgs/wifi_interface/install/wifi_interface/include/wifi_interface/wifi_interface/msg/detail/wifi_fused__struct.hpp
[7.031s] -- Installing: /home/ubuntu/intel-edge-ai-sw-8/2601_4th_proj_dahyeon/pkgs/wifi_interface/install/wifi_interface/include/wifi_interface/wifi_interface/msg/detail/wifi_rssi__traits.hpp
[7.031s] -- Installing: /home/ubuntu/intel-edge-ai-sw-8/2601_4th_proj_dahyeon/pkgs/wifi_interface/install/wifi_interface/include/wifi_interface/wifi_interface/msg/detail/wifi_fused__type_support.hpp
[7.031s] -- Installing: /home/ubuntu/intel-edge-ai-sw-8/2601_4th_proj_dahyeon/pkgs/wifi_interface/install/wifi_interface/include/wifi_interface/wifi_interface/msg/detail/wifi_rssi__struct.hpp
[7.031s] -- Installing: /home/ubuntu/intel-edge-ai-sw-8/2601_4th_proj_dahyeon/pkgs/wifi_interface/install/wifi_interface/include/wifi_interface/wifi_interface/msg/detail/wifi_fused__builder.hpp
[7.031s] -- Installing: /home/ubuntu/intel-edge-ai-sw-8/2601_4th_proj_dahyeon/pkgs/wifi_interface/install/wifi_interface/include/wifi_interface/wifi_interface/msg/wifi_rssi.hpp
[7.031s] -- Up-to-date: /home/ubuntu/intel-edge-ai-sw-8/2601_4th_proj_dahyeon/pkgs/wifi_interface/install/wifi_interface/include/wifi_interface/wifi_interface
[7.031s] -- Up-to-date: /home/ubuntu/intel-edge-ai-sw-8/2601_4th_proj_dahyeon/pkgs/wifi_interface/install/wifi_interface/include/wifi_interface/wifi_interface/msg
[7.031s] -- Up-to-date: /home/ubuntu/intel-edge-ai-sw-8/2601_4th_proj_dahyeon/pkgs/wifi_interface/install/wifi_interface/include/wifi_interface/wifi_interface/msg/detail
[7.031s] -- Installing: /home/ubuntu/intel-edge-ai-sw-8/2601_4th_proj_dahyeon/pkgs/wifi_interface/install/wifi_interface/include/wifi_interface/wifi_interface/msg/detail/wifi_rssi__rosidl_typesupport_fastrtps_cpp.hpp
[7.031s] -- Installing: /home/ubuntu/intel-edge-ai-sw-8/2601_4th_proj_dahyeon/pkgs/wifi_interface/install/wifi_interface/include/wifi_interface/wifi_interface/msg/detail/dds_fastrtps
[7.031s] -- Installing: /home/ubuntu/intel-edge-ai-sw-8/2601_4th_proj_dahyeon/pkgs/wifi_interface/install/wifi_interface/include/wifi_interface/wifi_interface/msg/detail/wifi_fused__rosidl_typesupport_fastrtps_cpp.hpp
[7.031s] -- Installing: /home/ubuntu/intel-edge-ai-sw-8/2601_4th_proj_dahyeon/pkgs/wifi_interface/install/wifi_interface/include/wifi_interface/wifi_interface/msg/rosidl_typesupport_fastrtps_cpp__visibility_control.h
[7.031s] -- Installing: /home/ubuntu/intel-edge-ai-sw-8/2601_4th_proj_dahyeon/pkgs/wifi_interface/install/wifi_interface/lib/libwifi_interface__rosidl_typesupport_fastrtps_cpp.so
[7.033s] -- Set runtime path of "/home/ubuntu/intel-edge-ai-sw-8/2601_4th_proj_dahyeon/pkgs/wifi_interface/install/wifi_interface/lib/libwifi_interface__rosidl_typesupport_fastrtps_cpp.so" to ""
[7.033s] -- Up-to-date: /home/ubuntu/intel-edge-ai-sw-8/2601_4th_proj_dahyeon/pkgs/wifi_interface/install/wifi_interface/include/wifi_interface/wifi_interface
[7.033s] -- Up-to-date: /home/ubuntu/intel-edge-ai-sw-8/2601_4th_proj_dahyeon/pkgs/wifi_interface/install/wifi_interface/include/wifi_interface/wifi_interface/msg
[7.033s] -- Up-to-date: /home/ubuntu/intel-edge-ai-sw-8/2601_4th_proj_dahyeon/pkgs/wifi_interface/install/wifi_interface/include/wifi_interface/wifi_interface/msg/detail
[7.033s] -- Installing: /home/ubuntu/intel-edge-ai-sw-8/2601_4th_proj_dahyeon/pkgs/wifi_interface/install/wifi_interface/include/wifi_interface/wifi_interface/msg/detail/wifi_rssi__type_support.cpp
[7.033s] -- Installing: /home/ubuntu/intel-edge-ai-sw-8/2601_4th_proj_dahyeon/pkgs/wifi_interface/install/wifi_interface/include/wifi_interface/wifi_interface/msg/detail/wifi_rssi__rosidl_typesupport_introspection_cpp.hpp
[7.033s] -- Installing: /home/ubuntu/intel-edge-ai-sw-8/2601_4th_proj_dahyeon/pkgs/wifi_interface/install/wifi_interface/include/wifi_interface/wifi_interface/msg/detail/wifi_fused__rosidl_typesupport_introspection_cpp.hpp
[7.033s] -- Installing: /home/ubuntu/intel-edge-ai-sw-8/2601_4th_proj_dahyeon/pkgs/wifi_interface/install/wifi_interface/include/wifi_interface/wifi_interface/msg/detail/wifi_fused__type_support.cpp
[7.033s] -- Installing: /home/ubuntu/intel-edge-ai-sw-8/2601_4th_proj_dahyeon/pkgs/wifi_interface/install/wifi_interface/lib/libwifi_interface__rosidl_typesupport_introspection_cpp.so
[7.033s] -- Set runtime path of "/home/ubuntu/intel-edge-ai-sw-8/2601_4th_proj_dahyeon/pkgs/wifi_interface/install/wifi_interface/lib/libwifi_interface__rosidl_typesupport_introspection_cpp.so" to ""
[7.033s] -- Installing: /home/ubuntu/intel-edge-ai-sw-8/2601_4th_proj_dahyeon/pkgs/wifi_interface/install/wifi_interface/lib/libwifi_interface__rosidl_typesupport_cpp.so
[7.033s] -- Set runtime path of "/home/ubuntu/intel-edge-ai-sw-8/2601_4th_proj_dahyeon/pkgs/wifi_interface/install/wifi_interface/lib/libwifi_interface__rosidl_typesupport_cpp.so" to ""
[7.033s] -- Installing: /home/ubuntu/intel-edge-ai-sw-8/2601_4th_proj_dahyeon/pkgs/wifi_interface/install/wifi_interface/share/wifi_interface/environment/pythonpath.sh
[7.033s] -- Installing: /home/ubuntu/intel-edge-ai-sw-8/2601_4th_proj_dahyeon/pkgs/wifi_interface/install/wifi_interface/share/wifi_interface/environment/pythonpath.dsv
[7.034s] -- Installing: /home/ubuntu/intel-edge-ai-sw-8/2601_4th_proj_dahyeon/pkgs/wifi_interface/install/wifi_interface/local/lib/python3.10/dist-packages/wifi_interface-0.0.0-py3.10.egg-info
[7.034s] -- Installing: /home/ubuntu/intel-edge-ai-sw-8/2601_4th_proj_dahyeon/pkgs/wifi_interface/install/wifi_interface/local/lib/python3.10/dist-packages/wifi_interface-0.0.0-py3.10.egg-info/top_level.txt
[7.034s] -- Installing: /home/ubuntu/intel-edge-ai-sw-8/2601_4th_proj_dahyeon/pkgs/wifi_interface/install/wifi_interface/local/lib/python3.10/dist-packages/wifi_interface-0.0.0-py3.10.egg-info/dependency_links.txt
[7.034s] -- Installing: /home/ubuntu/intel-edge-ai-sw-8/2601_4th_proj_dahyeon/pkgs/wifi_interface/install/wifi_interface/local/lib/python3.10/dist-packages/wifi_interface-0.0.0-py3.10.egg-info/PKG-INFO
[7.034s] -- Installing: /home/ubuntu/intel-edge-ai-sw-8/2601_4th_proj_dahyeon/pkgs/wifi_interface/install/wifi_interface/local/lib/python3.10/dist-packages/wifi_interface-0.0.0-py3.10.egg-info/SOURCES.txt
[7.034s] -- Installing: /home/ubuntu/intel-edge-ai-sw-8/2601_4th_proj_dahyeon/pkgs/wifi_interface/install/wifi_interface/local/lib/python3.10/dist-packages/wifi_interface
[7.034s] -- Installing: /home/ubuntu/intel-edge-ai-sw-8/2601_4th_proj_dahyeon/pkgs/wifi_interface/install/wifi_interface/local/lib/python3.10/dist-packages/wifi_interface/_wifi_interface_s.ep.rosidl_typesupport_introspection_c.c
[7.034s] -- Installing: /home/ubuntu/intel-edge-ai-sw-8/2601_4th_proj_dahyeon/pkgs/wifi_interface/install/wifi_interface/local/lib/python3.10/dist-packages/wifi_interface/msg
[7.034s] -- Installing: /home/ubuntu/intel-edge-ai-sw-8/2601_4th_proj_dahyeon/pkgs/wifi_interface/install/wifi_interface/local/lib/python3.10/dist-packages/wifi_interface/msg/_wifi_rssi.py
[7.034s] -- Installing: /home/ubuntu/intel-edge-ai-sw-8/2601_4th_proj_dahyeon/pkgs/wifi_interface/install/wifi_interface/local/lib/python3.10/dist-packages/wifi_interface/msg/_wifi_fused_s.c
[7.034s] -- Installing: /home/ubuntu/intel-edge-ai-sw-8/2601_4th_proj_dahyeon/pkgs/wifi_interface/install/wifi_interface/local/lib/python3.10/dist-packages/wifi_interface/msg/_wifi_rssi_s.c
[7.034s] -- Installing: /home/ubuntu/intel-edge-ai-sw-8/2601_4th_proj_dahyeon/pkgs/wifi_interface/install/wifi_interface/local/lib/python3.10/dist-packages/wifi_interface/msg/_wifi_fused.py
[7.034s] -- Installing: /home/ubuntu/intel-edge-ai-sw-8/2601_4th_proj_dahyeon/pkgs/wifi_interface/install/wifi_interface/local/lib/python3.10/dist-packages/wifi_interface/msg/__init__.py
[7.034s] -- Installing: /home/ubuntu/intel-edge-ai-sw-8/2601_4th_proj_dahyeon/pkgs/wifi_interface/install/wifi_interface/local/lib/python3.10/dist-packages/wifi_interface/_wifi_interface_s.ep.rosidl_typesupport_fastrtps_c.c
[7.034s] -- Installing: /home/ubuntu/intel-edge-ai-sw-8/2601_4th_proj_dahyeon/pkgs/wifi_interface/install/wifi_interface/local/lib/python3.10/dist-packages/wifi_interface/wifi_interface_s__rosidl_typesupport_c.cpython-310-x86_64-linux-gnu.so
[7.034s] -- Installing: /home/ubuntu/intel-edge-ai-sw-8/2601_4th_proj_dahyeon/pkgs/wifi_interface/install/wifi_interface/local/lib/python3.10/dist-packages/wifi_interface/libwifi_interface__rosidl_generator_py.so
[7.034s] -- Installing: /home/ubuntu/intel-edge-ai-sw-8/2601_4th_proj_dahyeon/pkgs/wifi_interface/install/wifi_interface/local/lib/python3.10/dist-packages/wifi_interface/wifi_interface_s__rosidl_typesupport_fastrtps_c.cpython-310-x86_64-linux-gnu.so
[7.034s] -- Installing: /home/ubuntu/intel-edge-ai-sw-8/2601_4th_proj_dahyeon/pkgs/wifi_interface/install/wifi_interface/local/lib/python3.10/dist-packages/wifi_interface/_wifi_interface_s.ep.rosidl_typesupport_c.c
[7.034s] -- Installing: /home/ubuntu/intel-edge-ai-sw-8/2601_4th_proj_dahyeon/pkgs/wifi_interface/install/wifi_interface/local/lib/python3.10/dist-packages/wifi_interface/wifi_interface_s__rosidl_typesupport_introspection_c.cpython-310-x86_64-linux-gnu.so
[7.034s] -- Installing: /home/ubuntu/intel-edge-ai-sw-8/2601_4th_proj_dahyeon/pkgs/wifi_interface/install/wifi_interface/local/lib/python3.10/dist-packages/wifi_interface/__init__.py
[7.047s] Listing '/home/ubuntu/intel-edge-ai-sw-8/2601_4th_proj_dahyeon/pkgs/wifi_interface/install/wifi_interface/local/lib/python3.10/dist-packages/wifi_interface'...
[7.047s] Compiling '/home/ubuntu/intel-edge-ai-sw-8/2601_4th_proj_dahyeon/pkgs/wifi_interface/install/wifi_interface/local/lib/python3.10/dist-packages/wifi_interface/__init__.py'...
[7.047s] Listing '/home/ubuntu/intel-edge-ai-sw-8/2601_4th_proj_dahyeon/pkgs/wifi_interface/install/wifi_interface/local/lib/python3.10/dist-packages/wifi_interface/msg'...
[7.047s] Compiling '/home/ubuntu/intel-edge-ai-sw-8/2601_4th_proj_dahyeon/pkgs/wifi_interface/install/wifi_interface/local/lib/python3.10/dist-packages/wifi_interface/msg/__init__.py'...
[7.047s] Compiling '/home/ubuntu/intel-edge-ai-sw-8/2601_4th_proj_dahyeon/pkgs/wifi_interface/install/wifi_interface/local/lib/python3.10/dist-packages/wifi_interface/msg/_wifi_fused.py'...
[7.047s] Compiling '/home/ubuntu/intel-edge-ai-sw-8/2601_4th_proj_dahyeon/pkgs/wifi_interface/install/wifi_interface/local/lib/python3.10/dist-packages/wifi_interface/msg/_wifi_rssi.py'...
[7.051s] -- Installing: /home/ubuntu/intel-edge-ai-sw-8/2601_4th_proj_dahyeon/pkgs/wifi_interface/install/wifi_interface/local/lib/python3.10/dist-packages/wifi_interface/wifi_interface_s__rosidl_typesupport_fastrtps_c.cpython-310-x86_64-linux-gnu.so
[7.051s] -- Set runtime path of "/home/ubuntu/intel-edge-ai-sw-8/2601_4th_proj_dahyeon/pkgs/wifi_interface/install/wifi_interface/local/lib/python3.10/dist-packages/wifi_interface/wifi_interface_s__rosidl_typesupport_fastrtps_c.cpython-310-x86_64-linux-gnu.so" to ""
[7.051s] -- Installing: /home/ubuntu/intel-edge-ai-sw-8/2601_4th_proj_dahyeon/pkgs/wifi_interface/install/wifi_interface/local/lib/python3.10/dist-packages/wifi_interface/wifi_interface_s__rosidl_typesupport_introspection_c.cpython-310-x86_64-linux-gnu.so
[7.052s] -- Set runtime path of "/home/ubuntu/intel-edge-ai-sw-8/2601_4th_proj_dahyeon/pkgs/wifi_interface/install/wifi_interface/local/lib/python3.10/dist-packages/wifi_interface/wifi_interface_s__rosidl_typesupport_introspection_c.cpython-310-x86_64-linux-gnu.so" to ""
[7.052s] -- Installing: /home/ubuntu/intel-edge-ai-sw-8/2601_4th_proj_dahyeon/pkgs/wifi_interface/install/wifi_interface/local/lib/python3.10/dist-packages/wifi_interface/wifi_interface_s__rosidl_typesupport_c.cpython-310-x86_64-linux-gnu.so
[7.052s] -- Set runtime path of "/home/ubuntu/intel-edge-ai-sw-8/2601_4th_proj_dahyeon/pkgs/wifi_interface/install/wifi_interface/local/lib/python3.10/dist-packages/wifi_interface/wifi_interface_s__rosidl_typesupport_c.cpython-310-x86_64-linux-gnu.so" to ""
[7.052s] -- Installing: /home/ubuntu/intel-edge-ai-sw-8/2601_4th_proj_dahyeon/pkgs/wifi_interface/install/wifi_interface/lib/libwifi_interface__rosidl_generator_py.so
[7.052s] -- Set runtime path of "/home/ubuntu/intel-edge-ai-sw-8/2601_4th_proj_dahyeon/pkgs/wifi_interface/install/wifi_interface/lib/libwifi_interface__rosidl_generator_py.so" to ""
[7.053s] -- Installing: /home/ubuntu/intel-edge-ai-sw-8/2601_4th_proj_dahyeon/pkgs/wifi_interface/install/wifi_interface/share/wifi_interface/msg/WifiRssi.idl
[7.053s] -- Installing: /home/ubuntu/intel-edge-ai-sw-8/2601_4th_proj_dahyeon/pkgs/wifi_interface/install/wifi_interface/share/wifi_interface/msg/WifiFused.idl
[7.057s] -- Installing: /home/ubuntu/intel-edge-ai-sw-8/2601_4th_proj_dahyeon/pkgs/wifi_interface/install/wifi_interface/share/wifi_interface/msg/WifiRssi.msg
[7.057s] -- Installing: /home/ubuntu/intel-edge-ai-sw-8/2601_4th_proj_dahyeon/pkgs/wifi_interface/install/wifi_interface/share/wifi_interface/msg/WifiFused.msg
[7.057s] -- Installing: /home/ubuntu/intel-edge-ai-sw-8/2601_4th_proj_dahyeon/pkgs/wifi_interface/install/wifi_interface/share/ament_index/resource_index/package_run_dependencies/wifi_interface
[7.057s] -- Installing: /home/ubuntu/intel-edge-ai-sw-8/2601_4th_proj_dahyeon/pkgs/wifi_interface/install/wifi_interface/share/ament_index/resource_index/parent_prefix_path/wifi_interface
[7.057s] -- Installing: /home/ubuntu/intel-edge-ai-sw-8/2601_4th_proj_dahyeon/pkgs/wifi_interface/install/wifi_interface/share/wifi_interface/environment/ament_prefix_path.sh
[7.057s] -- Installing: /home/ubuntu/intel-edge-ai-sw-8/2601_4th_proj_dahyeon/pkgs/wifi_interface/install/wifi_interface/share/wifi_interface/environment/ament_prefix_path.dsv
[7.057s] -- Installing: /home/ubuntu/intel-edge-ai-sw-8/2601_4th_proj_dahyeon/pkgs/wifi_interface/install/wifi_interface/share/wifi_interface/environment/path.sh
[7.057s] -- Installing: /home/ubuntu/intel-edge-ai-sw-8/2601_4th_proj_dahyeon/pkgs/wifi_interface/install/wifi_interface/share/wifi_interface/environment/path.dsv
[7.057s] -- Installing: /home/ubuntu/intel-edge-ai-sw-8/2601_4th_proj_dahyeon/pkgs/wifi_interface/install/wifi_interface/share/wifi_interface/local_setup.bash
[7.057s] -- Installing: /home/ubuntu/intel-edge-ai-sw-8/2601_4th_proj_dahyeon/pkgs/wifi_interface/install/wifi_interface/share/wifi_interface/local_setup.sh
[7.057s] -- Installing: /home/ubuntu/intel-edge-ai-sw-8/2601_4th_proj_dahyeon/pkgs/wifi_interface/install/wifi_interface/share/wifi_interface/local_setup.zsh
[7.057s] -- Installing: /home/ubuntu/intel-edge-ai-sw-8/2601_4th_proj_dahyeon/pkgs/wifi_interface/install/wifi_interface/share/wifi_interface/local_setup.dsv
[7.057s] -- Installing: /home/ubuntu/intel-edge-ai-sw-8/2601_4th_proj_dahyeon/pkgs/wifi_interface/install/wifi_interface/share/wifi_interface/package.dsv
[7.057s] -- Installing: /home/ubuntu/intel-edge-ai-sw-8/2601_4th_proj_dahyeon/pkgs/wifi_interface/install/wifi_interface/share/ament_index/resource_index/packages/wifi_interface
[7.057s] -- Installing: /home/ubuntu/intel-edge-ai-sw-8/2601_4th_proj_dahyeon/pkgs/wifi_interface/install/wifi_interface/share/wifi_interface/cmake/export_wifi_interface__rosidl_generator_cExport.cmake
[7.057s] -- Installing: /home/ubuntu/intel-edge-ai-sw-8/2601_4th_proj_dahyeon/pkgs/wifi_interface/install/wifi_interface/share/wifi_interface/cmake/export_wifi_interface__rosidl_generator_cExport-noconfig.cmake
[7.057s] -- Installing: /home/ubuntu/intel-edge-ai-sw-8/2601_4th_proj_dahyeon/pkgs/wifi_interface/install/wifi_interface/share/wifi_interface/cmake/export_wifi_interface__rosidl_typesupport_fastrtps_cExport.cmake
[7.057s] -- Installing: /home/ubuntu/intel-edge-ai-sw-8/2601_4th_proj_dahyeon/pkgs/wifi_interface/install/wifi_interface/share/wifi_interface/cmake/export_wifi_interface__rosidl_typesupport_fastrtps_cExport-noconfig.cmake
[7.057s] -- Installing: /home/ubuntu/intel-edge-ai-sw-8/2601_4th_proj_dahyeon/pkgs/wifi_interface/install/wifi_interface/share/wifi_interface/cmake/wifi_interface__rosidl_typesupport_introspection_cExport.cmake
[7.057s] -- Installing: /home/ubuntu/intel-edge-ai-sw-8/2601_4th_proj_dahyeon/pkgs/wifi_interface/install/wifi_interface/share/wifi_interface/cmake/wifi_interface__rosidl_typesupport_introspection_cExport-noconfig.cmake
[7.057s] -- Installing: /home/ubuntu/intel-edge-ai-sw-8/2601_4th_proj_dahyeon/pkgs/wifi_interface/install/wifi_interface/share/wifi_interface/cmake/wifi_interface__rosidl_typesupport_cExport.cmake
[7.057s] -- Installing: /home/ubuntu/intel-edge-ai-sw-8/2601_4th_proj_dahyeon/pkgs/wifi_interface/install/wifi_interface/share/wifi_interface/cmake/wifi_interface__rosidl_typesupport_cExport-noconfig.cmake
[7.057s] -- Installing: /home/ubuntu/intel-edge-ai-sw-8/2601_4th_proj_dahyeon/pkgs/wifi_interface/install/wifi_interface/share/wifi_interface/cmake/export_wifi_interface__rosidl_generator_cppExport.cmake
[7.057s] -- Installing: /home/ubuntu/intel-edge-ai-sw-8/2601_4th_proj_dahyeon/pkgs/wifi_interface/install/wifi_interface/share/wifi_interface/cmake/export_wifi_interface__rosidl_typesupport_fastrtps_cppExport.cmake
[7.057s] -- Installing: /home/ubuntu/intel-edge-ai-sw-8/2601_4th_proj_dahyeon/pkgs/wifi_interface/install/wifi_interface/share/wifi_interface/cmake/export_wifi_interface__rosidl_typesupport_fastrtps_cppExport-noconfig.cmake
[7.057s] -- Installing: /home/ubuntu/intel-edge-ai-sw-8/2601_4th_proj_dahyeon/pkgs/wifi_interface/install/wifi_interface/share/wifi_interface/cmake/wifi_interface__rosidl_typesupport_introspection_cppExport.cmake
[7.057s] -- Installing: /home/ubuntu/intel-edge-ai-sw-8/2601_4th_proj_dahyeon/pkgs/wifi_interface/install/wifi_interface/share/wifi_interface/cmake/wifi_interface__rosidl_typesupport_introspection_cppExport-noconfig.cmake
[7.057s] -- Installing: /home/ubuntu/intel-edge-ai-sw-8/2601_4th_proj_dahyeon/pkgs/wifi_interface/install/wifi_interface/share/wifi_interface/cmake/wifi_interface__rosidl_typesupport_cppExport.cmake
[7.057s] -- Installing: /home/ubuntu/intel-edge-ai-sw-8/2601_4th_proj_dahyeon/pkgs/wifi_interface/install/wifi_interface/share/wifi_interface/cmake/wifi_interface__rosidl_typesupport_cppExport-noconfig.cmake
[7.057s] -- Installing: /home/ubuntu/intel-edge-ai-sw-8/2601_4th_proj_dahyeon/pkgs/wifi_interface/install/wifi_interface/share/wifi_interface/cmake/export_wifi_interface__rosidl_generator_pyExport.cmake
[7.057s] -- Installing: /home/ubuntu/intel-edge-ai-sw-8/2601_4th_proj_dahyeon/pkgs/wifi_interface/install/wifi_interface/share/wifi_interface/cmake/export_wifi_interface__rosidl_generator_pyExport-noconfig.cmake
[7.057s] -- Installing: /home/ubuntu/intel-edge-ai-sw-8/2601_4th_proj_dahyeon/pkgs/wifi_interface/install/wifi_interface/share/wifi_interface/cmake/rosidl_cmake-extras.cmake
[7.057s] -- Installing: /home/ubuntu/intel-edge-ai-sw-8/2601_4th_proj_dahyeon/pkgs/wifi_interface/install/wifi_interface/share/wifi_interface/cmake/ament_cmake_export_dependencies-extras.cmake
[7.057s] -- Installing: /home/ubuntu/intel-edge-ai-sw-8/2601_4th_proj_dahyeon/pkgs/wifi_interface/install/wifi_interface/share/wifi_interface/cmake/ament_cmake_export_include_directories-extras.cmake
[7.057s] -- Installing: /home/ubuntu/intel-edge-ai-sw-8/2601_4th_proj_dahyeon/pkgs/wifi_interface/install/wifi_interface/share/wifi_interface/cmake/ament_cmake_export_libraries-extras.cmake
[7.057s] -- Installing: /home/ubuntu/intel-edge-ai-sw-8/2601_4th_proj_dahyeon/pkgs/wifi_interface/install/wifi_interface/share/wifi_interface/cmake/ament_cmake_export_targets-extras.cmake
[7.057s] -- Installing: /home/ubuntu/intel-edge-ai-sw-8/2601_4th_proj_dahyeon/pkgs/wifi_interface/install/wifi_interface/share/wifi_interface/cmake/rosidl_cmake_export_typesupport_targets-extras.cmake
[7.057s] -- Installing: /home/ubuntu/intel-edge-ai-sw-8/2601_4th_proj_dahyeon/pkgs/wifi_interface/install/wifi_interface/share/wifi_interface/cmake/rosidl_cmake_export_typesupport_libraries-extras.cmake
[7.058s] -- Installing: /home/ubuntu/intel-edge-ai-sw-8/2601_4th_proj_dahyeon/pkgs/wifi_interface/install/wifi_interface/share/wifi_interface/cmake/wifi_interfaceConfig.cmake
[7.058s] -- Installing: /home/ubuntu/intel-edge-ai-sw-8/2601_4th_proj_dahyeon/pkgs/wifi_interface/install/wifi_interface/share/wifi_interface/cmake/wifi_interfaceConfig-version.cmake
[7.058s] -- Installing: /home/ubuntu/intel-edge-ai-sw-8/2601_4th_proj_dahyeon/pkgs/wifi_interface/install/wifi_interface/share/wifi_interface/package.xml
[7.060s] Invoked command in '/home/ubuntu/intel-edge-ai-sw-8/2601_4th_proj_dahyeon/pkgs/wifi_interface/build/wifi_interface' returned '0': CMAKE_PREFIX_PATH=${CMAKE_PREFIX_PATH}:/home/ubuntu/turtlebot3_ws/install/turtlebot3_teleop:/home/ubuntu/turtlebot3_ws/install/turtlebot3_example:/home/ubuntu/turtlebot3_ws/install/my_waypoint:/home/ubuntu/turtlebot3_ws/install/my_comm_pkg:/opt/ros/humble /usr/bin/cmake --install /home/ubuntu/intel-edge-ai-sw-8/2601_4th_proj_dahyeon/pkgs/wifi_interface/build/wifi_interface
