[0.071s] DEBUG:colcon:Command line arguments: ['/usr/bin/colcon', 'build', '--packages-select', 'wifi_interface']
[0.071s] DEBUG:colcon:Parsed command line arguments: Namespace(log_base=None, log_level=None, verb_name='build', build_base='build', install_base='install', merge_install=False, symlink_install=False, test_result_base=None, continue_on_error=False, executor='parallel', parallel_workers=4, event_handlers=None, ignore_user_meta=False, metas=['./colcon.meta'], base_paths=['.'], packages_ignore=None, packages_ignore_regex=None, paths=None, packages_up_to=None, packages_up_to_regex=None, packages_above=None, packages_above_and_dependencies=None, packages_above_depth=None, packages_select_by_dep=None, packages_skip_by_dep=None, packages_skip_up_to=None, packages_select_build_failed=False, packages_skip_build_finished=False, packages_select_test_failures=False, packages_skip_test_passed=False, packages_select=['wifi_interface'], packages_skip=None, packages_select_regex=None, packages_skip_regex=None, packages_start=None, packages_end=None, allow_overriding=[], cmake_args=None, cmake_target=None, cmake_target_skip_unavailable=False, cmake_clean_cache=False, cmake_clean_first=False, cmake_force_configure=False, ament_cmake_args=None, catkin_cmake_args=None, catkin_skip_building_tests=False, mixin_files=None, mixin=None, verb_parser=<colcon_mixin.mixin.mixin_argument.MixinArgumentDecorator object at 0x7a3c3d098280>, verb_extension=<colcon_core.verb.build.BuildVerb object at 0x7a3c3d0199c0>, main=<bound method BuildVerb.main of <colcon_core.verb.build.BuildVerb object at 0x7a3c3d0199c0>>, mixin_verb=('build',))
[0.160s] Level 1:colcon.colcon_core.package_discovery:discover_packages(colcon_meta) check parameters
[0.160s] Level 1:colcon.colcon_core.package_discovery:discover_packages(recursive) check parameters
[0.160s] Level 1:colcon.colcon_core.package_discovery:discover_packages(ignore) check parameters
[0.160s] Level 1:colcon.colcon_core.package_discovery:discover_packages(path) check parameters
[0.160s] Level 1:colcon.colcon_core.package_discovery:discover_packages(colcon_meta) discover
[0.160s] Level 1:colcon.colcon_core.package_discovery:discover_packages(recursive) discover
[0.160s] INFO:colcon.colcon_core.package_discovery:Crawling recursively for packages in '/home/ubuntu/intel-edge-ai-sw-8/2601_4th_proj_dahyeon/pkgs/wifi_interface'
[0.161s] Level 1:colcon.colcon_core.package_identification:_identify(.) by extensions ['ignore', 'ignore_ament_install']
[0.161s] Level 1:colcon.colcon_core.package_identification:_identify(.) by extension 'ignore'
[0.161s] Level 1:colcon.colcon_core.package_identification:_identify(.) by extension 'ignore_ament_install'
[0.161s] Level 1:colcon.colcon_core.package_identification:_identify(.) by extensions ['colcon_pkg']
[0.161s] Level 1:colcon.colcon_core.package_identification:_identify(.) by extension 'colcon_pkg'
[0.161s] Level 1:colcon.colcon_core.package_identification:_identify(.) by extensions ['colcon_meta']
[0.161s] Level 1:colcon.colcon_core.package_identification:_identify(.) by extension 'colcon_meta'
[0.161s] Level 1:colcon.colcon_core.package_identification:_identify(.) by extensions ['ros']
[0.161s] Level 1:colcon.colcon_core.package_identification:_identify(.) by extension 'ros'
[0.169s] DEBUG:colcon.colcon_core.package_identification:Package '.' with type 'ros.ament_cmake' and name 'wifi_interface'
[0.169s] Level 1:colcon.colcon_core.package_discovery:discover_packages(recursive) using defaults
[0.169s] Level 1:colcon.colcon_core.package_discovery:discover_packages(ignore) discover
[0.169s] Level 1:colcon.colcon_core.package_discovery:discover_packages(ignore) using defaults
[0.169s] Level 1:colcon.colcon_core.package_discovery:discover_packages(path) discover
[0.169s] Level 1:colcon.colcon_core.package_discovery:discover_packages(path) using defaults
[0.195s] Level 1:colcon.colcon_core.package_discovery:discover_packages(prefix_path) check parameters
[0.195s] Level 1:colcon.colcon_core.package_discovery:discover_packages(prefix_path) discover
[0.196s] WARNING:colcon.colcon_ros.prefix_path.catkin:The path '/home/ubuntu/turtlebot3_ws/install/wifi_interface' in the environment variable CMAKE_PREFIX_PATH doesn't exist
[0.197s] DEBUG:colcon.colcon_installed_package_information.package_discovery:Found 20 installed packages in /home/ubuntu/turtlebot3_ws/install
[0.198s] DEBUG:colcon.colcon_installed_package_information.package_discovery:Found 367 installed packages in /opt/ros/humble
[0.199s] Level 1:colcon.colcon_core.package_discovery:discover_packages(prefix_path) using defaults
[0.220s] Level 5:colcon.colcon_core.verb:set package 'wifi_interface' build argument 'cmake_args' from command line to 'None'
[0.220s] Level 5:colcon.colcon_core.verb:set package 'wifi_interface' build argument 'cmake_target' from command line to 'None'
[0.220s] Level 5:colcon.colcon_core.verb:set package 'wifi_interface' build argument 'cmake_target_skip_unavailable' from command line to 'False'
[0.220s] Level 5:colcon.colcon_core.verb:set package 'wifi_interface' build argument 'cmake_clean_cache' from command line to 'False'
[0.220s] Level 5:colcon.colcon_core.verb:set package 'wifi_interface' build argument 'cmake_clean_first' from command line to 'False'
[0.220s] Level 5:colcon.colcon_core.verb:set package 'wifi_interface' build argument 'cmake_force_configure' from command line to 'False'
[0.220s] Level 5:colcon.colcon_core.verb:set package 'wifi_interface' build argument 'ament_cmake_args' from command line to 'None'
[0.220s] Level 5:colcon.colcon_core.verb:set package 'wifi_interface' build argument 'catkin_cmake_args' from command line to 'None'
[0.220s] Level 5:colcon.colcon_core.verb:set package 'wifi_interface' build argument 'catkin_skip_building_tests' from command line to 'False'
[0.220s] DEBUG:colcon.colcon_core.verb:Building package 'wifi_interface' with the following arguments: {'ament_cmake_args': None, 'build_base': '/home/ubuntu/intel-edge-ai-sw-8/2601_4th_proj_dahyeon/pkgs/wifi_interface/build/wifi_interface', 'catkin_cmake_args': None, 'catkin_skip_building_tests': False, 'cmake_args': None, 'cmake_clean_cache': False, 'cmake_clean_first': False, 'cmake_force_configure': False, 'cmake_target': None, 'cmake_target_skip_unavailable': False, 'install_base': '/home/ubuntu/intel-edge-ai-sw-8/2601_4th_proj_dahyeon/pkgs/wifi_interface/install/wifi_interface', 'merge_install': False, 'path': '/home/ubuntu/intel-edge-ai-sw-8/2601_4th_proj_dahyeon/pkgs/wifi_interface', 'symlink_install': False, 'test_result_base': None}
[0.220s] INFO:colcon.colcon_core.executor:Executing jobs using 'parallel' executor
[0.221s] DEBUG:colcon.colcon_parallel_executor.executor.parallel:run_until_complete
[0.221s] INFO:colcon.colcon_ros.task.ament_cmake.build:Building ROS package in '/home/ubuntu/intel-edge-ai-sw-8/2601_4th_proj_dahyeon/pkgs/wifi_interface' with build type 'ament_cmake'
[0.221s] INFO:colcon.colcon_cmake.task.cmake.build:Building CMake package in '/home/ubuntu/intel-edge-ai-sw-8/2601_4th_proj_dahyeon/pkgs/wifi_interface'
[0.224s] INFO:colcon.colcon_core.plugin_system:Skipping extension 'colcon_core.shell.bat': Not used on non-Windows systems
[0.224s] INFO:colcon.colcon_core.shell:Skip shell extension 'powershell' for command environment: Not usable outside of PowerShell
[0.224s] DEBUG:colcon.colcon_core.shell:Skip shell extension 'dsv' for command environment
[0.243s] DEBUG:colcon.colcon_core.event_handler.log_command:Invoking command in '/home/ubuntu/intel-edge-ai-sw-8/2601_4th_proj_dahyeon/pkgs/wifi_interface/build/wifi_interface': CMAKE_PREFIX_PATH=${CMAKE_PREFIX_PATH}:/home/ubuntu/turtlebot3_ws/install/turtlebot3_teleop:/home/ubuntu/turtlebot3_ws/install/turtlebot3_example:/home/ubuntu/turtlebot3_ws/install/my_waypoint:/home/ubuntu/turtlebot3_ws/install/my_comm_pkg:/opt/ros/humble /usr/bin/cmake /home/ubuntu/intel-edge-ai-sw-8/2601_4th_proj_dahyeon/pkgs/wifi_interface -DCMAKE_INSTALL_PREFIX=/home/ubuntu/intel-edge-ai-sw-8/2601_4th_proj_dahyeon/pkgs/wifi_interface/install/wifi_interface
[1.745s] DEBUG:colcon.colcon_core.event_handler.log_command:Invoked command in '/home/ubuntu/intel-edge-ai-sw-8/2601_4th_proj_dahyeon/pkgs/wifi_interface/build/wifi_interface' returned '0': CMAKE_PREFIX_PATH=${CMAKE_PREFIX_PATH}:/home/ubuntu/turtlebot3_ws/install/turtlebot3_teleop:/home/ubuntu/turtlebot3_ws/install/turtlebot3_example:/home/ubuntu/turtlebot3_ws/install/my_waypoint:/home/ubuntu/turtlebot3_ws/install/my_comm_pkg:/opt/ros/humble /usr/bin/cmake /home/ubuntu/intel-edge-ai-sw-8/2601_4th_proj_dahyeon/pkgs/wifi_interface -DCMAKE_INSTALL_PREFIX=/home/ubuntu/intel-edge-ai-sw-8/2601_4th_proj_dahyeon/pkgs/wifi_interface/install/wifi_interface
[1.748s] DEBUG:colcon.colcon_core.event_handler.log_command:Invoking command in '/home/ubuntu/intel-edge-ai-sw-8/2601_4th_proj_dahyeon/pkgs/wifi_interface/build/wifi_interface': CMAKE_PREFIX_PATH=${CMAKE_PREFIX_PATH}:/home/ubuntu/turtlebot3_ws/install/turtlebot3_teleop:/home/ubuntu/turtlebot3_ws/install/turtlebot3_example:/home/ubuntu/turtlebot3_ws/install/my_waypoint:/home/ubuntu/turtlebot3_ws/install/my_comm_pkg:/opt/ros/humble /usr/bin/cmake --build /home/ubuntu/intel-edge-ai-sw-8/2601_4th_proj_dahyeon/pkgs/wifi_interface/build/wifi_interface -- -j4 -l4
[7.208s] DEBUG:colcon.colcon_core.event_handler.log_command:Invoked command in '/home/ubuntu/intel-edge-ai-sw-8/2601_4th_proj_dahyeon/pkgs/wifi_interface/build/wifi_interface' returned '0': CMAKE_PREFIX_PATH=${CMAKE_PREFIX_PATH}:/home/ubuntu/turtlebot3_ws/install/turtlebot3_teleop:/home/ubuntu/turtlebot3_ws/install/turtlebot3_example:/home/ubuntu/turtlebot3_ws/install/my_waypoint:/home/ubuntu/turtlebot3_ws/install/my_comm_pkg:/opt/ros/humble /usr/bin/cmake --build /home/ubuntu/intel-edge-ai-sw-8/2601_4th_proj_dahyeon/pkgs/wifi_interface/build/wifi_interface -- -j4 -l4
[7.223s] DEBUG:colcon.colcon_core.event_handler.log_command:Invoking command in '/home/ubuntu/intel-edge-ai-sw-8/2601_4th_proj_dahyeon/pkgs/wifi_interface/build/wifi_interface': CMAKE_PREFIX_PATH=${CMAKE_PREFIX_PATH}:/home/ubuntu/turtlebot3_ws/install/turtlebot3_teleop:/home/ubuntu/turtlebot3_ws/install/turtlebot3_example:/home/ubuntu/turtlebot3_ws/install/my_waypoint:/home/ubuntu/turtlebot3_ws/install/my_comm_pkg:/opt/ros/humble /usr/bin/cmake --install /home/ubuntu/intel-edge-ai-sw-8/2601_4th_proj_dahyeon/pkgs/wifi_interface/build/wifi_interface
[7.280s] Level 1:colcon.colcon_core.environment:create_environment_scripts_only(wifi_interface)
[7.281s] DEBUG:colcon.colcon_core.event_handler.log_command:Invoked command in '/home/ubuntu/intel-edge-ai-sw-8/2601_4th_proj_dahyeon/pkgs/wifi_interface/build/wifi_interface' returned '0': CMAKE_PREFIX_PATH=${CMAKE_PREFIX_PATH}:/home/ubuntu/turtlebot3_ws/install/turtlebot3_teleop:/home/ubuntu/turtlebot3_ws/install/turtlebot3_example:/home/ubuntu/turtlebot3_ws/install/my_waypoint:/home/ubuntu/turtlebot3_ws/install/my_comm_pkg:/opt/ros/humble /usr/bin/cmake --install /home/ubuntu/intel-edge-ai-sw-8/2601_4th_proj_dahyeon/pkgs/wifi_interface/build/wifi_interface
[7.283s] Level 1:colcon.colcon_core.environment:checking '/home/ubuntu/intel-edge-ai-sw-8/2601_4th_proj_dahyeon/pkgs/wifi_interface/install/wifi_interface' for CMake module files
[7.283s] Level 1:colcon.colcon_core.environment:checking '/home/ubuntu/intel-edge-ai-sw-8/2601_4th_proj_dahyeon/pkgs/wifi_interface/install/wifi_interface' for CMake config files
[7.285s] Level 1:colcon.colcon_core.shell:create_environment_hook('wifi_interface', 'cmake_prefix_path')
[7.285s] INFO:colcon.colcon_core.shell:Creating environment hook '/home/ubuntu/intel-edge-ai-sw-8/2601_4th_proj_dahyeon/pkgs/wifi_interface/install/wifi_interface/share/wifi_interface/hook/cmake_prefix_path.ps1'
[7.285s] INFO:colcon.colcon_core.shell:Creating environment descriptor '/home/ubuntu/intel-edge-ai-sw-8/2601_4th_proj_dahyeon/pkgs/wifi_interface/install/wifi_interface/share/wifi_interface/hook/cmake_prefix_path.dsv'
[7.285s] INFO:colcon.colcon_core.shell:Creating environment hook '/home/ubuntu/intel-edge-ai-sw-8/2601_4th_proj_dahyeon/pkgs/wifi_interface/install/wifi_interface/share/wifi_interface/hook/cmake_prefix_path.sh'
[7.286s] Level 1:colcon.colcon_core.environment:checking '/home/ubuntu/intel-edge-ai-sw-8/2601_4th_proj_dahyeon/pkgs/wifi_interface/install/wifi_interface/lib'
[7.286s] Level 1:colcon.colcon_core.shell:create_environment_hook('wifi_interface', 'ld_library_path_lib')
[7.286s] INFO:colcon.colcon_core.shell:Creating environment hook '/home/ubuntu/intel-edge-ai-sw-8/2601_4th_proj_dahyeon/pkgs/wifi_interface/install/wifi_interface/share/wifi_interface/hook/ld_library_path_lib.ps1'
[7.286s] INFO:colcon.colcon_core.shell:Creating environment descriptor '/home/ubuntu/intel-edge-ai-sw-8/2601_4th_proj_dahyeon/pkgs/wifi_interface/install/wifi_interface/share/wifi_interface/hook/ld_library_path_lib.dsv'
[7.288s] INFO:colcon.colcon_core.shell:Creating environment hook '/home/ubuntu/intel-edge-ai-sw-8/2601_4th_proj_dahyeon/pkgs/wifi_interface/install/wifi_interface/share/wifi_interface/hook/ld_library_path_lib.sh'
[7.288s] Level 1:colcon.colcon_core.environment:checking '/home/ubuntu/intel-edge-ai-sw-8/2601_4th_proj_dahyeon/pkgs/wifi_interface/install/wifi_interface/bin'
[7.288s] Level 1:colcon.colcon_core.environment:checking '/home/ubuntu/intel-edge-ai-sw-8/2601_4th_proj_dahyeon/pkgs/wifi_interface/install/wifi_interface/lib/pkgconfig/wifi_interface.pc'
[7.288s] Level 1:colcon.colcon_core.environment:checking '/home/ubuntu/intel-edge-ai-sw-8/2601_4th_proj_dahyeon/pkgs/wifi_interface/install/wifi_interface/lib/python3.10/site-packages'
[7.289s] Level 1:colcon.colcon_core.environment:checking '/home/ubuntu/intel-edge-ai-sw-8/2601_4th_proj_dahyeon/pkgs/wifi_interface/install/wifi_interface/bin'
[7.289s] INFO:colcon.colcon_core.shell:Creating package script '/home/ubuntu/intel-edge-ai-sw-8/2601_4th_proj_dahyeon/pkgs/wifi_interface/install/wifi_interface/share/wifi_interface/package.ps1'
[7.289s] INFO:colcon.colcon_core.shell:Creating package descriptor '/home/ubuntu/intel-edge-ai-sw-8/2601_4th_proj_dahyeon/pkgs/wifi_interface/install/wifi_interface/share/wifi_interface/package.dsv'
[7.290s] INFO:colcon.colcon_core.shell:Creating package script '/home/ubuntu/intel-edge-ai-sw-8/2601_4th_proj_dahyeon/pkgs/wifi_interface/install/wifi_interface/share/wifi_interface/package.sh'
[7.293s] INFO:colcon.colcon_core.shell:Creating package script '/home/ubuntu/intel-edge-ai-sw-8/2601_4th_proj_dahyeon/pkgs/wifi_interface/install/wifi_interface/share/wifi_interface/package.bash'
[7.294s] INFO:colcon.colcon_core.shell:Creating package script '/home/ubuntu/intel-edge-ai-sw-8/2601_4th_proj_dahyeon/pkgs/wifi_interface/install/wifi_interface/share/wifi_interface/package.zsh'
[7.294s] Level 1:colcon.colcon_core.environment:create_file_with_runtime_dependencies(/home/ubuntu/intel-edge-ai-sw-8/2601_4th_proj_dahyeon/pkgs/wifi_interface/install/wifi_interface/share/colcon-core/packages/wifi_interface)
[7.295s] Level 1:colcon.colcon_core.environment:create_environment_scripts_only(wifi_interface)
[7.295s] Level 1:colcon.colcon_core.environment:checking '/home/ubuntu/intel-edge-ai-sw-8/2601_4th_proj_dahyeon/pkgs/wifi_interface/install/wifi_interface' for CMake module files
[7.295s] Level 1:colcon.colcon_core.environment:checking '/home/ubuntu/intel-edge-ai-sw-8/2601_4th_proj_dahyeon/pkgs/wifi_interface/install/wifi_interface' for CMake config files
[7.295s] Level 1:colcon.colcon_core.shell:create_environment_hook('wifi_interface', 'cmake_prefix_path')
[7.296s] INFO:colcon.colcon_core.shell:Creating environment hook '/home/ubuntu/intel-edge-ai-sw-8/2601_4th_proj_dahyeon/pkgs/wifi_interface/install/wifi_interface/share/wifi_interface/hook/cmake_prefix_path.ps1'
[7.298s] INFO:colcon.colcon_core.shell:Creating environment descriptor '/home/ubuntu/intel-edge-ai-sw-8/2601_4th_proj_dahyeon/pkgs/wifi_interface/install/wifi_interface/share/wifi_interface/hook/cmake_prefix_path.dsv'
[7.298s] INFO:colcon.colcon_core.shell:Creating environment hook '/home/ubuntu/intel-edge-ai-sw-8/2601_4th_proj_dahyeon/pkgs/wifi_interface/install/wifi_interface/share/wifi_interface/hook/cmake_prefix_path.sh'
[7.299s] Level 1:colcon.colcon_core.environment:checking '/home/ubuntu/intel-edge-ai-sw-8/2601_4th_proj_dahyeon/pkgs/wifi_interface/install/wifi_interface/lib'
[7.299s] Level 1:colcon.colcon_core.shell:create_environment_hook('wifi_interface', 'ld_library_path_lib')
[7.299s] INFO:colcon.colcon_core.shell:Creating environment hook '/home/ubuntu/intel-edge-ai-sw-8/2601_4th_proj_dahyeon/pkgs/wifi_interface/install/wifi_interface/share/wifi_interface/hook/ld_library_path_lib.ps1'
[7.300s] INFO:colcon.colcon_core.shell:Creating environment descriptor '/home/ubuntu/intel-edge-ai-sw-8/2601_4th_proj_dahyeon/pkgs/wifi_interface/install/wifi_interface/share/wifi_interface/hook/ld_library_path_lib.dsv'
[7.301s] INFO:colcon.colcon_core.shell:Creating environment hook '/home/ubuntu/intel-edge-ai-sw-8/2601_4th_proj_dahyeon/pkgs/wifi_interface/install/wifi_interface/share/wifi_interface/hook/ld_library_path_lib.sh'
[7.302s] Level 1:colcon.colcon_core.environment:checking '/home/ubuntu/intel-edge-ai-sw-8/2601_4th_proj_dahyeon/pkgs/wifi_interface/install/wifi_interface/bin'
[7.302s] Level 1:colcon.colcon_core.environment:checking '/home/ubuntu/intel-edge-ai-sw-8/2601_4th_proj_dahyeon/pkgs/wifi_interface/install/wifi_interface/lib/pkgconfig/wifi_interface.pc'
[7.302s] Level 1:colcon.colcon_core.environment:checking '/home/ubuntu/intel-edge-ai-sw-8/2601_4th_proj_dahyeon/pkgs/wifi_interface/install/wifi_interface/lib/python3.10/site-packages'
[7.302s] Level 1:colcon.colcon_core.environment:checking '/home/ubuntu/intel-edge-ai-sw-8/2601_4th_proj_dahyeon/pkgs/wifi_interface/install/wifi_interface/bin'
[7.302s] INFO:colcon.colcon_core.shell:Creating package script '/home/ubuntu/intel-edge-ai-sw-8/2601_4th_proj_dahyeon/pkgs/wifi_interface/install/wifi_interface/share/wifi_interface/package.ps1'
[7.304s] INFO:colcon.colcon_core.shell:Creating package descriptor '/home/ubuntu/intel-edge-ai-sw-8/2601_4th_proj_dahyeon/pkgs/wifi_interface/install/wifi_interface/share/wifi_interface/package.dsv'
[7.305s] INFO:colcon.colcon_core.shell:Creating package script '/home/ubuntu/intel-edge-ai-sw-8/2601_4th_proj_dahyeon/pkgs/wifi_interface/install/wifi_interface/share/wifi_interface/package.sh'
[7.306s] INFO:colcon.colcon_core.shell:Creating package script '/home/ubuntu/intel-edge-ai-sw-8/2601_4th_proj_dahyeon/pkgs/wifi_interface/install/wifi_interface/share/wifi_interface/package.bash'
[7.306s] INFO:colcon.colcon_core.shell:Creating package script '/home/ubuntu/intel-edge-ai-sw-8/2601_4th_proj_dahyeon/pkgs/wifi_interface/install/wifi_interface/share/wifi_interface/package.zsh'
[7.307s] Level 1:colcon.colcon_core.environment:create_file_with_runtime_dependencies(/home/ubuntu/intel-edge-ai-sw-8/2601_4th_proj_dahyeon/pkgs/wifi_interface/install/wifi_interface/share/colcon-core/packages/wifi_interface)
[7.307s] DEBUG:colcon.colcon_parallel_executor.executor.parallel:closing loop
[7.307s] DEBUG:colcon.colcon_parallel_executor.executor.parallel:loop closed
[7.307s] DEBUG:colcon.colcon_parallel_executor.executor.parallel:run_until_complete finished with '0'
[7.308s] DEBUG:colcon.colcon_core.event_reactor:joining thread
[7.311s] INFO:colcon.colcon_core.plugin_system:Skipping extension 'colcon_notification.desktop_notification.terminal_notifier': Not used on non-Darwin systems
[7.311s] INFO:colcon.colcon_core.plugin_system:Skipping extension 'colcon_notification.desktop_notification.win32': Not used on non-Windows systems
[7.311s] INFO:colcon.colcon_notification.desktop_notification:Sending desktop notification using 'notify2'
[7.330s] DEBUG:colcon.colcon_core.event_reactor:joined thread
[7.331s] INFO:colcon.colcon_core.shell:Creating prefix script '/home/ubuntu/intel-edge-ai-sw-8/2601_4th_proj_dahyeon/pkgs/wifi_interface/install/local_setup.ps1'
[7.331s] INFO:colcon.colcon_core.shell:Creating prefix util module '/home/ubuntu/intel-edge-ai-sw-8/2601_4th_proj_dahyeon/pkgs/wifi_interface/install/_local_setup_util_ps1.py'
[7.332s] INFO:colcon.colcon_core.shell:Creating prefix chain script '/home/ubuntu/intel-edge-ai-sw-8/2601_4th_proj_dahyeon/pkgs/wifi_interface/install/setup.ps1'
[7.332s] INFO:colcon.colcon_core.shell:Creating prefix script '/home/ubuntu/intel-edge-ai-sw-8/2601_4th_proj_dahyeon/pkgs/wifi_interface/install/local_setup.sh'
[7.333s] INFO:colcon.colcon_core.shell:Creating prefix util module '/home/ubuntu/intel-edge-ai-sw-8/2601_4th_proj_dahyeon/pkgs/wifi_interface/install/_local_setup_util_sh.py'
[7.333s] INFO:colcon.colcon_core.shell:Creating prefix chain script '/home/ubuntu/intel-edge-ai-sw-8/2601_4th_proj_dahyeon/pkgs/wifi_interface/install/setup.sh'
[7.334s] INFO:colcon.colcon_core.shell:Creating prefix script '/home/ubuntu/intel-edge-ai-sw-8/2601_4th_proj_dahyeon/pkgs/wifi_interface/install/local_setup.bash'
[7.334s] INFO:colcon.colcon_core.shell:Creating prefix chain script '/home/ubuntu/intel-edge-ai-sw-8/2601_4th_proj_dahyeon/pkgs/wifi_interface/install/setup.bash'
[7.337s] INFO:colcon.colcon_core.shell:Creating prefix script '/home/ubuntu/intel-edge-ai-sw-8/2601_4th_proj_dahyeon/pkgs/wifi_interface/install/local_setup.zsh'
[7.338s] INFO:colcon.colcon_core.shell:Creating prefix chain script '/home/ubuntu/intel-edge-ai-sw-8/2601_4th_proj_dahyeon/pkgs/wifi_interface/install/setup.zsh'
