[  2%] Built target wifi_interface__cpp
[  2%] Built target ament_cmake_python_copy_wifi_interface
[35m[1mConsolidate compiler generated dependencies of target wifi_interface__rosidl_typesupport_fastrtps_cpp[0m
[ 12%] Built target wifi_interface__rosidl_typesupport_fastrtps_cpp
[35m[1mConsolidate compiler generated dependencies of target wifi_interface__rosidl_typesupport_introspection_cpp[0m
[ 23%] Built target wifi_interface__rosidl_typesupport_introspection_cpp
running egg_info
writing wifi_interface.egg-info/PKG-INFO
writing dependency_links to wifi_interface.egg-info/dependency_links.txt
writing top-level names to wifi_interface.egg-info/top_level.txt
reading manifest file 'wifi_interface.egg-info/SOURCES.txt'
writing manifest file 'wifi_interface.egg-info/SOURCES.txt'
[ 23%] Built target ament_cmake_python_build_wifi_interface_egg
[35m[1mConsolidate compiler generated dependencies of target wifi_interface__rosidl_typesupport_cpp[0m
[ 33%] Built target wifi_interface__rosidl_typesupport_cpp
[35m[1mConsolidate compiler generated dependencies of target wifi_interface__rosidl_generator_c[0m
[ 43%] Built target wifi_interface__rosidl_generator_c
[35m[1mConsolidate compiler generated dependencies of target wifi_interface__rosidl_typesupport_fastrtps_c[0m
[ 53%] Built target wifi_interface__rosidl_typesupport_fastrtps_c
[35m[1mConsolidate compiler generated dependencies of target wifi_interface__rosidl_typesupport_c[0m
[ 64%] Built target wifi_interface__rosidl_typesupport_c
[35m[1mConsolidate compiler generated dependencies of target wifi_interface__rosidl_typesupport_introspection_c[0m
[ 74%] Built target wifi_interface__rosidl_typesupport_introspection_c
[ 74%] Built target wifi_interface
[ 76%] Built target wifi_interface__py
[35m[1mConsolidate compiler generated dependencies of target wifi_interface__rosidl_generator_py[0m
[ 84%] Built target wifi_interface__rosidl_generator_py
[35m[1mConsolidate compiler generated dependencies of target wifi_interface__rosidl_typesupport_fastrtps_c__pyext[0m
[ 89%] Built target wifi_interface__rosidl_typesupport_fastrtps_c__pyext
[35m[1mConsolidate compiler generated dependencies of target wifi_interface__rosidl_typesupport_c__pyext[0m
[ 94%] Built target wifi_interface__rosidl_typesupport_c__pyext
[35m[1mConsolidate compiler generated dependencies of target wifi_interface__rosidl_typesupport_introspection_c__pyext[0m
[100%] Built target wifi_interface__rosidl_typesupport_introspection_c__pyext
-- Install configuration: ""
-- Up-to-date: /home/ubuntu/intel-edge-ai-sw-8/2601_4th_proj_dahyeon/pkgs/wifi_interface/install/wifi_interface/share/ament_index/resource_index/rosidl_interfaces/wifi_interface
-- Up-to-date: /home/ubuntu/intel-edge-ai-sw-8/2601_4th_proj_dahyeon/pkgs/wifi_interface/install/wifi_interface/include/wifi_interface/wifi_interface
-- Up-to-date: /home/ubuntu/intel-edge-ai-sw-8/2601_4th_proj_dahyeon/pkgs/wifi_interface/install/wifi_interface/include/wifi_interface/wifi_interface/msg
-- Up-to-date: /home/ubuntu/intel-edge-ai-sw-8/2601_4th_proj_dahyeon/pkgs/wifi_interface/install/wifi_interface/include/wifi_interface/wifi_interface/msg/wifi_rssi.h
-- Up-to-date: /home/ubuntu/intel-edge-ai-sw-8/2601_4th_proj_dahyeon/pkgs/wifi_interface/install/wifi_interface/include/wifi_interface/wifi_interface/msg/rosidl_generator_c__visibility_control.h
-- Up-to-date: /home/ubuntu/intel-edge-ai-sw-8/2601_4th_proj_dahyeon/pkgs/wifi_interface/install/wifi_interface/include/wifi_interface/wifi_interface/msg/detail
-- Up-to-date: /home/ubuntu/intel-edge-ai-sw-8/2601_4th_proj_dahyeon/pkgs/wifi_interface/install/wifi_interface/include/wifi_interface/wifi_interface/msg/detail/wifi_fused__struct.h
-- Up-to-date: /home/ubuntu/intel-edge-ai-sw-8/2601_4th_proj_dahyeon/pkgs/wifi_interface/install/wifi_interface/include/wifi_interface/wifi_interface/msg/detail/wifi_fused__type_support.h
-- Up-to-date: /home/ubuntu/intel-edge-ai-sw-8/2601_4th_proj_dahyeon/pkgs/wifi_interface/install/wifi_interface/include/wifi_interface/wifi_interface/msg/detail/wifi_rssi__functions.c
-- Up-to-date: /home/ubuntu/intel-edge-ai-sw-8/2601_4th_proj_dahyeon/pkgs/wifi_interface/install/wifi_interface/include/wifi_interface/wifi_interface/msg/detail/wifi_rssi__type_support.h
-- Up-to-date: /home/ubuntu/intel-edge-ai-sw-8/2601_4th_proj_dahyeon/pkgs/wifi_interface/install/wifi_interface/include/wifi_interface/wifi_interface/msg/detail/wifi_rssi__functions.h
-- Up-to-date: /home/ubuntu/intel-edge-ai-sw-8/2601_4th_proj_dahyeon/pkgs/wifi_interface/install/wifi_interface/include/wifi_interface/wifi_interface/msg/detail/wifi_fused__functions.h
-- Up-to-date: /home/ubuntu/intel-edge-ai-sw-8/2601_4th_proj_dahyeon/pkgs/wifi_interface/install/wifi_interface/include/wifi_interface/wifi_interface/msg/detail/wifi_rssi__struct.h
-- Up-to-date: /home/ubuntu/intel-edge-ai-sw-8/2601_4th_proj_dahyeon/pkgs/wifi_interface/install/wifi_interface/include/wifi_interface/wifi_interface/msg/detail/wifi_fused__functions.c
-- Up-to-date: /home/ubuntu/intel-edge-ai-sw-8/2601_4th_proj_dahyeon/pkgs/wifi_interface/install/wifi_interface/include/wifi_interface/wifi_interface/msg/wifi_fused.h
-- Up-to-date: /home/ubuntu/intel-edge-ai-sw-8/2601_4th_proj_dahyeon/pkgs/wifi_interface/install/wifi_interface/share/wifi_interface/environment/library_path.sh
-- Up-to-date: /home/ubuntu/intel-edge-ai-sw-8/2601_4th_proj_dahyeon/pkgs/wifi_interface/install/wifi_interface/share/wifi_interface/environment/library_path.dsv
-- Up-to-date: /home/ubuntu/intel-edge-ai-sw-8/2601_4th_proj_dahyeon/pkgs/wifi_interface/install/wifi_interface/lib/libwifi_interface__rosidl_generator_c.so
-- Up-to-date: /home/ubuntu/intel-edge-ai-sw-8/2601_4th_proj_dahyeon/pkgs/wifi_interface/install/wifi_interface/include/wifi_interface/wifi_interface
-- Up-to-date: /home/ubuntu/intel-edge-ai-sw-8/2601_4th_proj_dahyeon/pkgs/wifi_interface/install/wifi_interface/include/wifi_interface/wifi_interface/msg
-- Up-to-date: /home/ubuntu/intel-edge-ai-sw-8/2601_4th_proj_dahyeon/pkgs/wifi_interface/install/wifi_interface/include/wifi_interface/wifi_interface/msg/rosidl_typesupport_fastrtps_c__visibility_control.h
-- Up-to-date: /home/ubuntu/intel-edge-ai-sw-8/2601_4th_proj_dahyeon/pkgs/wifi_interface/install/wifi_interface/include/wifi_interface/wifi_interface/msg/detail
-- Up-to-date: /home/ubuntu/intel-edge-ai-sw-8/2601_4th_proj_dahyeon/pkgs/wifi_interface/install/wifi_interface/include/wifi_interface/wifi_interface/msg/detail/wifi_rssi__rosidl_typesupport_fastrtps_c.h
-- Up-to-date: /home/ubuntu/intel-edge-ai-sw-8/2601_4th_proj_dahyeon/pkgs/wifi_interface/install/wifi_interface/include/wifi_interface/wifi_interface/msg/detail/wifi_fused__rosidl_typesupport_fastrtps_c.h
-- Up-to-date: /home/ubuntu/intel-edge-ai-sw-8/2601_4th_proj_dahyeon/pkgs/wifi_interface/install/wifi_interface/lib/libwifi_interface__rosidl_typesupport_fastrtps_c.so
-- Up-to-date: /home/ubuntu/intel-edge-ai-sw-8/2601_4th_proj_dahyeon/pkgs/wifi_interface/install/wifi_interface/include/wifi_interface/wifi_interface
-- Up-to-date: /home/ubuntu/intel-edge-ai-sw-8/2601_4th_proj_dahyeon/pkgs/wifi_interface/install/wifi_interface/include/wifi_interface/wifi_interface/msg
-- Up-to-date: /home/ubuntu/intel-edge-ai-sw-8/2601_4th_proj_dahyeon/pkgs/wifi_interface/install/wifi_interface/include/wifi_interface/wifi_interface/msg/detail
-- Up-to-date: /home/ubuntu/intel-edge-ai-sw-8/2601_4th_proj_dahyeon/pkgs/wifi_interface/install/wifi_interface/include/wifi_interface/wifi_interface/msg/detail/wifi_rssi__rosidl_typesupport_introspection_c.h
-- Up-to-date: /home/ubuntu/intel-edge-ai-sw-8/2601_4th_proj_dahyeon/pkgs/wifi_interface/install/wifi_interface/include/wifi_interface/wifi_interface/msg/detail/wifi_fused__rosidl_typesupport_introspection_c.h
-- Up-to-date: /home/ubuntu/intel-edge-ai-sw-8/2601_4th_proj_dahyeon/pkgs/wifi_interface/install/wifi_interface/include/wifi_interface/wifi_interface/msg/detail/wifi_rssi__type_support.c
-- Up-to-date: /home/ubuntu/intel-edge-ai-sw-8/2601_4th_proj_dahyeon/pkgs/wifi_interface/install/wifi_interface/include/wifi_interface/wifi_interface/msg/detail/wifi_fused__type_support.c
-- Up-to-date: /home/ubuntu/intel-edge-ai-sw-8/2601_4th_proj_dahyeon/pkgs/wifi_interface/install/wifi_interface/include/wifi_interface/wifi_interface/msg/rosidl_typesupport_introspection_c__visibility_control.h
-- Up-to-date: /home/ubuntu/intel-edge-ai-sw-8/2601_4th_proj_dahyeon/pkgs/wifi_interface/install/wifi_interface/lib/libwifi_interface__rosidl_typesupport_introspection_c.so
-- Up-to-date: /home/ubuntu/intel-edge-ai-sw-8/2601_4th_proj_dahyeon/pkgs/wifi_interface/install/wifi_interface/lib/libwifi_interface__rosidl_typesupport_c.so
-- Up-to-date: /home/ubuntu/intel-edge-ai-sw-8/2601_4th_proj_dahyeon/pkgs/wifi_interface/install/wifi_interface/include/wifi_interface/wifi_interface
-- Up-to-date: /home/ubuntu/intel-edge-ai-sw-8/2601_4th_proj_dahyeon/pkgs/wifi_interface/install/wifi_interface/include/wifi_interface/wifi_interface/msg
-- Up-to-date: /home/ubuntu/intel-edge-ai-sw-8/2601_4th_proj_dahyeon/pkgs/wifi_interface/install/wifi_interface/include/wifi_interface/wifi_interface/msg/wifi_fused.hpp
-- Up-to-date: /home/ubuntu/intel-edge-ai-sw-8/2601_4th_proj_dahyeon/pkgs/wifi_interface/install/wifi_interface/include/wifi_interface/wifi_interface/msg/rosidl_generator_cpp__visibility_control.hpp
-- Up-to-date: /home/ubuntu/intel-edge-ai-sw-8/2601_4th_proj_dahyeon/pkgs/wifi_interface/install/wifi_interface/include/wifi_interface/wifi_interface/msg/detail
-- Up-to-date: /home/ubuntu/intel-edge-ai-sw-8/2601_4th_proj_dahyeon/pkgs/wifi_interface/install/wifi_interface/include/wifi_interface/wifi_interface/msg/detail/wifi_rssi__builder.hpp
-- Up-to-date: /home/ubuntu/intel-edge-ai-sw-8/2601_4th_proj_dahyeon/pkgs/wifi_interface/install/wifi_interface/include/wifi_interface/wifi_interface/msg/detail/wifi_fused__traits.hpp
-- Up-to-date: /home/ubuntu/intel-edge-ai-sw-8/2601_4th_proj_dahyeon/pkgs/wifi_interface/install/wifi_interface/include/wifi_interface/wifi_interface/msg/detail/wifi_rssi__type_support.hpp
-- Up-to-date: /home/ubuntu/intel-edge-ai-sw-8/2601_4th_proj_dahyeon/pkgs/wifi_interface/install/wifi_interface/include/wifi_interface/wifi_interface/msg/detail/wifi_fused__struct.hpp
-- Up-to-date: /home/ubuntu/intel-edge-ai-sw-8/2601_4th_proj_dahyeon/pkgs/wifi_interface/install/wifi_interface/include/wifi_interface/wifi_interface/msg/detail/wifi_rssi__traits.hpp
-- Up-to-date: /home/ubuntu/intel-edge-ai-sw-8/2601_4th_proj_dahyeon/pkgs/wifi_interface/install/wifi_interface/include/wifi_interface/wifi_interface/msg/detail/wifi_fused__type_support.hpp
-- Up-to-date: /home/ubuntu/intel-edge-ai-sw-8/2601_4th_proj_dahyeon/pkgs/wifi_interface/install/wifi_interface/include/wifi_interface/wifi_interface/msg/detail/wifi_rssi__struct.hpp
-- Up-to-date: /home/ubuntu/intel-edge-ai-sw-8/2601_4th_proj_dahyeon/pkgs/wifi_interface/install/wifi_interface/include/wifi_interface/wifi_interface/msg/detail/wifi_fused__builder.hpp
-- Up-to-date: /home/ubuntu/intel-edge-ai-sw-8/2601_4th_proj_dahyeon/pkgs/wifi_interface/install/wifi_interface/include/wifi_interface/wifi_interface/msg/wifi_rssi.hpp
-- Up-to-date: /home/ubuntu/intel-edge-ai-sw-8/2601_4th_proj_dahyeon/pkgs/wifi_interface/install/wifi_interface/include/wifi_interface/wifi_interface
-- Up-to-date: /home/ubuntu/intel-edge-ai-sw-8/2601_4th_proj_dahyeon/pkgs/wifi_interface/install/wifi_interface/include/wifi_interface/wifi_interface/msg
-- Up-to-date: /home/ubuntu/intel-edge-ai-sw-8/2601_4th_proj_dahyeon/pkgs/wifi_interface/install/wifi_interface/include/wifi_interface/wifi_interface/msg/detail
-- Up-to-date: /home/ubuntu/intel-edge-ai-sw-8/2601_4th_proj_dahyeon/pkgs/wifi_interface/install/wifi_interface/include/wifi_interface/wifi_interface/msg/detail/wifi_rssi__rosidl_typesupport_fastrtps_cpp.hpp
-- Up-to-date: /home/ubuntu/intel-edge-ai-sw-8/2601_4th_proj_dahyeon/pkgs/wifi_interface/install/wifi_interface/include/wifi_interface/wifi_interface/msg/detail/dds_fastrtps
-- Up-to-date: /home/ubuntu/intel-edge-ai-sw-8/2601_4th_proj_dahyeon/pkgs/wifi_interface/install/wifi_interface/include/wifi_interface/wifi_interface/msg/detail/wifi_fused__rosidl_typesupport_fastrtps_cpp.hpp
-- Up-to-date: /home/ubuntu/intel-edge-ai-sw-8/2601_4th_proj_dahyeon/pkgs/wifi_interface/install/wifi_interface/include/wifi_interface/wifi_interface/msg/rosidl_typesupport_fastrtps_cpp__visibility_control.h
-- Up-to-date: /home/ubuntu/intel-edge-ai-sw-8/2601_4th_proj_dahyeon/pkgs/wifi_interface/install/wifi_interface/lib/libwifi_interface__rosidl_typesupport_fastrtps_cpp.so
-- Up-to-date: /home/ubuntu/intel-edge-ai-sw-8/2601_4th_proj_dahyeon/pkgs/wifi_interface/install/wifi_interface/include/wifi_interface/wifi_interface
-- Up-to-date: /home/ubuntu/intel-edge-ai-sw-8/2601_4th_proj_dahyeon/pkgs/wifi_interface/install/wifi_interface/include/wifi_interface/wifi_interface/msg
-- Up-to-date: /home/ubuntu/intel-edge-ai-sw-8/2601_4th_proj_dahyeon/pkgs/wifi_interface/install/wifi_interface/include/wifi_interface/wifi_interface/msg/detail
-- Up-to-date: /home/ubuntu/intel-edge-ai-sw-8/2601_4th_proj_dahyeon/pkgs/wifi_interface/install/wifi_interface/include/wifi_interface/wifi_interface/msg/detail/wifi_rssi__type_support.cpp
-- Up-to-date: /home/ubuntu/intel-edge-ai-sw-8/2601_4th_proj_dahyeon/pkgs/wifi_interface/install/wifi_interface/include/wifi_interface/wifi_interface/msg/detail/wifi_rssi__rosidl_typesupport_introspection_cpp.hpp
-- Up-to-date: /home/ubuntu/intel-edge-ai-sw-8/2601_4th_proj_dahyeon/pkgs/wifi_interface/install/wifi_interface/include/wifi_interface/wifi_interface/msg/detail/wifi_fused__rosidl_typesupport_introspection_cpp.hpp
-- Up-to-date: /home/ubuntu/intel-edge-ai-sw-8/2601_4th_proj_dahyeon/pkgs/wifi_interface/install/wifi_interface/include/wifi_interface/wifi_interface/msg/detail/wifi_fused__type_support.cpp
-- Up-to-date: /home/ubuntu/intel-edge-ai-sw-8/2601_4th_proj_dahyeon/pkgs/wifi_interface/install/wifi_interface/lib/libwifi_interface__rosidl_typesupport_introspection_cpp.so
-- Up-to-date: /home/ubuntu/intel-edge-ai-sw-8/2601_4th_proj_dahyeon/pkgs/wifi_interface/install/wifi_interface/lib/libwifi_interface__rosidl_typesupport_cpp.so
-- Up-to-date: /home/ubuntu/intel-edge-ai-sw-8/2601_4th_proj_dahyeon/pkgs/wifi_interface/install/wifi_interface/share/wifi_interface/environment/pythonpath.sh
-- Up-to-date: /home/ubuntu/intel-edge-ai-sw-8/2601_4th_proj_dahyeon/pkgs/wifi_interface/install/wifi_interface/share/wifi_interface/environment/pythonpath.dsv
-- Up-to-date: /home/ubuntu/intel-edge-ai-sw-8/2601_4th_proj_dahyeon/pkgs/wifi_interface/install/wifi_interface/local/lib/python3.10/dist-packages/wifi_interface-0.0.0-py3.10.egg-info
-- Installing: /home/ubuntu/intel-edge-ai-sw-8/2601_4th_proj_dahyeon/pkgs/wifi_interface/install/wifi_interface/local/lib/python3.10/dist-packages/wifi_interface-0.0.0-py3.10.egg-info/top_level.txt
-- Installing: /home/ubuntu/intel-edge-ai-sw-8/2601_4th_proj_dahyeon/pkgs/wifi_interface/install/wifi_interface/local/lib/python3.10/dist-packages/wifi_interface-0.0.0-py3.10.egg-info/dependency_links.txt
-- Installing: /home/ubuntu/intel-edge-ai-sw-8/2601_4th_proj_dahyeon/pkgs/wifi_interface/install/wifi_interface/local/lib/python3.10/dist-packages/wifi_interface-0.0.0-py3.10.egg-info/PKG-INFO
-- Installing: /home/ubuntu/intel-edge-ai-sw-8/2601_4th_proj_dahyeon/pkgs/wifi_interface/install/wifi_interface/local/lib/python3.10/dist-packages/wifi_interface-0.0.0-py3.10.egg-info/SOURCES.txt
-- Up-to-date: /home/ubuntu/intel-edge-ai-sw-8/2601_4th_proj_dahyeon/pkgs/wifi_interface/install/wifi_interface/local/lib/python3.10/dist-packages/wifi_interface
-- Up-to-date: /home/ubuntu/intel-edge-ai-sw-8/2601_4th_proj_dahyeon/pkgs/wifi_interface/install/wifi_interface/local/lib/python3.10/dist-packages/wifi_interface/_wifi_interface_s.ep.rosidl_typesupport_introspection_c.c
-- Up-to-date: /home/ubuntu/intel-edge-ai-sw-8/2601_4th_proj_dahyeon/pkgs/wifi_interface/install/wifi_interface/local/lib/python3.10/dist-packages/wifi_interface/msg
-- Up-to-date: /home/ubuntu/intel-edge-ai-sw-8/2601_4th_proj_dahyeon/pkgs/wifi_interface/install/wifi_interface/local/lib/python3.10/dist-packages/wifi_interface/msg/_wifi_rssi.py
-- Up-to-date: /home/ubuntu/intel-edge-ai-sw-8/2601_4th_proj_dahyeon/pkgs/wifi_interface/install/wifi_interface/local/lib/python3.10/dist-packages/wifi_interface/msg/_wifi_fused_s.c
-- Up-to-date: /home/ubuntu/intel-edge-ai-sw-8/2601_4th_proj_dahyeon/pkgs/wifi_interface/install/wifi_interface/local/lib/python3.10/dist-packages/wifi_interface/msg/_wifi_rssi_s.c
-- Up-to-date: /home/ubuntu/intel-edge-ai-sw-8/2601_4th_proj_dahyeon/pkgs/wifi_interface/install/wifi_interface/local/lib/python3.10/dist-packages/wifi_interface/msg/_wifi_fused.py
-- Up-to-date: /home/ubuntu/intel-edge-ai-sw-8/2601_4th_proj_dahyeon/pkgs/wifi_interface/install/wifi_interface/local/lib/python3.10/dist-packages/wifi_interface/msg/__init__.py
-- Up-to-date: /home/ubuntu/intel-edge-ai-sw-8/2601_4th_proj_dahyeon/pkgs/wifi_interface/install/wifi_interface/local/lib/python3.10/dist-packages/wifi_interface/_wifi_interface_s.ep.rosidl_typesupport_fastrtps_c.c
-- Up-to-date: /home/ubuntu/intel-edge-ai-sw-8/2601_4th_proj_dahyeon/pkgs/wifi_interface/install/wifi_interface/local/lib/python3.10/dist-packages/wifi_interface/wifi_interface_s__rosidl_typesupport_c.cpython-310-x86_64-linux-gnu.so
-- Up-to-date: /home/ubuntu/intel-edge-ai-sw-8/2601_4th_proj_dahyeon/pkgs/wifi_interface/install/wifi_interface/local/lib/python3.10/dist-packages/wifi_interface/libwifi_interface__rosidl_generator_py.so
-- Up-to-date: /home/ubuntu/intel-edge-ai-sw-8/2601_4th_proj_dahyeon/pkgs/wifi_interface/install/wifi_interface/local/lib/python3.10/dist-packages/wifi_interface/wifi_interface_s__rosidl_typesupport_fastrtps_c.cpython-310-x86_64-linux-gnu.so
-- Up-to-date: /home/ubuntu/intel-edge-ai-sw-8/2601_4th_proj_dahyeon/pkgs/wifi_interface/install/wifi_interface/local/lib/python3.10/dist-packages/wifi_interface/_wifi_interface_s.ep.rosidl_typesupport_c.c
-- Up-to-date: /home/ubuntu/intel-edge-ai-sw-8/2601_4th_proj_dahyeon/pkgs/wifi_interface/install/wifi_interface/local/lib/python3.10/dist-packages/wifi_interface/wifi_interface_s__rosidl_typesupport_introspection_c.cpython-310-x86_64-linux-gnu.so
-- Up-to-date: /home/ubuntu/intel-edge-ai-sw-8/2601_4th_proj_dahyeon/pkgs/wifi_interface/install/wifi_interface/local/lib/python3.10/dist-packages/wifi_interface/__init__.py
Listing '/home/ubuntu/intel-edge-ai-sw-8/2601_4th_proj_dahyeon/pkgs/wifi_interface/install/wifi_interface/local/lib/python3.10/dist-packages/wifi_interface'...
Listing '/home/ubuntu/intel-edge-ai-sw-8/2601_4th_proj_dahyeon/pkgs/wifi_interface/install/wifi_interface/local/lib/python3.10/dist-packages/wifi_interface/msg'...
-- Up-to-date: /home/ubuntu/intel-edge-ai-sw-8/2601_4th_proj_dahyeon/pkgs/wifi_interface/install/wifi_interface/local/lib/python3.10/dist-packages/wifi_interface/wifi_interface_s__rosidl_typesupport_fastrtps_c.cpython-310-x86_64-linux-gnu.so
-- Up-to-date: /home/ubuntu/intel-edge-ai-sw-8/2601_4th_proj_dahyeon/pkgs/wifi_interface/install/wifi_interface/local/lib/python3.10/dist-packages/wifi_interface/wifi_interface_s__rosidl_typesupport_introspection_c.cpython-310-x86_64-linux-gnu.so
-- Up-to-date: /home/ubuntu/intel-edge-ai-sw-8/2601_4th_proj_dahyeon/pkgs/wifi_interface/install/wifi_interface/local/lib/python3.10/dist-packages/wifi_interface/wifi_interface_s__rosidl_typesupport_c.cpython-310-x86_64-linux-gnu.so
-- Up-to-date: /home/ubuntu/intel-edge-ai-sw-8/2601_4th_proj_dahyeon/pkgs/wifi_interface/install/wifi_interface/lib/libwifi_interface__rosidl_generator_py.so
-- Up-to-date: /home/ubuntu/intel-edge-ai-sw-8/2601_4th_proj_dahyeon/pkgs/wifi_interface/install/wifi_interface/share/wifi_interface/msg/WifiRssi.idl
-- Up-to-date: /home/ubuntu/intel-edge-ai-sw-8/2601_4th_proj_dahyeon/pkgs/wifi_interface/install/wifi_interface/share/wifi_interface/msg/WifiFused.idl
-- Up-to-date: /home/ubuntu/intel-edge-ai-sw-8/2601_4th_proj_dahyeon/pkgs/wifi_interface/install/wifi_interface/share/wifi_interface/msg/WifiRssi.msg
-- Up-to-date: /home/ubuntu/intel-edge-ai-sw-8/2601_4th_proj_dahyeon/pkgs/wifi_interface/install/wifi_interface/share/wifi_interface/msg/WifiFused.msg
-- Up-to-date: /home/ubuntu/intel-edge-ai-sw-8/2601_4th_proj_dahyeon/pkgs/wifi_interface/install/wifi_interface/share/ament_index/resource_index/package_run_dependencies/wifi_interface
-- Up-to-date: /home/ubuntu/intel-edge-ai-sw-8/2601_4th_proj_dahyeon/pkgs/wifi_interface/install/wifi_interface/share/ament_index/resource_index/parent_prefix_path/wifi_interface
-- Up-to-date: /home/ubuntu/intel-edge-ai-sw-8/2601_4th_proj_dahyeon/pkgs/wifi_interface/install/wifi_interface/share/wifi_interface/environment/ament_prefix_path.sh
-- Up-to-date: /home/ubuntu/intel-edge-ai-sw-8/2601_4th_proj_dahyeon/pkgs/wifi_interface/install/wifi_interface/share/wifi_interface/environment/ament_prefix_path.dsv
-- Up-to-date: /home/ubuntu/intel-edge-ai-sw-8/2601_4th_proj_dahyeon/pkgs/wifi_interface/install/wifi_interface/share/wifi_interface/environment/path.sh
-- Up-to-date: /home/ubuntu/intel-edge-ai-sw-8/2601_4th_proj_dahyeon/pkgs/wifi_interface/install/wifi_interface/share/wifi_interface/environment/path.dsv
-- Up-to-date: /home/ubuntu/intel-edge-ai-sw-8/2601_4th_proj_dahyeon/pkgs/wifi_interface/install/wifi_interface/share/wifi_interface/local_setup.bash
-- Up-to-date: /home/ubuntu/intel-edge-ai-sw-8/2601_4th_proj_dahyeon/pkgs/wifi_interface/install/wifi_interface/share/wifi_interface/local_setup.sh
-- Up-to-date: /home/ubuntu/intel-edge-ai-sw-8/2601_4th_proj_dahyeon/pkgs/wifi_interface/install/wifi_interface/share/wifi_interface/local_setup.zsh
-- Up-to-date: /home/ubuntu/intel-edge-ai-sw-8/2601_4th_proj_dahyeon/pkgs/wifi_interface/install/wifi_interface/share/wifi_interface/local_setup.dsv
-- Installing: /home/ubuntu/intel-edge-ai-sw-8/2601_4th_proj_dahyeon/pkgs/wifi_interface/install/wifi_interface/share/wifi_interface/package.dsv
-- Up-to-date: /home/ubuntu/intel-edge-ai-sw-8/2601_4th_proj_dahyeon/pkgs/wifi_interface/install/wifi_interface/share/ament_index/resource_index/packages/wifi_interface
-- Up-to-date: /home/ubuntu/intel-edge-ai-sw-8/2601_4th_proj_dahyeon/pkgs/wifi_interface/install/wifi_interface/share/wifi_interface/cmake/export_wifi_interface__rosidl_generator_cExport.cmake
-- Up-to-date: /home/ubuntu/intel-edge-ai-sw-8/2601_4th_proj_dahyeon/pkgs/wifi_interface/install/wifi_interface/share/wifi_interface/cmake/export_wifi_interface__rosidl_generator_cExport-noconfig.cmake
-- Up-to-date: /home/ubuntu/intel-edge-ai-sw-8/2601_4th_proj_dahyeon/pkgs/wifi_interface/install/wifi_interface/share/wifi_interface/cmake/export_wifi_interface__rosidl_typesupport_fastrtps_cExport.cmake
-- Up-to-date: /home/ubuntu/intel-edge-ai-sw-8/2601_4th_proj_dahyeon/pkgs/wifi_interface/install/wifi_interface/share/wifi_interface/cmake/export_wifi_interface__rosidl_typesupport_fastrtps_cExport-noconfig.cmake
-- Up-to-date: /home/ubuntu/intel-edge-ai-sw-8/2601_4th_proj_dahyeon/pkgs/wifi_interface/install/wifi_interface/share/wifi_interface/cmake/wifi_interface__rosidl_typesupport_introspection_cExport.cmake
-- Up-to-date: /home/ubuntu/intel-edge-ai-sw-8/2601_4th_proj_dahyeon/pkgs/wifi_interface/install/wifi_interface/share/wifi_interface/cmake/wifi_interface__rosidl_typesupport_introspection_cExport-noconfig.cmake
-- Up-to-date: /home/ubuntu/intel-edge-ai-sw-8/2601_4th_proj_dahyeon/pkgs/wifi_interface/install/wifi_interface/share/wifi_interface/cmake/wifi_interface__rosidl_typesupport_cExport.cmake
-- Up-to-date: /home/ubuntu/intel-edge-ai-sw-8/2601_4th_proj_dahyeon/pkgs/wifi_interface/install/wifi_interface/share/wifi_interface/cmake/wifi_interface__rosidl_typesupport_cExport-noconfig.cmake
-- Up-to-date: /home/ubuntu/intel-edge-ai-sw-8/2601_4th_proj_dahyeon/pkgs/wifi_interface/install/wifi_interface/share/wifi_interface/cmake/export_wifi_interface__rosidl_generator_cppExport.cmake
-- Up-to-date: /home/ubuntu/intel-edge-ai-sw-8/2601_4th_proj_dahyeon/pkgs/wifi_interface/install/wifi_interface/share/wifi_interface/cmake/export_wifi_interface__rosidl_typesupport_fastrtps_cppExport.cmake
-- Up-to-date: /home/ubuntu/intel-edge-ai-sw-8/2601_4th_proj_dahyeon/pkgs/wifi_interface/install/wifi_interface/share/wifi_interface/cmake/export_wifi_interface__rosidl_typesupport_fastrtps_cppExport-noconfig.cmake
-- Up-to-date: /home/ubuntu/intel-edge-ai-sw-8/2601_4th_proj_dahyeon/pkgs/wifi_interface/install/wifi_interface/share/wifi_interface/cmake/wifi_interface__rosidl_typesupport_introspection_cppExport.cmake
-- Up-to-date: /home/ubuntu/intel-edge-ai-sw-8/2601_4th_proj_dahyeon/pkgs/wifi_interface/install/wifi_interface/share/wifi_interface/cmake/wifi_interface__rosidl_typesupport_introspection_cppExport-noconfig.cmake
-- Up-to-date: /home/ubuntu/intel-edge-ai-sw-8/2601_4th_proj_dahyeon/pkgs/wifi_interface/install/wifi_interface/share/wifi_interface/cmake/wifi_interface__rosidl_typesupport_cppExport.cmake
-- Up-to-date: /home/ubuntu/intel-edge-ai-sw-8/2601_4th_proj_dahyeon/pkgs/wifi_interface/install/wifi_interface/share/wifi_interface/cmake/wifi_interface__rosidl_typesupport_cppExport-noconfig.cmake
-- Up-to-date: /home/ubuntu/intel-edge-ai-sw-8/2601_4th_proj_dahyeon/pkgs/wifi_interface/install/wifi_interface/share/wifi_interface/cmake/export_wifi_interface__rosidl_generator_pyExport.cmake
-- Up-to-date: /home/ubuntu/intel-edge-ai-sw-8/2601_4th_proj_dahyeon/pkgs/wifi_interface/install/wifi_interface/share/wifi_interface/cmake/export_wifi_interface__rosidl_generator_pyExport-noconfig.cmake
-- Up-to-date: /home/ubuntu/intel-edge-ai-sw-8/2601_4th_proj_dahyeon/pkgs/wifi_interface/install/wifi_interface/share/wifi_interface/cmake/rosidl_cmake-extras.cmake
-- Up-to-date: /home/ubuntu/intel-edge-ai-sw-8/2601_4th_proj_dahyeon/pkgs/wifi_interface/install/wifi_interface/share/wifi_interface/cmake/ament_cmake_export_dependencies-extras.cmake
-- Up-to-date: /home/ubuntu/intel-edge-ai-sw-8/2601_4th_proj_dahyeon/pkgs/wifi_interface/install/wifi_interface/share/wifi_interface/cmake/ament_cmake_export_include_directories-extras.cmake
-- Up-to-date: /home/ubuntu/intel-edge-ai-sw-8/2601_4th_proj_dahyeon/pkgs/wifi_interface/install/wifi_interface/share/wifi_interface/cmake/ament_cmake_export_libraries-extras.cmake
-- Up-to-date: /home/ubuntu/intel-edge-ai-sw-8/2601_4th_proj_dahyeon/pkgs/wifi_interface/install/wifi_interface/share/wifi_interface/cmake/ament_cmake_export_targets-extras.cmake
-- Up-to-date: /home/ubuntu/intel-edge-ai-sw-8/2601_4th_proj_dahyeon/pkgs/wifi_interface/install/wifi_interface/share/wifi_interface/cmake/rosidl_cmake_export_typesupport_targets-extras.cmake
-- Up-to-date: /home/ubuntu/intel-edge-ai-sw-8/2601_4th_proj_dahyeon/pkgs/wifi_interface/install/wifi_interface/share/wifi_interface/cmake/rosidl_cmake_export_typesupport_libraries-extras.cmake
-- Up-to-date: /home/ubuntu/intel-edge-ai-sw-8/2601_4th_proj_dahyeon/pkgs/wifi_interface/install/wifi_interface/share/wifi_interface/cmake/wifi_interfaceConfig.cmake
-- Up-to-date: /home/ubuntu/intel-edge-ai-sw-8/2601_4th_proj_dahyeon/pkgs/wifi_interface/install/wifi_interface/share/wifi_interface/cmake/wifi_interfaceConfig-version.cmake
-- Up-to-date: /home/ubuntu/intel-edge-ai-sw-8/2601_4th_proj_dahyeon/pkgs/wifi_interface/install/wifi_interface/share/wifi_interface/package.xml
