[0.009s] Invoking command in '/home/ubuntu/intel-edge-ai-sw-8/2601_4th_proj_dahyeon/pkgs/wifi_interface/build/wifi_interface': CMAKE_PREFIX_PATH=${CMAKE_PREFIX_PATH}:/home/ubuntu/turtlebot3_ws/install/turtlebot3_teleop:/home/ubuntu/turtlebot3_ws/install/turtlebot3_example:/home/ubuntu/turtlebot3_ws/install/my_waypoint:/home/ubuntu/turtlebot3_ws/install/my_comm_pkg:/opt/ros/humble /usr/bin/cmake --build /home/ubuntu/intel-edge-ai-sw-8/2601_4th_proj_dahyeon/pkgs/wifi_interface/build/wifi_interface -- -j4 -l4
[0.078s] [  2%] Built target wifi_interface__cpp
[0.126s] [  2%] Built target ament_cmake_python_copy_wifi_interface
[0.138s] [35m[1mConsolidate compiler generated dependencies of target wifi_interface__rosidl_typesupport_fastrtps_cpp[0m
[0.157s] [ 12%] Built target wifi_interface__rosidl_typesupport_fastrtps_cpp
[0.184s] [35m[1mConsolidate compiler generated dependencies of target wifi_interface__rosidl_typesupport_introspection_cpp[0m
[0.205s] [ 23%] Built target wifi_interface__rosidl_typesupport_introspection_cpp
[0.374s] running egg_info
[0.376s] writing wifi_interface.egg-info/PKG-INFO
[0.376s] writing dependency_links to wifi_interface.egg-info/dependency_links.txt
[0.376s] writing top-level names to wifi_interface.egg-info/top_level.txt
[0.381s] reading manifest file 'wifi_interface.egg-info/SOURCES.txt'
[0.384s] writing manifest file 'wifi_interface.egg-info/SOURCES.txt'
[0.409s] [ 23%] Built target ament_cmake_python_build_wifi_interface_egg
[0.420s] [35m[1mConsolidate compiler generated dependencies of target wifi_interface__rosidl_typesupport_cpp[0m
[0.432s] [ 33%] Built target wifi_interface__rosidl_typesupport_cpp
[0.449s] [35m[1mConsolidate compiler generated dependencies of target wifi_interface__rosidl_generator_c[0m
[0.467s] [ 43%] Built target wifi_interface__rosidl_generator_c
[0.496s] [35m[1mConsolidate compiler generated dependencies of target wifi_interface__rosidl_typesupport_fastrtps_c[0m
[0.496s] [ 53%] Built target wifi_interface__rosidl_typesupport_fastrtps_c
[0.507s] [35m[1mConsolidate compiler generated dependencies of target wifi_interface__rosidl_typesupport_c[0m
[0.519s] [ 64%] Built target wifi_interface__rosidl_typesupport_c
[0.541s] [35m[1mConsolidate compiler generated dependencies of target wifi_interface__rosidl_typesupport_introspection_c[0m
[0.552s] [ 74%] Built target wifi_interface__rosidl_typesupport_introspection_c
[0.579s] [ 74%] Built target wifi_interface
[0.601s] [ 76%] Built target wifi_interface__py
[0.613s] [35m[1mConsolidate compiler generated dependencies of target wifi_interface__rosidl_generator_py[0m
[0.640s] [ 84%] Built target wifi_interface__rosidl_generator_py
[0.663s] [35m[1mConsolidate compiler generated dependencies of target wifi_interface__rosidl_typesupport_fastrtps_c__pyext[0m
[0.676s] [ 89%] Built target wifi_interface__rosidl_typesupport_fastrtps_c__pyext
[0.686s] [35m[1mConsolidate compiler generated dependencies of target wifi_interface__rosidl_typesupport_c__pyext[0m
[0.702s] [ 94%] Built target wifi_interface__rosidl_typesupport_c__pyext
[0.717s] [35m[1mConsolidate compiler generated dependencies of target wifi_interface__rosidl_typesupport_introspection_c__pyext[0m
[0.734s] [100%] Built target wifi_interface__rosidl_typesupport_introspection_c__pyext
[0.748s] Invoked command in '/home/ubuntu/intel-edge-ai-sw-8/2601_4th_proj_dahyeon/pkgs/wifi_interface/build/wifi_interface' returned '0': CMAKE_PREFIX_PATH=${CMAKE_PREFIX_PATH}:/home/ubuntu/turtlebot3_ws/install/turtlebot3_teleop:/home/ubuntu/turtlebot3_ws/install/turtlebot3_example:/home/ubuntu/turtlebot3_ws/install/my_waypoint:/home/ubuntu/turtlebot3_ws/install/my_comm_pkg:/opt/ros/humble /usr/bin/cmake --build /home/ubuntu/intel-edge-ai-sw-8/2601_4th_proj_dahyeon/pkgs/wifi_interface/build/wifi_interface -- -j4 -l4
[0.760s] Invoking command in '/home/ubuntu/intel-edge-ai-sw-8/2601_4th_proj_dahyeon/pkgs/wifi_interface/build/wifi_interface': CMAKE_PREFIX_PATH=${CMAKE_PREFIX_PATH}:/home/ubuntu/turtlebot3_ws/install/turtlebot3_teleop:/home/ubuntu/turtlebot3_ws/install/turtlebot3_example:/home/ubuntu/turtlebot3_ws/install/my_waypoint:/home/ubuntu/turtlebot3_ws/install/my_comm_pkg:/opt/ros/humble /usr/bin/cmake --install /home/ubuntu/intel-edge-ai-sw-8/2601_4th_proj_dahyeon/pkgs/wifi_interface/build/wifi_interface
[0.769s] -- Install configuration: ""
[0.769s] -- Up-to-date: /home/ubuntu/intel-edge-ai-sw-8/2601_4th_proj_dahyeon/pkgs/wifi_interface/install/wifi_interface/share/ament_index/resource_index/rosidl_interfaces/wifi_interface
[0.769s] -- Up-to-date: /home/ubuntu/intel-edge-ai-sw-8/2601_4th_proj_dahyeon/pkgs/wifi_interface/install/wifi_interface/include/wifi_interface/wifi_interface
[0.770s] -- Up-to-date: /home/ubuntu/intel-edge-ai-sw-8/2601_4th_proj_dahyeon/pkgs/wifi_interface/install/wifi_interface/include/wifi_interface/wifi_interface/msg
[0.770s] -- Up-to-date: /home/ubuntu/intel-edge-ai-sw-8/2601_4th_proj_dahyeon/pkgs/wifi_interface/install/wifi_interface/include/wifi_interface/wifi_interface/msg/wifi_rssi.h
[0.770s] -- Up-to-date: /home/ubuntu/intel-edge-ai-sw-8/2601_4th_proj_dahyeon/pkgs/wifi_interface/install/wifi_interface/include/wifi_interface/wifi_interface/msg/rosidl_generator_c__visibility_control.h
[0.770s] -- Up-to-date: /home/ubuntu/intel-edge-ai-sw-8/2601_4th_proj_dahyeon/pkgs/wifi_interface/install/wifi_interface/include/wifi_interface/wifi_interface/msg/detail
[0.771s] -- Up-to-date: /home/ubuntu/intel-edge-ai-sw-8/2601_4th_proj_dahyeon/pkgs/wifi_interface/install/wifi_interface/include/wifi_interface/wifi_interface/msg/detail/wifi_fused__struct.h
[0.771s] -- Up-to-date: /home/ubuntu/intel-edge-ai-sw-8/2601_4th_proj_dahyeon/pkgs/wifi_interface/install/wifi_interface/include/wifi_interface/wifi_interface/msg/detail/wifi_fused__type_support.h
[0.771s] -- Up-to-date: /home/ubuntu/intel-edge-ai-sw-8/2601_4th_proj_dahyeon/pkgs/wifi_interface/install/wifi_interface/include/wifi_interface/wifi_interface/msg/detail/wifi_rssi__functions.c
[0.771s] -- Up-to-date: /home/ubuntu/intel-edge-ai-sw-8/2601_4th_proj_dahyeon/pkgs/wifi_interface/install/wifi_interface/include/wifi_interface/wifi_interface/msg/detail/wifi_rssi__type_support.h
[0.771s] -- Up-to-date: /home/ubuntu/intel-edge-ai-sw-8/2601_4th_proj_dahyeon/pkgs/wifi_interface/install/wifi_interface/include/wifi_interface/wifi_interface/msg/detail/wifi_rssi__functions.h
[0.771s] -- Up-to-date: /home/ubuntu/intel-edge-ai-sw-8/2601_4th_proj_dahyeon/pkgs/wifi_interface/install/wifi_interface/include/wifi_interface/wifi_interface/msg/detail/wifi_fused__functions.h
[0.771s] -- Up-to-date: /home/ubuntu/intel-edge-ai-sw-8/2601_4th_proj_dahyeon/pkgs/wifi_interface/install/wifi_interface/include/wifi_interface/wifi_interface/msg/detail/wifi_rssi__struct.h
[0.771s] -- Up-to-date: /home/ubuntu/intel-edge-ai-sw-8/2601_4th_proj_dahyeon/pkgs/wifi_interface/install/wifi_interface/include/wifi_interface/wifi_interface/msg/detail/wifi_fused__functions.c
[0.772s] -- Up-to-date: /home/ubuntu/intel-edge-ai-sw-8/2601_4th_proj_dahyeon/pkgs/wifi_interface/install/wifi_interface/include/wifi_interface/wifi_interface/msg/wifi_fused.h
[0.772s] -- Up-to-date: /home/ubuntu/intel-edge-ai-sw-8/2601_4th_proj_dahyeon/pkgs/wifi_interface/install/wifi_interface/share/wifi_interface/environment/library_path.sh
[0.772s] -- Up-to-date: /home/ubuntu/intel-edge-ai-sw-8/2601_4th_proj_dahyeon/pkgs/wifi_interface/install/wifi_interface/share/wifi_interface/environment/library_path.dsv
[0.772s] -- Up-to-date: /home/ubuntu/intel-edge-ai-sw-8/2601_4th_proj_dahyeon/pkgs/wifi_interface/install/wifi_interface/lib/libwifi_interface__rosidl_generator_c.so
[0.772s] -- Up-to-date: /home/ubuntu/intel-edge-ai-sw-8/2601_4th_proj_dahyeon/pkgs/wifi_interface/install/wifi_interface/include/wifi_interface/wifi_interface
[0.772s] -- Up-to-date: /home/ubuntu/intel-edge-ai-sw-8/2601_4th_proj_dahyeon/pkgs/wifi_interface/install/wifi_interface/include/wifi_interface/wifi_interface/msg
[0.772s] -- Up-to-date: /home/ubuntu/intel-edge-ai-sw-8/2601_4th_proj_dahyeon/pkgs/wifi_interface/install/wifi_interface/include/wifi_interface/wifi_interface/msg/rosidl_typesupport_fastrtps_c__visibility_control.h
[0.773s] -- Up-to-date: /home/ubuntu/intel-edge-ai-sw-8/2601_4th_proj_dahyeon/pkgs/wifi_interface/install/wifi_interface/include/wifi_interface/wifi_interface/msg/detail
[0.773s] -- Up-to-date: /home/ubuntu/intel-edge-ai-sw-8/2601_4th_proj_dahyeon/pkgs/wifi_interface/install/wifi_interface/include/wifi_interface/wifi_interface/msg/detail/wifi_rssi__rosidl_typesupport_fastrtps_c.h
[0.773s] -- Up-to-date: /home/ubuntu/intel-edge-ai-sw-8/2601_4th_proj_dahyeon/pkgs/wifi_interface/install/wifi_interface/include/wifi_interface/wifi_interface/msg/detail/wifi_fused__rosidl_typesupport_fastrtps_c.h
[0.773s] -- Up-to-date: /home/ubuntu/intel-edge-ai-sw-8/2601_4th_proj_dahyeon/pkgs/wifi_interface/install/wifi_interface/lib/libwifi_interface__rosidl_typesupport_fastrtps_c.so
[0.773s] -- Up-to-date: /home/ubuntu/intel-edge-ai-sw-8/2601_4th_proj_dahyeon/pkgs/wifi_interface/install/wifi_interface/include/wifi_interface/wifi_interface
[0.773s] -- Up-to-date: /home/ubuntu/intel-edge-ai-sw-8/2601_4th_proj_dahyeon/pkgs/wifi_interface/install/wifi_interface/include/wifi_interface/wifi_interface/msg
[0.773s] -- Up-to-date: /home/ubuntu/intel-edge-ai-sw-8/2601_4th_proj_dahyeon/pkgs/wifi_interface/install/wifi_interface/include/wifi_interface/wifi_interface/msg/detail
[0.773s] -- Up-to-date: /home/ubuntu/intel-edge-ai-sw-8/2601_4th_proj_dahyeon/pkgs/wifi_interface/install/wifi_interface/include/wifi_interface/wifi_interface/msg/detail/wifi_rssi__rosidl_typesupport_introspection_c.h
[0.773s] -- Up-to-date: /home/ubuntu/intel-edge-ai-sw-8/2601_4th_proj_dahyeon/pkgs/wifi_interface/install/wifi_interface/include/wifi_interface/wifi_interface/msg/detail/wifi_fused__rosidl_typesupport_introspection_c.h
[0.773s] -- Up-to-date: /home/ubuntu/intel-edge-ai-sw-8/2601_4th_proj_dahyeon/pkgs/wifi_interface/install/wifi_interface/include/wifi_interface/wifi_interface/msg/detail/wifi_rssi__type_support.c
[0.774s] -- Up-to-date: /home/ubuntu/intel-edge-ai-sw-8/2601_4th_proj_dahyeon/pkgs/wifi_interface/install/wifi_interface/include/wifi_interface/wifi_interface/msg/detail/wifi_fused__type_support.c
[0.774s] -- Up-to-date: /home/ubuntu/intel-edge-ai-sw-8/2601_4th_proj_dahyeon/pkgs/wifi_interface/install/wifi_interface/include/wifi_interface/wifi_interface/msg/rosidl_typesupport_introspection_c__visibility_control.h
[0.774s] -- Up-to-date: /home/ubuntu/intel-edge-ai-sw-8/2601_4th_proj_dahyeon/pkgs/wifi_interface/install/wifi_interface/lib/libwifi_interface__rosidl_typesupport_introspection_c.so
[0.774s] -- Up-to-date: /home/ubuntu/intel-edge-ai-sw-8/2601_4th_proj_dahyeon/pkgs/wifi_interface/install/wifi_interface/lib/libwifi_interface__rosidl_typesupport_c.so
[0.774s] -- Up-to-date: /home/ubuntu/intel-edge-ai-sw-8/2601_4th_proj_dahyeon/pkgs/wifi_interface/install/wifi_interface/include/wifi_interface/wifi_interface
[0.774s] -- Up-to-date: /home/ubuntu/intel-edge-ai-sw-8/2601_4th_proj_dahyeon/pkgs/wifi_interface/install/wifi_interface/include/wifi_interface/wifi_interface/msg
[0.774s] -- Up-to-date: /home/ubuntu/intel-edge-ai-sw-8/2601_4th_proj_dahyeon/pkgs/wifi_interface/install/wifi_interface/include/wifi_interface/wifi_interface/msg/wifi_fused.hpp
[0.774s] -- Up-to-date: /home/ubuntu/intel-edge-ai-sw-8/2601_4th_proj_dahyeon/pkgs/wifi_interface/install/wifi_interface/include/wifi_interface/wifi_interface/msg/rosidl_generator_cpp__visibility_control.hpp
[0.774s] -- Up-to-date: /home/ubuntu/intel-edge-ai-sw-8/2601_4th_proj_dahyeon/pkgs/wifi_interface/install/wifi_interface/include/wifi_interface/wifi_interface/msg/detail
[0.774s] -- Up-to-date: /home/ubuntu/intel-edge-ai-sw-8/2601_4th_proj_dahyeon/pkgs/wifi_interface/install/wifi_interface/include/wifi_interface/wifi_interface/msg/detail/wifi_rssi__builder.hpp
[0.774s] -- Up-to-date: /home/ubuntu/intel-edge-ai-sw-8/2601_4th_proj_dahyeon/pkgs/wifi_interface/install/wifi_interface/include/wifi_interface/wifi_interface/msg/detail/wifi_fused__traits.hpp
[0.774s] -- Up-to-date: /home/ubuntu/intel-edge-ai-sw-8/2601_4th_proj_dahyeon/pkgs/wifi_interface/install/wifi_interface/include/wifi_interface/wifi_interface/msg/detail/wifi_rssi__type_support.hpp
[0.774s] -- Up-to-date: /home/ubuntu/intel-edge-ai-sw-8/2601_4th_proj_dahyeon/pkgs/wifi_interface/install/wifi_interface/include/wifi_interface/wifi_interface/msg/detail/wifi_fused__struct.hpp
[0.774s] -- Up-to-date: /home/ubuntu/intel-edge-ai-sw-8/2601_4th_proj_dahyeon/pkgs/wifi_interface/install/wifi_interface/include/wifi_interface/wifi_interface/msg/detail/wifi_rssi__traits.hpp
[0.774s] -- Up-to-date: /home/ubuntu/intel-edge-ai-sw-8/2601_4th_proj_dahyeon/pkgs/wifi_interface/install/wifi_interface/include/wifi_interface/wifi_interface/msg/detail/wifi_fused__type_support.hpp
[0.774s] -- Up-to-date: /home/ubuntu/intel-edge-ai-sw-8/2601_4th_proj_dahyeon/pkgs/wifi_interface/install/wifi_interface/include/wifi_interface/wifi_interface/msg/detail/wifi_rssi__struct.hpp
[0.775s] -- Up-to-date: /home/ubuntu/intel-edge-ai-sw-8/2601_4th_proj_dahyeon/pkgs/wifi_interface/install/wifi_interface/include/wifi_interface/wifi_interface/msg/detail/wifi_fused__builder.hpp
[0.775s] -- Up-to-date: /home/ubuntu/intel-edge-ai-sw-8/2601_4th_proj_dahyeon/pkgs/wifi_interface/install/wifi_interface/include/wifi_interface/wifi_interface/msg/wifi_rssi.hpp
[0.775s] -- Up-to-date: /home/ubuntu/intel-edge-ai-sw-8/2601_4th_proj_dahyeon/pkgs/wifi_interface/install/wifi_interface/include/wifi_interface/wifi_interface
[0.775s] -- Up-to-date: /home/ubuntu/intel-edge-ai-sw-8/2601_4th_proj_dahyeon/pkgs/wifi_interface/install/wifi_interface/include/wifi_interface/wifi_interface/msg
[0.775s] -- Up-to-date: /home/ubuntu/intel-edge-ai-sw-8/2601_4th_proj_dahyeon/pkgs/wifi_interface/install/wifi_interface/include/wifi_interface/wifi_interface/msg/detail
[0.775s] -- Up-to-date: /home/ubuntu/intel-edge-ai-sw-8/2601_4th_proj_dahyeon/pkgs/wifi_interface/install/wifi_interface/include/wifi_interface/wifi_interface/msg/detail/wifi_rssi__rosidl_typesupport_fastrtps_cpp.hpp
[0.775s] -- Up-to-date: /home/ubuntu/intel-edge-ai-sw-8/2601_4th_proj_dahyeon/pkgs/wifi_interface/install/wifi_interface/include/wifi_interface/wifi_interface/msg/detail/dds_fastrtps
[0.775s] -- Up-to-date: /home/ubuntu/intel-edge-ai-sw-8/2601_4th_proj_dahyeon/pkgs/wifi_interface/install/wifi_interface/include/wifi_interface/wifi_interface/msg/detail/wifi_fused__rosidl_typesupport_fastrtps_cpp.hpp
[0.775s] -- Up-to-date: /home/ubuntu/intel-edge-ai-sw-8/2601_4th_proj_dahyeon/pkgs/wifi_interface/install/wifi_interface/include/wifi_interface/wifi_interface/msg/rosidl_typesupport_fastrtps_cpp__visibility_control.h
[0.775s] -- Up-to-date: /home/ubuntu/intel-edge-ai-sw-8/2601_4th_proj_dahyeon/pkgs/wifi_interface/install/wifi_interface/lib/libwifi_interface__rosidl_typesupport_fastrtps_cpp.so
[0.775s] -- Up-to-date: /home/ubuntu/intel-edge-ai-sw-8/2601_4th_proj_dahyeon/pkgs/wifi_interface/install/wifi_interface/include/wifi_interface/wifi_interface
[0.775s] -- Up-to-date: /home/ubuntu/intel-edge-ai-sw-8/2601_4th_proj_dahyeon/pkgs/wifi_interface/install/wifi_interface/include/wifi_interface/wifi_interface/msg
[0.775s] -- Up-to-date: /home/ubuntu/intel-edge-ai-sw-8/2601_4th_proj_dahyeon/pkgs/wifi_interface/install/wifi_interface/include/wifi_interface/wifi_interface/msg/detail
[0.775s] -- Up-to-date: /home/ubuntu/intel-edge-ai-sw-8/2601_4th_proj_dahyeon/pkgs/wifi_interface/install/wifi_interface/include/wifi_interface/wifi_interface/msg/detail/wifi_rssi__type_support.cpp
[0.775s] -- Up-to-date: /home/ubuntu/intel-edge-ai-sw-8/2601_4th_proj_dahyeon/pkgs/wifi_interface/install/wifi_interface/include/wifi_interface/wifi_interface/msg/detail/wifi_rssi__rosidl_typesupport_introspection_cpp.hpp
[0.776s] -- Up-to-date: /home/ubuntu/intel-edge-ai-sw-8/2601_4th_proj_dahyeon/pkgs/wifi_interface/install/wifi_interface/include/wifi_interface/wifi_interface/msg/detail/wifi_fused__rosidl_typesupport_introspection_cpp.hpp
[0.776s] -- Up-to-date: /home/ubuntu/intel-edge-ai-sw-8/2601_4th_proj_dahyeon/pkgs/wifi_interface/install/wifi_interface/include/wifi_interface/wifi_interface/msg/detail/wifi_fused__type_support.cpp
[0.776s] -- Up-to-date: /home/ubuntu/intel-edge-ai-sw-8/2601_4th_proj_dahyeon/pkgs/wifi_interface/install/wifi_interface/lib/libwifi_interface__rosidl_typesupport_introspection_cpp.so
[0.776s] -- Up-to-date: /home/ubuntu/intel-edge-ai-sw-8/2601_4th_proj_dahyeon/pkgs/wifi_interface/install/wifi_interface/lib/libwifi_interface__rosidl_typesupport_cpp.so
[0.776s] -- Up-to-date: /home/ubuntu/intel-edge-ai-sw-8/2601_4th_proj_dahyeon/pkgs/wifi_interface/install/wifi_interface/share/wifi_interface/environment/pythonpath.sh
[0.776s] -- Up-to-date: /home/ubuntu/intel-edge-ai-sw-8/2601_4th_proj_dahyeon/pkgs/wifi_interface/install/wifi_interface/share/wifi_interface/environment/pythonpath.dsv
[0.776s] -- Up-to-date: /home/ubuntu/intel-edge-ai-sw-8/2601_4th_proj_dahyeon/pkgs/wifi_interface/install/wifi_interface/local/lib/python3.10/dist-packages/wifi_interface-0.0.0-py3.10.egg-info
[0.776s] -- Installing: /home/ubuntu/intel-edge-ai-sw-8/2601_4th_proj_dahyeon/pkgs/wifi_interface/install/wifi_interface/local/lib/python3.10/dist-packages/wifi_interface-0.0.0-py3.10.egg-info/top_level.txt
[0.776s] -- Installing: /home/ubuntu/intel-edge-ai-sw-8/2601_4th_proj_dahyeon/pkgs/wifi_interface/install/wifi_interface/local/lib/python3.10/dist-packages/wifi_interface-0.0.0-py3.10.egg-info/dependency_links.txt
[0.776s] -- Installing: /home/ubuntu/intel-edge-ai-sw-8/2601_4th_proj_dahyeon/pkgs/wifi_interface/install/wifi_interface/local/lib/python3.10/dist-packages/wifi_interface-0.0.0-py3.10.egg-info/PKG-INFO
[0.776s] -- Installing: /home/ubuntu/intel-edge-ai-sw-8/2601_4th_proj_dahyeon/pkgs/wifi_interface/install/wifi_interface/local/lib/python3.10/dist-packages/wifi_interface-0.0.0-py3.10.egg-info/SOURCES.txt
[0.776s] -- Up-to-date: /home/ubuntu/intel-edge-ai-sw-8/2601_4th_proj_dahyeon/pkgs/wifi_interface/install/wifi_interface/local/lib/python3.10/dist-packages/wifi_interface
[0.776s] -- Up-to-date: /home/ubuntu/intel-edge-ai-sw-8/2601_4th_proj_dahyeon/pkgs/wifi_interface/install/wifi_interface/local/lib/python3.10/dist-packages/wifi_interface/_wifi_interface_s.ep.rosidl_typesupport_introspection_c.c
[0.776s] -- Up-to-date: /home/ubuntu/intel-edge-ai-sw-8/2601_4th_proj_dahyeon/pkgs/wifi_interface/install/wifi_interface/local/lib/python3.10/dist-packages/wifi_interface/msg
[0.776s] -- Up-to-date: /home/ubuntu/intel-edge-ai-sw-8/2601_4th_proj_dahyeon/pkgs/wifi_interface/install/wifi_interface/local/lib/python3.10/dist-packages/wifi_interface/msg/_wifi_rssi.py
[0.777s] -- Up-to-date: /home/ubuntu/intel-edge-ai-sw-8/2601_4th_proj_dahyeon/pkgs/wifi_interface/install/wifi_interface/local/lib/python3.10/dist-packages/wifi_interface/msg/_wifi_fused_s.c
[0.777s] -- Up-to-date: /home/ubuntu/intel-edge-ai-sw-8/2601_4th_proj_dahyeon/pkgs/wifi_interface/install/wifi_interface/local/lib/python3.10/dist-packages/wifi_interface/msg/_wifi_rssi_s.c
[0.777s] -- Up-to-date: /home/ubuntu/intel-edge-ai-sw-8/2601_4th_proj_dahyeon/pkgs/wifi_interface/install/wifi_interface/local/lib/python3.10/dist-packages/wifi_interface/msg/_wifi_fused.py
[0.777s] -- Up-to-date: /home/ubuntu/intel-edge-ai-sw-8/2601_4th_proj_dahyeon/pkgs/wifi_interface/install/wifi_interface/local/lib/python3.10/dist-packages/wifi_interface/msg/__init__.py
[0.777s] -- Up-to-date: /home/ubuntu/intel-edge-ai-sw-8/2601_4th_proj_dahyeon/pkgs/wifi_interface/install/wifi_interface/local/lib/python3.10/dist-packages/wifi_interface/_wifi_interface_s.ep.rosidl_typesupport_fastrtps_c.c
[0.777s] -- Up-to-date: /home/ubuntu/intel-edge-ai-sw-8/2601_4th_proj_dahyeon/pkgs/wifi_interface/install/wifi_interface/local/lib/python3.10/dist-packages/wifi_interface/wifi_interface_s__rosidl_typesupport_c.cpython-310-x86_64-linux-gnu.so
[0.777s] -- Up-to-date: /home/ubuntu/intel-edge-ai-sw-8/2601_4th_proj_dahyeon/pkgs/wifi_interface/install/wifi_interface/local/lib/python3.10/dist-packages/wifi_interface/libwifi_interface__rosidl_generator_py.so
[0.777s] -- Up-to-date: /home/ubuntu/intel-edge-ai-sw-8/2601_4th_proj_dahyeon/pkgs/wifi_interface/install/wifi_interface/local/lib/python3.10/dist-packages/wifi_interface/wifi_interface_s__rosidl_typesupport_fastrtps_c.cpython-310-x86_64-linux-gnu.so
[0.777s] -- Up-to-date: /home/ubuntu/intel-edge-ai-sw-8/2601_4th_proj_dahyeon/pkgs/wifi_interface/install/wifi_interface/local/lib/python3.10/dist-packages/wifi_interface/_wifi_interface_s.ep.rosidl_typesupport_c.c
[0.777s] -- Up-to-date: /home/ubuntu/intel-edge-ai-sw-8/2601_4th_proj_dahyeon/pkgs/wifi_interface/install/wifi_interface/local/lib/python3.10/dist-packages/wifi_interface/wifi_interface_s__rosidl_typesupport_introspection_c.cpython-310-x86_64-linux-gnu.so
[0.777s] -- Up-to-date: /home/ubuntu/intel-edge-ai-sw-8/2601_4th_proj_dahyeon/pkgs/wifi_interface/install/wifi_interface/local/lib/python3.10/dist-packages/wifi_interface/__init__.py
[0.805s] Listing '/home/ubuntu/intel-edge-ai-sw-8/2601_4th_proj_dahyeon/pkgs/wifi_interface/install/wifi_interface/local/lib/python3.10/dist-packages/wifi_interface'...
[0.805s] Listing '/home/ubuntu/intel-edge-ai-sw-8/2601_4th_proj_dahyeon/pkgs/wifi_interface/install/wifi_interface/local/lib/python3.10/dist-packages/wifi_interface/msg'...
[0.808s] -- Up-to-date: /home/ubuntu/intel-edge-ai-sw-8/2601_4th_proj_dahyeon/pkgs/wifi_interface/install/wifi_interface/local/lib/python3.10/dist-packages/wifi_interface/wifi_interface_s__rosidl_typesupport_fastrtps_c.cpython-310-x86_64-linux-gnu.so
[0.808s] -- Up-to-date: /home/ubuntu/intel-edge-ai-sw-8/2601_4th_proj_dahyeon/pkgs/wifi_interface/install/wifi_interface/local/lib/python3.10/dist-packages/wifi_interface/wifi_interface_s__rosidl_typesupport_introspection_c.cpython-310-x86_64-linux-gnu.so
[0.810s] -- Up-to-date: /home/ubuntu/intel-edge-ai-sw-8/2601_4th_proj_dahyeon/pkgs/wifi_interface/install/wifi_interface/local/lib/python3.10/dist-packages/wifi_interface/wifi_interface_s__rosidl_typesupport_c.cpython-310-x86_64-linux-gnu.so
[0.810s] -- Up-to-date: /home/ubuntu/intel-edge-ai-sw-8/2601_4th_proj_dahyeon/pkgs/wifi_interface/install/wifi_interface/lib/libwifi_interface__rosidl_generator_py.so
[0.810s] -- Up-to-date: /home/ubuntu/intel-edge-ai-sw-8/2601_4th_proj_dahyeon/pkgs/wifi_interface/install/wifi_interface/share/wifi_interface/msg/WifiRssi.idl
[0.810s] -- Up-to-date: /home/ubuntu/intel-edge-ai-sw-8/2601_4th_proj_dahyeon/pkgs/wifi_interface/install/wifi_interface/share/wifi_interface/msg/WifiFused.idl
[0.812s] -- Up-to-date: /home/ubuntu/intel-edge-ai-sw-8/2601_4th_proj_dahyeon/pkgs/wifi_interface/install/wifi_interface/share/wifi_interface/msg/WifiRssi.msg
[0.813s] -- Up-to-date: /home/ubuntu/intel-edge-ai-sw-8/2601_4th_proj_dahyeon/pkgs/wifi_interface/install/wifi_interface/share/wifi_interface/msg/WifiFused.msg
[0.813s] -- Up-to-date: /home/ubuntu/intel-edge-ai-sw-8/2601_4th_proj_dahyeon/pkgs/wifi_interface/install/wifi_interface/share/ament_index/resource_index/package_run_dependencies/wifi_interface
[0.813s] -- Up-to-date: /home/ubuntu/intel-edge-ai-sw-8/2601_4th_proj_dahyeon/pkgs/wifi_interface/install/wifi_interface/share/ament_index/resource_index/parent_prefix_path/wifi_interface
[0.813s] -- Up-to-date: /home/ubuntu/intel-edge-ai-sw-8/2601_4th_proj_dahyeon/pkgs/wifi_interface/install/wifi_interface/share/wifi_interface/environment/ament_prefix_path.sh
[0.813s] -- Up-to-date: /home/ubuntu/intel-edge-ai-sw-8/2601_4th_proj_dahyeon/pkgs/wifi_interface/install/wifi_interface/share/wifi_interface/environment/ament_prefix_path.dsv
[0.813s] -- Up-to-date: /home/ubuntu/intel-edge-ai-sw-8/2601_4th_proj_dahyeon/pkgs/wifi_interface/install/wifi_interface/share/wifi_interface/environment/path.sh
[0.813s] -- Up-to-date: /home/ubuntu/intel-edge-ai-sw-8/2601_4th_proj_dahyeon/pkgs/wifi_interface/install/wifi_interface/share/wifi_interface/environment/path.dsv
[0.813s] -- Up-to-date: /home/ubuntu/intel-edge-ai-sw-8/2601_4th_proj_dahyeon/pkgs/wifi_interface/install/wifi_interface/share/wifi_interface/local_setup.bash
[0.813s] -- Up-to-date: /home/ubuntu/intel-edge-ai-sw-8/2601_4th_proj_dahyeon/pkgs/wifi_interface/install/wifi_interface/share/wifi_interface/local_setup.sh
[0.813s] -- Up-to-date: /home/ubuntu/intel-edge-ai-sw-8/2601_4th_proj_dahyeon/pkgs/wifi_interface/install/wifi_interface/share/wifi_interface/local_setup.zsh
[0.813s] -- Up-to-date: /home/ubuntu/intel-edge-ai-sw-8/2601_4th_proj_dahyeon/pkgs/wifi_interface/install/wifi_interface/share/wifi_interface/local_setup.dsv
[0.813s] -- Installing: /home/ubuntu/intel-edge-ai-sw-8/2601_4th_proj_dahyeon/pkgs/wifi_interface/install/wifi_interface/share/wifi_interface/package.dsv
[0.813s] -- Up-to-date: /home/ubuntu/intel-edge-ai-sw-8/2601_4th_proj_dahyeon/pkgs/wifi_interface/install/wifi_interface/share/ament_index/resource_index/packages/wifi_interface
[0.814s] -- Up-to-date: /home/ubuntu/intel-edge-ai-sw-8/2601_4th_proj_dahyeon/pkgs/wifi_interface/install/wifi_interface/share/wifi_interface/cmake/export_wifi_interface__rosidl_generator_cExport.cmake
[0.814s] -- Up-to-date: /home/ubuntu/intel-edge-ai-sw-8/2601_4th_proj_dahyeon/pkgs/wifi_interface/install/wifi_interface/share/wifi_interface/cmake/export_wifi_interface__rosidl_generator_cExport-noconfig.cmake
[0.815s] -- Up-to-date: /home/ubuntu/intel-edge-ai-sw-8/2601_4th_proj_dahyeon/pkgs/wifi_interface/install/wifi_interface/share/wifi_interface/cmake/export_wifi_interface__rosidl_typesupport_fastrtps_cExport.cmake
[0.815s] -- Up-to-date: /home/ubuntu/intel-edge-ai-sw-8/2601_4th_proj_dahyeon/pkgs/wifi_interface/install/wifi_interface/share/wifi_interface/cmake/export_wifi_interface__rosidl_typesupport_fastrtps_cExport-noconfig.cmake
[0.816s] -- Up-to-date: /home/ubuntu/intel-edge-ai-sw-8/2601_4th_proj_dahyeon/pkgs/wifi_interface/install/wifi_interface/share/wifi_interface/cmake/wifi_interface__rosidl_typesupport_introspection_cExport.cmake
[0.816s] -- Up-to-date: /home/ubuntu/intel-edge-ai-sw-8/2601_4th_proj_dahyeon/pkgs/wifi_interface/install/wifi_interface/share/wifi_interface/cmake/wifi_interface__rosidl_typesupport_introspection_cExport-noconfig.cmake
[0.821s] -- Up-to-date: /home/ubuntu/intel-edge-ai-sw-8/2601_4th_proj_dahyeon/pkgs/wifi_interface/install/wifi_interface/share/wifi_interface/cmake/wifi_interface__rosidl_typesupport_cExport.cmake
[0.821s] -- Up-to-date: /home/ubuntu/intel-edge-ai-sw-8/2601_4th_proj_dahyeon/pkgs/wifi_interface/install/wifi_interface/share/wifi_interface/cmake/wifi_interface__rosidl_typesupport_cExport-noconfig.cmake
[0.821s] -- Up-to-date: /home/ubuntu/intel-edge-ai-sw-8/2601_4th_proj_dahyeon/pkgs/wifi_interface/install/wifi_interface/share/wifi_interface/cmake/export_wifi_interface__rosidl_generator_cppExport.cmake
[0.821s] -- Up-to-date: /home/ubuntu/intel-edge-ai-sw-8/2601_4th_proj_dahyeon/pkgs/wifi_interface/install/wifi_interface/share/wifi_interface/cmake/export_wifi_interface__rosidl_typesupport_fastrtps_cppExport.cmake
[0.825s] -- Up-to-date: /home/ubuntu/intel-edge-ai-sw-8/2601_4th_proj_dahyeon/pkgs/wifi_interface/install/wifi_interface/share/wifi_interface/cmake/export_wifi_interface__rosidl_typesupport_fastrtps_cppExport-noconfig.cmake
[0.825s] -- Up-to-date: /home/ubuntu/intel-edge-ai-sw-8/2601_4th_proj_dahyeon/pkgs/wifi_interface/install/wifi_interface/share/wifi_interface/cmake/wifi_interface__rosidl_typesupport_introspection_cppExport.cmake
[0.825s] -- Up-to-date: /home/ubuntu/intel-edge-ai-sw-8/2601_4th_proj_dahyeon/pkgs/wifi_interface/install/wifi_interface/share/wifi_interface/cmake/wifi_interface__rosidl_typesupport_introspection_cppExport-noconfig.cmake
[0.825s] -- Up-to-date: /home/ubuntu/intel-edge-ai-sw-8/2601_4th_proj_dahyeon/pkgs/wifi_interface/install/wifi_interface/share/wifi_interface/cmake/wifi_interface__rosidl_typesupport_cppExport.cmake
[0.825s] -- Up-to-date: /home/ubuntu/intel-edge-ai-sw-8/2601_4th_proj_dahyeon/pkgs/wifi_interface/install/wifi_interface/share/wifi_interface/cmake/wifi_interface__rosidl_typesupport_cppExport-noconfig.cmake
[0.826s] -- Up-to-date: /home/ubuntu/intel-edge-ai-sw-8/2601_4th_proj_dahyeon/pkgs/wifi_interface/install/wifi_interface/share/wifi_interface/cmake/export_wifi_interface__rosidl_generator_pyExport.cmake
[0.826s] -- Up-to-date: /home/ubuntu/intel-edge-ai-sw-8/2601_4th_proj_dahyeon/pkgs/wifi_interface/install/wifi_interface/share/wifi_interface/cmake/export_wifi_interface__rosidl_generator_pyExport-noconfig.cmake
[0.826s] -- Up-to-date: /home/ubuntu/intel-edge-ai-sw-8/2601_4th_proj_dahyeon/pkgs/wifi_interface/install/wifi_interface/share/wifi_interface/cmake/rosidl_cmake-extras.cmake
[0.826s] -- Up-to-date: /home/ubuntu/intel-edge-ai-sw-8/2601_4th_proj_dahyeon/pkgs/wifi_interface/install/wifi_interface/share/wifi_interface/cmake/ament_cmake_export_dependencies-extras.cmake
[0.826s] -- Up-to-date: /home/ubuntu/intel-edge-ai-sw-8/2601_4th_proj_dahyeon/pkgs/wifi_interface/install/wifi_interface/share/wifi_interface/cmake/ament_cmake_export_include_directories-extras.cmake
[0.826s] -- Up-to-date: /home/ubuntu/intel-edge-ai-sw-8/2601_4th_proj_dahyeon/pkgs/wifi_interface/install/wifi_interface/share/wifi_interface/cmake/ament_cmake_export_libraries-extras.cmake
[0.826s] -- Up-to-date: /home/ubuntu/intel-edge-ai-sw-8/2601_4th_proj_dahyeon/pkgs/wifi_interface/install/wifi_interface/share/wifi_interface/cmake/ament_cmake_export_targets-extras.cmake
[0.827s] -- Up-to-date: /home/ubuntu/intel-edge-ai-sw-8/2601_4th_proj_dahyeon/pkgs/wifi_interface/install/wifi_interface/share/wifi_interface/cmake/rosidl_cmake_export_typesupport_targets-extras.cmake
[0.827s] -- Up-to-date: /home/ubuntu/intel-edge-ai-sw-8/2601_4th_proj_dahyeon/pkgs/wifi_interface/install/wifi_interface/share/wifi_interface/cmake/rosidl_cmake_export_typesupport_libraries-extras.cmake
[0.827s] -- Up-to-date: /home/ubuntu/intel-edge-ai-sw-8/2601_4th_proj_dahyeon/pkgs/wifi_interface/install/wifi_interface/share/wifi_interface/cmake/wifi_interfaceConfig.cmake
[0.827s] -- Up-to-date: /home/ubuntu/intel-edge-ai-sw-8/2601_4th_proj_dahyeon/pkgs/wifi_interface/install/wifi_interface/share/wifi_interface/cmake/wifi_interfaceConfig-version.cmake
[0.827s] -- Up-to-date: /home/ubuntu/intel-edge-ai-sw-8/2601_4th_proj_dahyeon/pkgs/wifi_interface/install/wifi_interface/share/wifi_interface/package.xml
[0.828s] Invoked command in '/home/ubuntu/intel-edge-ai-sw-8/2601_4th_proj_dahyeon/pkgs/wifi_interface/build/wifi_interface' returned '0': CMAKE_PREFIX_PATH=${CMAKE_PREFIX_PATH}:/home/ubuntu/turtlebot3_ws/install/turtlebot3_teleop:/home/ubuntu/turtlebot3_ws/install/turtlebot3_example:/home/ubuntu/turtlebot3_ws/install/my_waypoint:/home/ubuntu/turtlebot3_ws/install/my_comm_pkg:/opt/ros/humble /usr/bin/cmake --install /home/ubuntu/intel-edge-ai-sw-8/2601_4th_proj_dahyeon/pkgs/wifi_interface/build/wifi_interface
